<?xml version="1.0" encoding="UTF-8"?>
<!-- Generated by org.testng.reporters.JUnitXMLReporter -->
<testsuite ignored="0" hostname="AkashKhanna" failures="1" tests="1" name="Default test" time="0.423" errors="0" timestamp="2024-06-30T18:40:21 IST">
  <testcase classname="com.restfulbooker.apitest.Scenarios.LoginTest" name="validLoginTest" time="0.314">
    <failure type="java.lang.StackOverflowError">
      <![CDATA[java.lang.StackOverflowError
at com.restfulbooker.apitest.listeners.ExtentTestManager.startTest(ExtentTestManager.java:22)
at com.restfulbooker.apitest.listeners.ExtentTestManager.startTest(ExtentTestManager.java:22)
at com.restfulbooker.apitest.listeners.ExtentTestManager.startTest(ExtentTestManager.java:22)
at com.restfulbooker.apitest.listeners.ExtentTestManager.startTest(ExtentTestManager.java:22)
at com.restfulbooker.apitest.listeners.ExtentTestManager.startTest(ExtentTestManager.java:22)
at com.restfulbooker.apitest.listeners.ExtentTestManager.startTest(ExtentTestManager.java:22)
at com.restfulbooker.apitest.listeners.ExtentTestManager.startTest(ExtentTestManager.java:22)
at com.restfulbooker.apitest.listeners.ExtentTestManager.startTest(ExtentTestManager.java:22)
at com.restfulbooker.apitest.listeners.ExtentTestManager.startTest(ExtentTestManager.java:22)
at com.restfulbooker.apitest.listeners.ExtentTestManager.startTest(ExtentTestManager.java:22)
at com.restfulbooker.apitest.listeners.ExtentTestManager.startTest(ExtentTestManager.java:22)
at com.restfulbooker.apitest.listeners.ExtentTestManager.startTest(ExtentTestManager.java:22)
at com.restfulbooker.apitest.listeners.ExtentTestManager.startTest(ExtentTestManager.java:22)
at com.restfulbooker.apitest.listeners.ExtentTestManager.startTest(ExtentTestManager.java:22)
at com.restfulbooker.apitest.listeners.ExtentTestManager.startTest(ExtentTestManager.java:22)
at com.restfulbooker.apitest.listeners.ExtentTestManager.startTest(ExtentTestManager.java:22)
at com.restfulbooker.apitest.listeners.ExtentTestManager.startTest(ExtentTestManager.java:22)
at com.restfulbooker.apitest.listeners.ExtentTestManager.startTest(ExtentTestManager.java:22)
at com.restfulbooker.apitest.listeners.ExtentTestManager.startTest(ExtentTestManager.java:22)
at com.restfulbooker.apitest.listeners.ExtentTestManager.startTest(ExtentTestManager.java:22)
at com.restfulbooker.apitest.listeners.ExtentTestManager.startTest(ExtentTestManager.java:22)
at com.restfulbooker.apitest.listeners.ExtentTestManager.startTest(ExtentTestManager.java:22)
at com.restfulbooker.apitest.listeners.ExtentTestManager.startTest(ExtentTestManager.java:22)
at com.restfulbooker.apitest.listeners.ExtentTestManager.startTest(ExtentTestManager.java:22)
at com.restfulbooker.apitest.listeners.ExtentTestManager.startTest(ExtentTestManager.java:22)
at com.restfulbooker.apitest.listeners.ExtentTestManager.startTest(ExtentTestManager.java:22)
at com.restfulbooker.apitest.listeners.ExtentTestManager.startTest(ExtentTestManager.java:22)
at com.restfulbooker.apitest.listeners.ExtentTestManager.startTest(ExtentTestManager.java:22)
at com.restfulbooker.apitest.listeners.ExtentTestManager.startTest(ExtentTestManager.java:22)
at com.restfulbooker.apitest.listeners.ExtentTestManager.startTest(ExtentTestManager.java:22)
at com.restfulbooker.apitest.listeners.ExtentTestManager.startTest(ExtentTestManager.java:22)
at com.restfulbooker.apitest.listeners.ExtentTestManager.startTest(ExtentTestManager.java:22)
at com.restfulbooker.apitest.listeners.ExtentTestManager.startTest(ExtentTestManager.java:22)
at com.restfulbooker.apitest.listeners.ExtentTestManager.startTest(ExtentTestManager.java:22)
at com.restfulbooker.apitest.listeners.ExtentTestManager.startTest(ExtentTestManager.java:22)
at com.restfulbooker.apitest.listeners.ExtentTestManager.startTest(ExtentTestManager.java:22)
at com.restfulbooker.apitest.listeners.ExtentTestManager.startTest(ExtentTestManager.java:22)
at com.restfulbooker.apitest.listeners.ExtentTestManager.startTest(ExtentTestManager.java:22)
at com.restfulbooker.apitest.listeners.ExtentTestManager.startTest(ExtentTestManager.java:22)
at com.restfulbooker.apitest.listeners.ExtentTestManager.startTest(ExtentTestManager.java:22)
at com.restfulbooker.apitest.listeners.ExtentTestManager.startTest(ExtentTestManager.java:22)
at com.restfulbooker.apitest.listeners.ExtentTestManager.startTest(ExtentTestManager.java:22)
at com.restfulbooker.apitest.listeners.ExtentTestManager.startTest(ExtentTestManager.java:22)
at com.restfulbooker.apitest.listeners.ExtentTestManager.startTest(ExtentTestManager.java:22)
at com.restfulbooker.apitest.listeners.ExtentTestManager.startTest(ExtentTestManager.java:22)
at com.restfulbooker.apitest.listeners.ExtentTestManager.startTest(ExtentTestManager.java:22)
at com.restfulbooker.apitest.listeners.ExtentTestManager.startTest(ExtentTestManager.java:22)
at com.restfulbooker.apitest.listeners.ExtentTestManager.startTest(ExtentTestManager.java:22)
at com.restfulbooker.apitest.listeners.ExtentTestManager.startTest(ExtentTestManager.java:22)
at com.restfulbooker.apitest.listeners.ExtentTestManager.startTest(ExtentTestManager.java:22)
at com.restfulbooker.apitest.listeners.ExtentTestManager.startTest(ExtentTestManager.java:22)
at com.restfulbooker.apitest.listeners.ExtentTestManager.startTest(ExtentTestManager.java:22)
at com.restfulbooker.apitest.listeners.ExtentTestManager.startTest(ExtentTestManager.java:22)
at com.restfulbooker.apitest.listeners.ExtentTestManager.startTest(ExtentTestManager.java:22)
at com.restfulbooker.apitest.listeners.ExtentTestManager.startTest(ExtentTestManager.java:22)
at com.restfulbooker.apitest.listeners.ExtentTestManager.startTest(ExtentTestManager.java:22)
at com.restfulbooker.apitest.listeners.ExtentTestManager.startTest(ExtentTestManager.java:22)
at com.restfulbooker.apitest.listeners.ExtentTestManager.startTest(ExtentTestManager.java:22)
at com.restfulbooker.apitest.listeners.ExtentTestManager.startTest(ExtentTestManager.java:22)
at com.restfulbooker.apitest.listeners.ExtentTestManager.startTest(ExtentTestManager.java:22)
at com.restfulbooker.apitest.listeners.ExtentTestManager.startTest(ExtentTestManager.java:22)
at com.restfulbooker.apitest.listeners.ExtentTestManager.startTest(ExtentTestManager.java:22)
at com.restfulbooker.apitest.listeners.ExtentTestManager.startTest(ExtentTestManager.java:22)
at com.restfulbooker.apitest.listeners.ExtentTestManager.startTest(ExtentTestManager.java:22)
at com.restfulbooker.apitest.listeners.ExtentTestManager.startTest(ExtentTestManager.java:22)
at com.restfulbooker.apitest.listeners.ExtentTestManager.startTest(ExtentTestManager.java:22)
at com.restfulbooker.apitest.listeners.ExtentTestManager.startTest(ExtentTestManager.java:22)
at com.restfulbooker.apitest.listeners.ExtentTestManager.startTest(ExtentTestManager.java:22)
at com.restfulbooker.apitest.listeners.ExtentTestManager.startTest(ExtentTestManager.java:22)
at com.restfulbooker.apitest.listeners.ExtentTestManager.startTest(ExtentTestManager.java:22)
at com.restfulbooker.apitest.listeners.ExtentTestManager.startTest(ExtentTestManager.java:22)
at com.restfulbooker.apitest.listeners.ExtentTestManager.startTest(ExtentTestManager.java:22)
at com.restfulbooker.apitest.listeners.ExtentTestManager.startTest(ExtentTestManager.java:22)
at com.restfulbooker.apitest.listeners.ExtentTestManager.startTest(ExtentTestManager.java:22)
at com.restfulbooker.apitest.listeners.ExtentTestManager.startTest(ExtentTestManager.java:22)
at com.restfulbooker.apitest.listeners.ExtentTestManager.startTest(ExtentTestManager.java:22)
at com.restfulbooker.apitest.listeners.ExtentTestManager.startTest(ExtentTestManager.java:22)
at com.restfulbooker.apitest.listeners.ExtentTestManager.startTest(ExtentTestManager.java:22)
at com.restfulbooker.apitest.listeners.ExtentTestManager.startTest(ExtentTestManager.java:22)
at com.restfulbooker.apitest.listeners.ExtentTestManager.startTest(ExtentTestManager.java:22)
at com.restfulbooker.apitest.listeners.ExtentTestManager.startTest(ExtentTestManager.java:22)
at com.restfulbooker.apitest.listeners.ExtentTestManager.startTest(ExtentTestManager.java:22)
at com.restfulbooker.apitest.listeners.ExtentTestManager.startTest(ExtentTestManager.java:22)
at com.restfulbooker.apitest.listeners.ExtentTestManager.startTest(ExtentTestManager.java:22)
at com.restfulbooker.apitest.listeners.ExtentTestManager.startTest(ExtentTestManager.java:22)
at com.restfulbooker.apitest.listeners.ExtentTestManager.startTest(ExtentTestManager.java:22)
at com.restfulbooker.apitest.listeners.ExtentTestManager.startTest(ExtentTestManager.java:22)
at com.restfulbooker.apitest.listeners.ExtentTestManager.startTest(ExtentTestManager.java:22)
at com.restfulbooker.apitest.listeners.ExtentTestManager.startTest(ExtentTestManager.java:22)
at com.restfulbooker.apitest.listeners.ExtentTestManager.startTest(ExtentTestManager.java:22)
at com.restfulbooker.apitest.listeners.ExtentTestManager.startTest(ExtentTestManager.java:22)
at com.restfulbooker.apitest.listeners.ExtentTestManager.startTest(ExtentTestManager.java:22)
at com.restfulbooker.apitest.listeners.ExtentTestManager.startTest(ExtentTestManager.java:22)
at com.restfulbooker.apitest.listeners.ExtentTestManager.startTest(ExtentTestManager.java:22)
at com.restfulbooker.apitest.listeners.ExtentTestManager.startTest(ExtentTestManager.java:22)
at com.restfulbooker.apitest.listeners.ExtentTestManager.startTest(ExtentTestManager.java:22)
at com.restfulbooker.apitest.listeners.ExtentTestManager.startTest(ExtentTestManager.java:22)
at com.restfulbooker.apitest.listeners.ExtentTestManager.startTest(ExtentTestManager.java:22)
at com.restfulbooker.apitest.listeners.ExtentTestManager.startTest(ExtentTestManager.java:22)
at com.restfulbooker.apitest.listeners.ExtentTestManager.startTest(ExtentTestManager.java:22)
at com.restfulbooker.apitest.listeners.ExtentTestManager.startTest(ExtentTestManager.java:22)
at com.restfulbooker.apitest.listeners.ExtentTestManager.startTest(ExtentTestManager.java:22)
at com.restfulbooker.apitest.listeners.ExtentTestManager.startTest(ExtentTestManager.java:22)
at com.restfulbooker.apitest.listeners.ExtentTestManager.startTest(ExtentTestManager.java:22)
at com.restfulbooker.apitest.listeners.ExtentTestManager.startTest(ExtentTestManager.java:22)
at com.restfulbooker.apitest.listeners.ExtentTestManager.startTest(ExtentTestManager.java:22)
at com.restfulbooker.apitest.listeners.ExtentTestManager.startTest(ExtentTestManager.java:22)
at com.restfulbooker.apitest.listeners.ExtentTestManager.startTest(ExtentTestManager.java:22)
at com.restfulbooker.apitest.listeners.ExtentTestManager.startTest(ExtentTestManager.java:22)
at com.restfulbooker.apitest.listeners.ExtentTestManager.startTest(ExtentTestManager.java:22)
at com.restfulbooker.apitest.listeners.ExtentTestManager.startTest(ExtentTestManager.java:22)
at com.restfulbooker.apitest.listeners.ExtentTestManager.startTest(ExtentTestManager.java:22)
at com.restfulbooker.apitest.listeners.ExtentTestManager.startTest(ExtentTestManager.java:22)
at com.restfulbooker.apitest.listeners.ExtentTestManager.startTest(ExtentTestManager.java:22)
at com.restfulbooker.apitest.listeners.ExtentTestManager.startTest(ExtentTestManager.java:22)
at com.restfulbooker.apitest.listeners.ExtentTestManager.startTest(ExtentTestManager.java:22)
at com.restfulbooker.apitest.listeners.ExtentTestManager.startTest(ExtentTestManager.java:22)
at com.restfulbooker.apitest.listeners.ExtentTestManager.startTest(ExtentTestManager.java:22)
at com.restfulbooker.apitest.listeners.ExtentTestManager.startTest(ExtentTestManager.java:22)
at com.restfulbooker.apitest.listeners.ExtentTestManager.startTest(ExtentTestManager.java:22)
at com.restfulbooker.apitest.listeners.ExtentTestManager.startTest(ExtentTestManager.java:22)
at com.restfulbooker.apitest.listeners.ExtentTestManager.startTest(ExtentTestManager.java:22)
at com.restfulbooker.apitest.listeners.ExtentTestManager.startTest(ExtentTestManager.java:22)
at com.restfulbooker.apitest.listeners.ExtentTestManager.startTest(ExtentTestManager.java:22)
at com.restfulbooker.apitest.listeners.ExtentTestManager.startTest(ExtentTestManager.java:22)
at com.restfulbooker.apitest.listeners.ExtentTestManager.startTest(ExtentTestManager.java:22)
at com.restfulbooker.apitest.listeners.ExtentTestManager.startTest(ExtentTestManager.java:22)
at com.restfulbooker.apitest.listeners.ExtentTestManager.startTest(ExtentTestManager.java:22)
at com.restfulbooker.apitest.listeners.ExtentTestManager.startTest(ExtentTestManager.java:22)
at com.restfulbooker.apitest.listeners.ExtentTestManager.startTest(ExtentTestManager.java:22)
at com.restfulbooker.apitest.listeners.ExtentTestManager.startTest(ExtentTestManager.java:22)
at com.restfulbooker.apitest.listeners.ExtentTestManager.startTest(ExtentTestManager.java:22)
at com.restfulbooker.apitest.listeners.ExtentTestManager.startTest(ExtentTestManager.java:22)
at com.restfulbooker.apitest.listeners.ExtentTestManager.startTest(ExtentTestManager.java:22)
at com.restfulbooker.apitest.listeners.ExtentTestManager.startTest(ExtentTestManager.java:22)
at com.restfulbooker.apitest.listeners.ExtentTestManager.startTest(ExtentTestManager.java:22)
at com.restfulbooker.apitest.listeners.ExtentTestManager.startTest(ExtentTestManager.java:22)
at com.restfulbooker.apitest.listeners.ExtentTestManager.startTest(ExtentTestManager.java:22)
at com.restfulbooker.apitest.listeners.ExtentTestManager.startTest(ExtentTestManager.java:22)
at com.restfulbooker.apitest.listeners.ExtentTestManager.startTest(ExtentTestManager.java:22)
at com.restfulbooker.apitest.listeners.ExtentTestManager.startTest(ExtentTestManager.java:22)
at com.restfulbooker.apitest.listeners.ExtentTestManager.startTest(ExtentTestManager.java:22)
at com.restfulbooker.apitest.listeners.ExtentTestManager.startTest(ExtentTestManager.java:22)
at com.restfulbooker.apitest.listeners.ExtentTestManager.startTest(ExtentTestManager.java:22)
at com.restfulbooker.apitest.listeners.ExtentTestManager.startTest(ExtentTestManager.java:22)
at com.restfulbooker.apitest.listeners.ExtentTestManager.startTest(ExtentTestManager.java:22)
at com.restfulbooker.apitest.listeners.ExtentTestManager.startTest(ExtentTestManager.java:22)
at com.restfulbooker.apitest.listeners.ExtentTestManager.startTest(ExtentTestManager.java:22)
at com.restfulbooker.apitest.listeners.ExtentTestManager.startTest(ExtentTestManager.java:22)
at com.restfulbooker.apitest.listeners.ExtentTestManager.startTest(ExtentTestManager.java:22)
at com.restfulbooker.apitest.listeners.ExtentTestManager.startTest(ExtentTestManager.java:22)
at com.restfulbooker.apitest.listeners.ExtentTestManager.startTest(ExtentTestManager.java:22)
at com.restfulbooker.apitest.listeners.ExtentTestManager.startTest(ExtentTestManager.java:22)
at com.restfulbooker.apitest.listeners.ExtentTestManager.startTest(ExtentTestManager.java:22)
at com.restfulbooker.apitest.listeners.ExtentTestManager.startTest(ExtentTestManager.java:22)
at com.restfulbooker.apitest.listeners.ExtentTestManager.startTest(ExtentTestManager.java:22)
at com.restfulbooker.apitest.listeners.ExtentTestManager.startTest(ExtentTestManager.java:22)
at com.restfulbooker.apitest.listeners.ExtentTestManager.startTest(ExtentTestManager.java:22)
at com.restfulbooker.apitest.listeners.ExtentTestManager.startTest(ExtentTestManager.java:22)
at com.restfulbooker.apitest.listeners.ExtentTestManager.startTest(ExtentTestManager.java:22)
at com.restfulbooker.apitest.listeners.ExtentTestManager.startTest(ExtentTestManager.java:22)
at com.restfulbooker.apitest.listeners.ExtentTestManager.startTest(ExtentTestManager.java:22)
at com.restfulbooker.apitest.listeners.ExtentTestManager.startTest(ExtentTestManager.java:22)
at com.restfulbooker.apitest.listeners.ExtentTestManager.startTest(ExtentTestManager.java:22)
at com.restfulbooker.apitest.listeners.ExtentTestManager.startTest(ExtentTestManager.java:22)
at com.restfulbooker.apitest.listeners.ExtentTestManager.startTest(ExtentTestManager.java:22)
at com.restfulbooker.apitest.listeners.ExtentTestManager.startTest(ExtentTestManager.java:22)
at com.restfulbooker.apitest.listeners.ExtentTestManager.startTest(ExtentTestManager.java:22)
at com.restfulbooker.apitest.listeners.ExtentTestManager.startTest(ExtentTestManager.java:22)
at com.restfulbooker.apitest.listeners.ExtentTestManager.startTest(ExtentTestManager.java:22)
at com.restfulbooker.apitest.listeners.ExtentTestManager.startTest(ExtentTestManager.java:22)
at com.restfulbooker.apitest.listeners.ExtentTestManager.startTest(ExtentTestManager.java:22)
at com.restfulbooker.apitest.listeners.ExtentTestManager.startTest(ExtentTestManager.java:22)
at com.restfulbooker.apitest.listeners.ExtentTestManager.startTest(ExtentTestManager.java:22)
at com.restfulbooker.apitest.listeners.ExtentTestManager.startTest(ExtentTestManager.java:22)
at com.restfulbooker.apitest.listeners.ExtentTestManager.startTest(ExtentTestManager.java:22)
at com.restfulbooker.apitest.listeners.ExtentTestManager.startTest(ExtentTestManager.java:22)
at com.restfulbooker.apitest.listeners.ExtentTestManager.startTest(ExtentTestManager.java:22)
at com.restfulbooker.apitest.listeners.ExtentTestManager.startTest(ExtentTestManager.java:22)
at com.restfulbooker.apitest.listeners.ExtentTestManager.startTest(ExtentTestManager.java:22)
at com.restfulbooker.apitest.listeners.ExtentTestManager.startTest(ExtentTestManager.java:22)
at com.restfulbooker.apitest.listeners.ExtentTestManager.startTest(ExtentTestManager.java:22)
at com.restfulbooker.apitest.listeners.ExtentTestManager.startTest(ExtentTestManager.java:22)
at com.restfulbooker.apitest.listeners.ExtentTestManager.startTest(ExtentTestManager.java:22)
at com.restfulbooker.apitest.listeners.ExtentTestManager.startTest(ExtentTestManager.java:22)
at com.restfulbooker.apitest.listeners.ExtentTestManager.startTest(ExtentTestManager.java:22)
at com.restfulbooker.apitest.listeners.ExtentTestManager.startTest(ExtentTestManager.java:22)
at com.restfulbooker.apitest.listeners.ExtentTestManager.startTest(ExtentTestManager.java:22)
at com.restfulbooker.apitest.listeners.ExtentTestManager.startTest(ExtentTestManager.java:22)
at com.restfulbooker.apitest.listeners.ExtentTestManager.startTest(ExtentTestManager.java:22)
at com.restfulbooker.apitest.listeners.ExtentTestManager.startTest(ExtentTestManager.java:22)
at com.restfulbooker.apitest.listeners.ExtentTestManager.startTest(ExtentTestManager.java:22)
at com.restfulbooker.apitest.listeners.ExtentTestManager.startTest(ExtentTestManager.java:22)
at com.restfulbooker.apitest.listeners.ExtentTestManager.startTest(ExtentTestManager.java:22)
at com.restfulbooker.apitest.listeners.ExtentTestManager.startTest(ExtentTestManager.java:22)
at com.restfulbooker.apitest.listeners.ExtentTestManager.startTest(ExtentTestManager.java:22)
at com.restfulbooker.apitest.listeners.ExtentTestManager.startTest(ExtentTestManager.java:22)
at com.restfulbooker.apitest.listeners.ExtentTestManager.startTest(ExtentTestManager.java:22)
at com.restfulbooker.apitest.listeners.ExtentTestManager.startTest(ExtentTestManager.java:22)
at com.restfulbooker.apitest.listeners.ExtentTestManager.startTest(ExtentTestManager.java:22)
at com.restfulbooker.apitest.listeners.ExtentTestManager.startTest(ExtentTestManager.java:22)
at com.restfulbooker.apitest.listeners.ExtentTestManager.startTest(ExtentTestManager.java:22)
at com.restfulbooker.apitest.listeners.ExtentTestManager.startTest(ExtentTestManager.java:22)
at com.restfulbooker.apitest.listeners.ExtentTestManager.startTest(ExtentTestManager.java:22)
at com.restfulbooker.apitest.listeners.ExtentTestManager.startTest(ExtentTestManager.java:22)
at com.restfulbooker.apitest.listeners.ExtentTestManager.startTest(ExtentTestManager.java:22)
at com.restfulbooker.apitest.listeners.ExtentTestManager.startTest(ExtentTestManager.java:22)
at com.restfulbooker.apitest.listeners.ExtentTestManager.startTest(ExtentTestManager.java:22)
at com.restfulbooker.apitest.listeners.ExtentTestManager.startTest(ExtentTestManager.java:22)
at com.restfulbooker.apitest.listeners.ExtentTestManager.startTest(ExtentTestManager.java:22)
at com.restfulbooker.apitest.listeners.ExtentTestManager.startTest(ExtentTestManager.java:22)
at com.restfulbooker.apitest.listeners.ExtentTestManager.startTest(ExtentTestManager.java:22)
at com.restfulbooker.apitest.listeners.ExtentTestManager.startTest(ExtentTestManager.java:22)
at com.restfulbooker.apitest.listeners.ExtentTestManager.startTest(ExtentTestManager.java:22)
at com.restfulbooker.apitest.listeners.ExtentTestManager.startTest(ExtentTestManager.java:22)
at com.restfulbooker.apitest.listeners.ExtentTestManager.startTest(ExtentTestManager.java:22)
at com.restfulbooker.apitest.listeners.ExtentTestManager.startTest(ExtentTestManager.java:22)
at com.restfulbooker.apitest.listeners.ExtentTestManager.startTest(ExtentTestManager.java:22)
at com.restfulbooker.apitest.listeners.ExtentTestManager.startTest(ExtentTestManager.java:22)
at com.restfulbooker.apitest.listeners.ExtentTestManager.startTest(ExtentTestManager.java:22)
at com.restfulbooker.apitest.listeners.ExtentTestManager.startTest(ExtentTestManager.java:22)
at com.restfulbooker.apitest.listeners.ExtentTestManager.startTest(ExtentTestManager.java:22)
at com.restfulbooker.apitest.listeners.ExtentTestManager.startTest(ExtentTestManager.java:22)
at com.restfulbooker.apitest.listeners.ExtentTestManager.startTest(ExtentTestManager.java:22)
at com.restfulbooker.apitest.listeners.ExtentTestManager.startTest(ExtentTestManager.java:22)
at com.restfulbooker.apitest.listeners.ExtentTestManager.startTest(ExtentTestManager.java:22)
at com.restfulbooker.apitest.listeners.ExtentTestManager.startTest(ExtentTestManager.java:22)
at com.restfulbooker.apitest.listeners.ExtentTestManager.startTest(ExtentTestManager.java:22)
at com.restfulbooker.apitest.listeners.ExtentTestManager.startTest(ExtentTestManager.java:22)
at com.restfulbooker.apitest.listeners.ExtentTestManager.startTest(ExtentTestManager.java:22)
at com.restfulbooker.apitest.listeners.ExtentTestManager.startTest(ExtentTestManager.java:22)
at com.restfulbooker.apitest.listeners.ExtentTestManager.startTest(ExtentTestManager.java:22)
at com.restfulbooker.apitest.listeners.ExtentTestManager.startTest(ExtentTestManager.java:22)
at com.restfulbooker.apitest.listeners.ExtentTestManager.startTest(ExtentTestManager.java:22)
at com.restfulbooker.apitest.listeners.ExtentTestManager.startTest(ExtentTestManager.java:22)
at com.restfulbooker.apitest.listeners.ExtentTestManager.startTest(ExtentTestManager.java:22)
at com.restfulbooker.apitest.listeners.ExtentTestManager.startTest(ExtentTestManager.java:22)
at com.restfulbooker.apitest.listeners.ExtentTestManager.startTest(ExtentTestManager.java:22)
at com.restfulbooker.apitest.listeners.ExtentTestManager.startTest(ExtentTestManager.java:22)
at com.restfulbooker.apitest.listeners.ExtentTestManager.startTest(ExtentTestManager.java:22)
at com.restfulbooker.apitest.listeners.ExtentTestManager.startTest(ExtentTestManager.java:22)
at com.restfulbooker.apitest.listeners.ExtentTestManager.startTest(ExtentTestManager.java:22)
at com.restfulbooker.apitest.listeners.ExtentTestManager.startTest(ExtentTestManager.java:22)
at com.restfulbooker.apitest.listeners.ExtentTestManager.startTest(ExtentTestManager.java:22)
at com.restfulbooker.apitest.listeners.ExtentTestManager.startTest(ExtentTestManager.java:22)
at com.restfulbooker.apitest.listeners.ExtentTestManager.startTest(ExtentTestManager.java:22)
at com.restfulbooker.apitest.listeners.ExtentTestManager.startTest(ExtentTestManager.java:22)
at com.restfulbooker.apitest.listeners.ExtentTestManager.startTest(ExtentTestManager.java:22)
at com.restfulbooker.apitest.listeners.ExtentTestManager.startTest(ExtentTestManager.java:22)
at com.restfulbooker.apitest.listeners.ExtentTestManager.startTest(ExtentTestManager.java:22)
at com.restfulbooker.apitest.listeners.ExtentTestManager.startTest(ExtentTestManager.java:22)
at com.restfulbooker.apitest.listeners.ExtentTestManager.startTest(ExtentTestManager.java:22)
at com.restfulbooker.apitest.listeners.ExtentTestManager.startTest(ExtentTestManager.java:22)
at com.restfulbooker.apitest.listeners.ExtentTestManager.startTest(ExtentTestManager.java:22)
at com.restfulbooker.apitest.listeners.ExtentTestManager.startTest(ExtentTestManager.java:22)
at com.restfulbooker.apitest.listeners.ExtentTestManager.startTest(ExtentTestManager.java:22)
at com.restfulbooker.apitest.listeners.ExtentTestManager.startTest(ExtentTestManager.java:22)
at com.restfulbooker.apitest.listeners.ExtentTestManager.startTest(ExtentTestManager.java:22)
at com.restfulbooker.apitest.listeners.ExtentTestManager.startTest(ExtentTestManager.java:22)
at com.restfulbooker.apitest.listeners.ExtentTestManager.startTest(ExtentTestManager.java:22)
at com.restfulbooker.apitest.listeners.ExtentTestManager.startTest(ExtentTestManager.java:22)
at com.restfulbooker.apitest.listeners.ExtentTestManager.startTest(ExtentTestManager.java:22)
at com.restfulbooker.apitest.listeners.ExtentTestManager.startTest(ExtentTestManager.java:22)
at com.restfulbooker.apitest.listeners.ExtentTestManager.startTest(ExtentTestManager.java:22)
at com.restfulbooker.apitest.listeners.ExtentTestManager.startTest(ExtentTestManager.java:22)
at com.restfulbooker.apitest.listeners.ExtentTestManager.startTest(ExtentTestManager.java:22)
at com.restfulbooker.apitest.listeners.ExtentTestManager.startTest(ExtentTestManager.java:22)
at com.restfulbooker.apitest.listeners.ExtentTestManager.startTest(ExtentTestManager.java:22)
at com.restfulbooker.apitest.listeners.ExtentTestManager.startTest(ExtentTestManager.java:22)
at com.restfulbooker.apitest.listeners.ExtentTestManager.startTest(ExtentTestManager.java:22)
at com.restfulbooker.apitest.listeners.ExtentTestManager.startTest(ExtentTestManager.java:22)
at com.restfulbooker.apitest.listeners.ExtentTestManager.startTest(ExtentTestManager.java:22)
at com.restfulbooker.apitest.listeners.ExtentTestManager.startTest(ExtentTestManager.java:22)
at com.restfulbooker.apitest.listeners.ExtentTestManager.startTest(ExtentTestManager.java:22)
at com.restfulbooker.apitest.listeners.ExtentTestManager.startTest(ExtentTestManager.java:22)
at com.restfulbooker.apitest.listeners.ExtentTestManager.startTest(ExtentTestManager.java:22)
at com.restfulbooker.apitest.listeners.ExtentTestManager.startTest(ExtentTestManager.java:22)
at com.restfulbooker.apitest.listeners.ExtentTestManager.startTest(ExtentTestManager.java:22)
at com.restfulbooker.apitest.listeners.ExtentTestManager.startTest(ExtentTestManager.java:22)
at com.restfulbooker.apitest.listeners.ExtentTestManager.startTest(ExtentTestManager.java:22)
at com.restfulbooker.apitest.listeners.ExtentTestManager.startTest(ExtentTestManager.java:22)
at com.restfulbooker.apitest.listeners.ExtentTestManager.startTest(ExtentTestManager.java:22)
at com.restfulbooker.apitest.listeners.ExtentTestManager.startTest(ExtentTestManager.java:22)
at com.restfulbooker.apitest.listeners.ExtentTestManager.startTest(ExtentTestManager.java:22)
at com.restfulbooker.apitest.listeners.ExtentTestManager.startTest(ExtentTestManager.java:22)
at com.restfulbooker.apitest.listeners.ExtentTestManager.startTest(ExtentTestManager.java:22)
at com.restfulbooker.apitest.listeners.ExtentTestManager.startTest(ExtentTestManager.java:22)
at com.restfulbooker.apitest.listeners.ExtentTestManager.startTest(ExtentTestManager.java:22)
at com.restfulbooker.apitest.listeners.ExtentTestManager.startTest(ExtentTestManager.java:22)
at com.restfulbooker.apitest.listeners.ExtentTestManager.startTest(ExtentTestManager.java:22)
at com.restfulbooker.apitest.listeners.ExtentTestManager.startTest(ExtentTestManager.java:22)
at com.restfulbooker.apitest.listeners.ExtentTestManager.startTest(ExtentTestManager.java:22)
at com.restfulbooker.apitest.listeners.ExtentTestManager.startTest(ExtentTestManager.java:22)
at com.restfulbooker.apitest.listeners.ExtentTestManager.startTest(ExtentTestManager.java:22)
at com.restfulbooker.apitest.listeners.ExtentTestManager.startTest(ExtentTestManager.java:22)
at com.restfulbooker.apitest.listeners.ExtentTestManager.startTest(ExtentTestManager.java:22)
at com.restfulbooker.apitest.listeners.ExtentTestManager.startTest(ExtentTestManager.java:22)
at com.restfulbooker.apitest.listeners.ExtentTestManager.startTest(ExtentTestManager.java:22)
at com.restfulbooker.apitest.listeners.ExtentTestManager.startTest(ExtentTestManager.java:22)
at com.restfulbooker.apitest.listeners.ExtentTestManager.startTest(ExtentTestManager.java:22)
at com.restfulbooker.apitest.listeners.ExtentTestManager.startTest(ExtentTestManager.java:22)
at com.restfulbooker.apitest.listeners.ExtentTestManager.startTest(ExtentTestManager.java:22)
at com.restfulbooker.apitest.listeners.ExtentTestManager.startTest(ExtentTestManager.java:22)
at com.restfulbooker.apitest.listeners.ExtentTestManager.startTest(ExtentTestManager.java:22)
at com.restfulbooker.apitest.listeners.ExtentTestManager.startTest(ExtentTestManager.java:22)
at com.restfulbooker.apitest.listeners.ExtentTestManager.startTest(ExtentTestManager.java:22)
at com.restfulbooker.apitest.listeners.ExtentTestManager.startTest(ExtentTestManager.java:22)
at com.restfulbooker.apitest.listeners.ExtentTestManager.startTest(ExtentTestManager.java:22)
at com.restfulbooker.apitest.listeners.ExtentTestManager.startTest(ExtentTestManager.java:22)
at com.restfulbooker.apitest.listeners.ExtentTestManager.startTest(ExtentTestManager.java:22)
at com.restfulbooker.apitest.listeners.ExtentTestManager.startTest(ExtentTestManager.java:22)
at com.restfulbooker.apitest.listeners.ExtentTestManager.startTest(ExtentTestManager.java:22)
at com.restfulbooker.apitest.listeners.ExtentTestManager.startTest(ExtentTestManager.java:22)
at com.restfulbooker.apitest.listeners.ExtentTestManager.startTest(ExtentTestManager.java:22)
at com.restfulbooker.apitest.listeners.ExtentTestManager.startTest(ExtentTestManager.java:22)
at com.restfulbooker.apitest.listeners.ExtentTestManager.startTest(ExtentTestManager.java:22)
at com.restfulbooker.apitest.listeners.ExtentTestManager.startTest(ExtentTestManager.java:22)
at com.restfulbooker.apitest.listeners.ExtentTestManager.startTest(ExtentTestManager.java:22)
at com.restfulbooker.apitest.listeners.ExtentTestManager.startTest(ExtentTestManager.java:22)
at com.restfulbooker.apitest.listeners.ExtentTestManager.startTest(ExtentTestManager.java:22)
at com.restfulbooker.apitest.listeners.ExtentTestManager.startTest(ExtentTestManager.java:22)
at com.restfulbooker.apitest.listeners.ExtentTestManager.startTest(ExtentTestManager.java:22)
at com.restfulbooker.apitest.listeners.ExtentTestManager.startTest(ExtentTestManager.java:22)
at com.restfulbooker.apitest.listeners.ExtentTestManager.startTest(ExtentTestManager.java:22)
at com.restfulbooker.apitest.listeners.ExtentTestManager.startTest(ExtentTestManager.java:22)
at com.restfulbooker.apitest.listeners.ExtentTestManager.startTest(ExtentTestManager.java:22)
at com.restfulbooker.apitest.listeners.ExtentTestManager.startTest(ExtentTestManager.java:22)
at com.restfulbooker.apitest.listeners.ExtentTestManager.startTest(ExtentTestManager.java:22)
at com.restfulbooker.apitest.listeners.ExtentTestManager.startTest(ExtentTestManager.java:22)
at com.restfulbooker.apitest.listeners.ExtentTestManager.startTest(ExtentTestManager.java:22)
at com.restfulbooker.apitest.listeners.ExtentTestManager.startTest(ExtentTestManager.java:22)
at com.restfulbooker.apitest.listeners.ExtentTestManager.startTest(ExtentTestManager.java:22)
at com.restfulbooker.apitest.listeners.ExtentTestManager.startTest(ExtentTestManager.java:22)
at com.restfulbooker.apitest.listeners.ExtentTestManager.startTest(ExtentTestManager.java:22)
at com.restfulbooker.apitest.listeners.ExtentTestManager.startTest(ExtentTestManager.java:22)
at com.restfulbooker.apitest.listeners.ExtentTestManager.startTest(ExtentTestManager.java:22)
at com.restfulbooker.apitest.listeners.ExtentTestManager.startTest(ExtentTestManager.java:22)
at com.restfulbooker.apitest.listeners.ExtentTestManager.startTest(ExtentTestManager.java:22)
at com.restfulbooker.apitest.listeners.ExtentTestManager.startTest(ExtentTestManager.java:22)
at com.restfulbooker.apitest.listeners.ExtentTestManager.startTest(ExtentTestManager.java:22)
at com.restfulbooker.apitest.listeners.ExtentTestManager.startTest(ExtentTestManager.java:22)
at com.restfulbooker.apitest.listeners.ExtentTestManager.startTest(ExtentTestManager.java:22)
at com.restfulbooker.apitest.listeners.ExtentTestManager.startTest(ExtentTestManager.java:22)
at com.restfulbooker.apitest.listeners.ExtentTestManager.startTest(ExtentTestManager.java:22)
at com.restfulbooker.apitest.listeners.ExtentTestManager.startTest(ExtentTestManager.java:22)
at com.restfulbooker.apitest.listeners.ExtentTestManager.startTest(ExtentTestManager.java:22)
at com.restfulbooker.apitest.listeners.ExtentTestManager.startTest(ExtentTestManager.java:22)
at com.restfulbooker.apitest.listeners.ExtentTestManager.startTest(ExtentTestManager.java:22)
at com.restfulbooker.apitest.listeners.ExtentTestManager.startTest(ExtentTestManager.java:22)
at com.restfulbooker.apitest.listeners.ExtentTestManager.startTest(ExtentTestManager.java:22)
at com.restfulbooker.apitest.listeners.ExtentTestManager.startTest(ExtentTestManager.java:22)
at com.restfulbooker.apitest.listeners.ExtentTestManager.startTest(ExtentTestManager.java:22)
at com.restfulbooker.apitest.listeners.ExtentTestManager.startTest(ExtentTestManager.java:22)
at com.restfulbooker.apitest.listeners.ExtentTestManager.startTest(ExtentTestManager.java:22)
at com.restfulbooker.apitest.listeners.ExtentTestManager.startTest(ExtentTestManager.java:22)
at com.restfulbooker.apitest.listeners.ExtentTestManager.startTest(ExtentTestManager.java:22)
at com.restfulbooker.apitest.listeners.ExtentTestManager.startTest(ExtentTestManager.java:22)
at com.restfulbooker.apitest.listeners.ExtentTestManager.startTest(ExtentTestManager.java:22)
at com.restfulbooker.apitest.listeners.ExtentTestManager.startTest(ExtentTestManager.java:22)
at com.restfulbooker.apitest.listeners.ExtentTestManager.startTest(ExtentTestManager.java:22)
at com.restfulbooker.apitest.listeners.ExtentTestManager.startTest(ExtentTestManager.java:22)
at com.restfulbooker.apitest.listeners.ExtentTestManager.startTest(ExtentTestManager.java:22)
at com.restfulbooker.apitest.listeners.ExtentTestManager.startTest(ExtentTestManager.java:22)
at com.restfulbooker.apitest.listeners.ExtentTestManager.startTest(ExtentTestManager.java:22)
at com.restfulbooker.apitest.listeners.ExtentTestManager.startTest(ExtentTestManager.java:22)
at com.restfulbooker.apitest.listeners.ExtentTestManager.startTest(ExtentTestManager.java:22)
at com.restfulbooker.apitest.listeners.ExtentTestManager.startTest(ExtentTestManager.java:22)
at com.restfulbooker.apitest.listeners.ExtentTestManager.startTest(ExtentTestManager.java:22)
at com.restfulbooker.apitest.listeners.ExtentTestManager.startTest(ExtentTestManager.java:22)
at com.restfulbooker.apitest.listeners.ExtentTestManager.startTest(ExtentTestManager.java:22)
at com.restfulbooker.apitest.listeners.ExtentTestManager.startTest(ExtentTestManager.java:22)
at com.restfulbooker.apitest.listeners.ExtentTestManager.startTest(ExtentTestManager.java:22)
at com.restfulbooker.apitest.listeners.ExtentTestManager.startTest(ExtentTestManager.java:22)
at com.restfulbooker.apitest.listeners.ExtentTestManager.startTest(ExtentTestManager.java:22)
at com.restfulbooker.apitest.listeners.ExtentTestManager.startTest(ExtentTestManager.java:22)
at com.restfulbooker.apitest.listeners.ExtentTestManager.startTest(ExtentTestManager.java:22)
at com.restfulbooker.apitest.listeners.ExtentTestManager.startTest(ExtentTestManager.java:22)
at com.restfulbooker.apitest.listeners.ExtentTestManager.startTest(ExtentTestManager.java:22)
at com.restfulbooker.apitest.listeners.ExtentTestManager.startTest(ExtentTestManager.java:22)
at com.restfulbooker.apitest.listeners.ExtentTestManager.startTest(ExtentTestManager.java:22)
at com.restfulbooker.apitest.listeners.ExtentTestManager.startTest(ExtentTestManager.java:22)
at com.restfulbooker.apitest.listeners.ExtentTestManager.startTest(ExtentTestManager.java:22)
at com.restfulbooker.apitest.listeners.ExtentTestManager.startTest(ExtentTestManager.java:22)
at com.restfulbooker.apitest.listeners.ExtentTestManager.startTest(ExtentTestManager.java:22)
at com.restfulbooker.apitest.listeners.ExtentTestManager.startTest(ExtentTestManager.java:22)
at com.restfulbooker.apitest.listeners.ExtentTestManager.startTest(ExtentTestManager.java:22)
at com.restfulbooker.apitest.listeners.ExtentTestManager.startTest(ExtentTestManager.java:22)
at com.restfulbooker.apitest.listeners.ExtentTestManager.startTest(ExtentTestManager.java:22)
at com.restfulbooker.apitest.listeners.ExtentTestManager.startTest(ExtentTestManager.java:22)
at com.restfulbooker.apitest.listeners.ExtentTestManager.startTest(ExtentTestManager.java:22)
at com.restfulbooker.apitest.listeners.ExtentTestManager.startTest(ExtentTestManager.java:22)
at com.restfulbooker.apitest.listeners.ExtentTestManager.startTest(ExtentTestManager.java:22)
at com.restfulbooker.apitest.listeners.ExtentTestManager.startTest(ExtentTestManager.java:22)
at com.restfulbooker.apitest.listeners.ExtentTestManager.startTest(ExtentTestManager.java:22)
at com.restfulbooker.apitest.listeners.ExtentTestManager.startTest(ExtentTestManager.java:22)
at com.restfulbooker.apitest.listeners.ExtentTestManager.startTest(ExtentTestManager.java:22)
at com.restfulbooker.apitest.listeners.ExtentTestManager.startTest(ExtentTestManager.java:22)
at com.restfulbooker.apitest.listeners.ExtentTestManager.startTest(ExtentTestManager.java:22)
at com.restfulbooker.apitest.listeners.ExtentTestManager.startTest(ExtentTestManager.java:22)
at com.restfulbooker.apitest.listeners.ExtentTestManager.startTest(ExtentTestManager.java:22)
at com.restfulbooker.apitest.listeners.ExtentTestManager.startTest(ExtentTestManager.java:22)
at com.restfulbooker.apitest.listeners.ExtentTestManager.startTest(ExtentTestManager.java:22)
at com.restfulbooker.apitest.listeners.ExtentTestManager.startTest(ExtentTestManager.java:22)
at com.restfulbooker.apitest.listeners.ExtentTestManager.startTest(ExtentTestManager.java:22)
at com.restfulbooker.apitest.listeners.ExtentTestManager.startTest(ExtentTestManager.java:22)
at com.restfulbooker.apitest.listeners.ExtentTestManager.startTest(ExtentTestManager.java:22)
at com.restfulbooker.apitest.listeners.ExtentTestManager.startTest(ExtentTestManager.java:22)
at com.restfulbooker.apitest.listeners.ExtentTestManager.startTest(ExtentTestManager.java:22)
at com.restfulbooker.apitest.listeners.ExtentTestManager.startTest(ExtentTestManager.java:22)
at com.restfulbooker.apitest.listeners.ExtentTestManager.startTest(ExtentTestManager.java:22)
at com.restfulbooker.apitest.listeners.ExtentTestManager.startTest(ExtentTestManager.java:22)
at com.restfulbooker.apitest.listeners.ExtentTestManager.startTest(ExtentTestManager.java:22)
at com.restfulbooker.apitest.listeners.ExtentTestManager.startTest(ExtentTestManager.java:22)
at com.restfulbooker.apitest.listeners.ExtentTestManager.startTest(ExtentTestManager.java:22)
at com.restfulbooker.apitest.listeners.ExtentTestManager.startTest(ExtentTestManager.java:22)
at com.restfulbooker.apitest.listeners.ExtentTestManager.startTest(ExtentTestManager.java:22)
at com.restfulbooker.apitest.listeners.ExtentTestManager.startTest(ExtentTestManager.java:22)
at com.restfulbooker.apitest.listeners.ExtentTestManager.startTest(ExtentTestManager.java:22)
at com.restfulbooker.apitest.listeners.ExtentTestManager.startTest(ExtentTestManager.java:22)
at com.restfulbooker.apitest.listeners.ExtentTestManager.startTest(ExtentTestManager.java:22)
at com.restfulbooker.apitest.listeners.ExtentTestManager.startTest(ExtentTestManager.java:22)
at com.restfulbooker.apitest.listeners.ExtentTestManager.startTest(ExtentTestManager.java:22)
at com.restfulbooker.apitest.listeners.ExtentTestManager.startTest(ExtentTestManager.java:22)
at com.restfulbooker.apitest.listeners.ExtentTestManager.startTest(ExtentTestManager.java:22)
at com.restfulbooker.apitest.listeners.ExtentTestManager.startTest(ExtentTestManager.java:22)
at com.restfulbooker.apitest.listeners.ExtentTestManager.startTest(ExtentTestManager.java:22)
at com.restfulbooker.apitest.listeners.ExtentTestManager.startTest(ExtentTestManager.java:22)
at com.restfulbooker.apitest.listeners.ExtentTestManager.startTest(ExtentTestManager.java:22)
at com.restfulbooker.apitest.listeners.ExtentTestManager.startTest(ExtentTestManager.java:22)
at com.restfulbooker.apitest.listeners.ExtentTestManager.startTest(ExtentTestManager.java:22)
at com.restfulbooker.apitest.listeners.ExtentTestManager.startTest(ExtentTestManager.java:22)
at com.restfulbooker.apitest.listeners.ExtentTestManager.startTest(ExtentTestManager.java:22)
at com.restfulbooker.apitest.listeners.ExtentTestManager.startTest(ExtentTestManager.java:22)
at com.restfulbooker.apitest.listeners.ExtentTestManager.startTest(ExtentTestManager.java:22)
at com.restfulbooker.apitest.listeners.ExtentTestManager.startTest(ExtentTestManager.java:22)
at com.restfulbooker.apitest.listeners.ExtentTestManager.startTest(ExtentTestManager.java:22)
at com.restfulbooker.apitest.listeners.ExtentTestManager.startTest(ExtentTestManager.java:22)
at com.restfulbooker.apitest.listeners.ExtentTestManager.startTest(ExtentTestManager.java:22)
at com.restfulbooker.apitest.listeners.ExtentTestManager.startTest(ExtentTestManager.java:22)
at com.restfulbooker.apitest.listeners.ExtentTestManager.startTest(ExtentTestManager.java:22)
at com.restfulbooker.apitest.listeners.ExtentTestManager.startTest(ExtentTestManager.java:22)
at com.restfulbooker.apitest.listeners.ExtentTestManager.startTest(ExtentTestManager.java:22)
at com.restfulbooker.apitest.listeners.ExtentTestManager.startTest(ExtentTestManager.java:22)
at com.restfulbooker.apitest.listeners.ExtentTestManager.startTest(ExtentTestManager.java:22)
at com.restfulbooker.apitest.listeners.ExtentTestManager.startTest(ExtentTestManager.java:22)
at com.restfulbooker.apitest.listeners.ExtentTestManager.startTest(ExtentTestManager.java:22)
at com.restfulbooker.apitest.listeners.ExtentTestManager.startTest(ExtentTestManager.java:22)
at com.restfulbooker.apitest.listeners.ExtentTestManager.startTest(ExtentTestManager.java:22)
at com.restfulbooker.apitest.listeners.ExtentTestManager.startTest(ExtentTestManager.java:22)
at com.restfulbooker.apitest.listeners.ExtentTestManager.startTest(ExtentTestManager.java:22)
at com.restfulbooker.apitest.listeners.ExtentTestManager.startTest(ExtentTestManager.java:22)
at com.restfulbooker.apitest.listeners.ExtentTestManager.startTest(ExtentTestManager.java:22)
at com.restfulbooker.apitest.listeners.ExtentTestManager.startTest(ExtentTestManager.java:22)
at com.restfulbooker.apitest.listeners.ExtentTestManager.startTest(ExtentTestManager.java:22)
at com.restfulbooker.apitest.listeners.ExtentTestManager.startTest(ExtentTestManager.java:22)
at com.restfulbooker.apitest.listeners.ExtentTestManager.startTest(ExtentTestManager.java:22)
at com.restfulbooker.apitest.listeners.ExtentTestManager.startTest(ExtentTestManager.java:22)
at com.restfulbooker.apitest.listeners.ExtentTestManager.startTest(ExtentTestManager.java:22)
at com.restfulbooker.apitest.listeners.ExtentTestManager.startTest(ExtentTestManager.java:22)
at com.restfulbooker.apitest.listeners.ExtentTestManager.startTest(ExtentTestManager.java:22)
at com.restfulbooker.apitest.listeners.ExtentTestManager.startTest(ExtentTestManager.java:22)
at com.restfulbooker.apitest.listeners.ExtentTestManager.startTest(ExtentTestManager.java:22)
at com.restfulbooker.apitest.listeners.ExtentTestManager.startTest(ExtentTestManager.java:22)
at com.restfulbooker.apitest.listeners.ExtentTestManager.startTest(ExtentTestManager.java:22)
at com.restfulbooker.apitest.listeners.ExtentTestManager.startTest(ExtentTestManager.java:22)
at com.restfulbooker.apitest.listeners.ExtentTestManager.startTest(ExtentTestManager.java:22)
at com.restfulbooker.apitest.listeners.ExtentTestManager.startTest(ExtentTestManager.java:22)
at com.restfulbooker.apitest.listeners.ExtentTestManager.startTest(ExtentTestManager.java:22)
at com.restfulbooker.apitest.listeners.ExtentTestManager.startTest(ExtentTestManager.java:22)
at com.restfulbooker.apitest.listeners.ExtentTestManager.startTest(ExtentTestManager.java:22)
at com.restfulbooker.apitest.listeners.ExtentTestManager.startTest(ExtentTestManager.java:22)
at com.restfulbooker.apitest.listeners.ExtentTestManager.startTest(ExtentTestManager.java:22)
at com.restfulbooker.apitest.listeners.ExtentTestManager.startTest(ExtentTestManager.java:22)
at com.restfulbooker.apitest.listeners.ExtentTestManager.startTest(ExtentTestManager.java:22)
at com.restfulbooker.apitest.listeners.ExtentTestManager.startTest(ExtentTestManager.java:22)
at com.restfulbooker.apitest.listeners.ExtentTestManager.startTest(ExtentTestManager.java:22)
at com.restfulbooker.apitest.listeners.ExtentTestManager.startTest(ExtentTestManager.java:22)
at com.restfulbooker.apitest.listeners.ExtentTestManager.startTest(ExtentTestManager.java:22)
at com.restfulbooker.apitest.listeners.ExtentTestManager.startTest(ExtentTestManager.java:22)
at com.restfulbooker.apitest.listeners.ExtentTestManager.startTest(ExtentTestManager.java:22)
at com.restfulbooker.apitest.listeners.ExtentTestManager.startTest(ExtentTestManager.java:22)
at com.restfulbooker.apitest.listeners.ExtentTestManager.startTest(ExtentTestManager.java:22)
at com.restfulbooker.apitest.listeners.ExtentTestManager.startTest(ExtentTestManager.java:22)
at com.restfulbooker.apitest.listeners.ExtentTestManager.startTest(ExtentTestManager.java:22)
at com.restfulbooker.apitest.listeners.ExtentTestManager.startTest(ExtentTestManager.java:22)
at com.restfulbooker.apitest.listeners.ExtentTestManager.startTest(ExtentTestManager.java:22)
at com.restfulbooker.apitest.listeners.ExtentTestManager.startTest(ExtentTestManager.java:22)
at com.restfulbooker.apitest.listeners.ExtentTestManager.startTest(ExtentTestManager.java:22)
at com.restfulbooker.apitest.listeners.ExtentTestManager.startTest(ExtentTestManager.java:22)
at com.restfulbooker.apitest.listeners.ExtentTestManager.startTest(ExtentTestManager.java:22)
at com.restfulbooker.apitest.listeners.ExtentTestManager.startTest(ExtentTestManager.java:22)
at com.restfulbooker.apitest.listeners.ExtentTestManager.startTest(ExtentTestManager.java:22)
at com.restfulbooker.apitest.listeners.ExtentTestManager.startTest(ExtentTestManager.java:22)
at com.restfulbooker.apitest.listeners.ExtentTestManager.startTest(ExtentTestManager.java:22)
at com.restfulbooker.apitest.listeners.ExtentTestManager.startTest(ExtentTestManager.java:22)
at com.restfulbooker.apitest.listeners.ExtentTestManager.startTest(ExtentTestManager.java:22)
at com.restfulbooker.apitest.listeners.ExtentTestManager.startTest(ExtentTestManager.java:22)
at com.restfulbooker.apitest.listeners.ExtentTestManager.startTest(ExtentTestManager.java:22)
at com.restfulbooker.apitest.listeners.ExtentTestManager.startTest(ExtentTestManager.java:22)
at com.restfulbooker.apitest.listeners.ExtentTestManager.startTest(ExtentTestManager.java:22)
at com.restfulbooker.apitest.listeners.ExtentTestManager.startTest(ExtentTestManager.java:22)
at com.restfulbooker.apitest.listeners.ExtentTestManager.startTest(ExtentTestManager.java:22)
at com.restfulbooker.apitest.listeners.ExtentTestManager.startTest(ExtentTestManager.java:22)
at com.restfulbooker.apitest.listeners.ExtentTestManager.startTest(ExtentTestManager.java:22)
at com.restfulbooker.apitest.listeners.ExtentTestManager.startTest(ExtentTestManager.java:22)
at com.restfulbooker.apitest.listeners.ExtentTestManager.startTest(ExtentTestManager.java:22)
at com.restfulbooker.apitest.listeners.ExtentTestManager.startTest(ExtentTestManager.java:22)
at com.restfulbooker.apitest.listeners.ExtentTestManager.startTest(ExtentTestManager.java:22)
at com.restfulbooker.apitest.listeners.ExtentTestManager.startTest(ExtentTestManager.java:22)
at com.restfulbooker.apitest.listeners.ExtentTestManager.startTest(ExtentTestManager.java:22)
at com.restfulbooker.apitest.listeners.ExtentTestManager.startTest(ExtentTestManager.java:22)
at com.restfulbooker.apitest.listeners.ExtentTestManager.startTest(ExtentTestManager.java:22)
at com.restfulbooker.apitest.listeners.ExtentTestManager.startTest(ExtentTestManager.java:22)
at com.restfulbooker.apitest.listeners.ExtentTestManager.startTest(ExtentTestManager.java:22)
at com.restfulbooker.apitest.listeners.ExtentTestManager.startTest(ExtentTestManager.java:22)
at com.restfulbooker.apitest.listeners.ExtentTestManager.startTest(ExtentTestManager.java:22)
at com.restfulbooker.apitest.listeners.ExtentTestManager.startTest(ExtentTestManager.java:22)
at com.restfulbooker.apitest.listeners.ExtentTestManager.startTest(ExtentTestManager.java:22)
at com.restfulbooker.apitest.listeners.ExtentTestManager.startTest(ExtentTestManager.java:22)
at com.restfulbooker.apitest.listeners.ExtentTestManager.startTest(ExtentTestManager.java:22)
at com.restfulbooker.apitest.listeners.ExtentTestManager.startTest(ExtentTestManager.java:22)
at com.restfulbooker.apitest.listeners.ExtentTestManager.startTest(ExtentTestManager.java:22)
at com.restfulbooker.apitest.listeners.ExtentTestManager.startTest(ExtentTestManager.java:22)
at com.restfulbooker.apitest.listeners.ExtentTestManager.startTest(ExtentTestManager.java:22)
at com.restfulbooker.apitest.listeners.ExtentTestManager.startTest(ExtentTestManager.java:22)
at com.restfulbooker.apitest.listeners.ExtentTestManager.startTest(ExtentTestManager.java:22)
at com.restfulbooker.apitest.listeners.ExtentTestManager.startTest(ExtentTestManager.java:22)
at com.restfulbooker.apitest.listeners.ExtentTestManager.startTest(ExtentTestManager.java:22)
at com.restfulbooker.apitest.listeners.ExtentTestManager.startTest(ExtentTestManager.java:22)
at com.restfulbooker.apitest.listeners.ExtentTestManager.startTest(ExtentTestManager.java:22)
at com.restfulbooker.apitest.listeners.ExtentTestManager.startTest(ExtentTestManager.java:22)
at com.restfulbooker.apitest.listeners.ExtentTestManager.startTest(ExtentTestManager.java:22)
at com.restfulbooker.apitest.listeners.ExtentTestManager.startTest(ExtentTestManager.java:22)
at com.restfulbooker.apitest.listeners.ExtentTestManager.startTest(ExtentTestManager.java:22)
at com.restfulbooker.apitest.listeners.ExtentTestManager.startTest(ExtentTestManager.java:22)
at com.restfulbooker.apitest.listeners.ExtentTestManager.startTest(ExtentTestManager.java:22)
at com.restfulbooker.apitest.listeners.ExtentTestManager.startTest(ExtentTestManager.java:22)
at com.restfulbooker.apitest.listeners.ExtentTestManager.startTest(ExtentTestManager.java:22)
at com.restfulbooker.apitest.listeners.ExtentTestManager.startTest(ExtentTestManager.java:22)
at com.restfulbooker.apitest.listeners.ExtentTestManager.startTest(ExtentTestManager.java:22)
at com.restfulbooker.apitest.listeners.ExtentTestManager.startTest(ExtentTestManager.java:22)
at com.restfulbooker.apitest.listeners.ExtentTestManager.startTest(ExtentTestManager.java:22)
at com.restfulbooker.apitest.listeners.ExtentTestManager.startTest(ExtentTestManager.java:22)
at com.restfulbooker.apitest.listeners.ExtentTestManager.startTest(ExtentTestManager.java:22)
at com.restfulbooker.apitest.listeners.ExtentTestManager.startTest(ExtentTestManager.java:22)
at com.restfulbooker.apitest.listeners.ExtentTestManager.startTest(ExtentTestManager.java:22)
at com.restfulbooker.apitest.listeners.ExtentTestManager.startTest(ExtentTestManager.java:22)
at com.restfulbooker.apitest.listeners.ExtentTestManager.startTest(ExtentTestManager.java:22)
at com.restfulbooker.apitest.listeners.ExtentTestManager.startTest(ExtentTestManager.java:22)
at com.restfulbooker.apitest.listeners.ExtentTestManager.startTest(ExtentTestManager.java:22)
at com.restfulbooker.apitest.listeners.ExtentTestManager.startTest(ExtentTestManager.java:22)
at com.restfulbooker.apitest.listeners.ExtentTestManager.startTest(ExtentTestManager.java:22)
at com.restfulbooker.apitest.listeners.ExtentTestManager.startTest(ExtentTestManager.java:22)
at com.restfulbooker.apitest.listeners.ExtentTestManager.startTest(ExtentTestManager.java:22)
at com.restfulbooker.apitest.listeners.ExtentTestManager.startTest(ExtentTestManager.java:22)
at com.restfulbooker.apitest.listeners.ExtentTestManager.startTest(ExtentTestManager.java:22)
at com.restfulbooker.apitest.listeners.ExtentTestManager.startTest(ExtentTestManager.java:22)
at com.restfulbooker.apitest.listeners.ExtentTestManager.startTest(ExtentTestManager.java:22)
at com.restfulbooker.apitest.listeners.ExtentTestManager.startTest(ExtentTestManager.java:22)
at com.restfulbooker.apitest.listeners.ExtentTestManager.startTest(ExtentTestManager.java:22)
at com.restfulbooker.apitest.listeners.ExtentTestManager.startTest(ExtentTestManager.java:22)
at com.restfulbooker.apitest.listeners.ExtentTestManager.startTest(ExtentTestManager.java:22)
at com.restfulbooker.apitest.listeners.ExtentTestManager.startTest(ExtentTestManager.java:22)
at com.restfulbooker.apitest.listeners.ExtentTestManager.startTest(ExtentTestManager.java:22)
at com.restfulbooker.apitest.listeners.ExtentTestManager.startTest(ExtentTestManager.java:22)
at com.restfulbooker.apitest.listeners.ExtentTestManager.startTest(ExtentTestManager.java:22)
at com.restfulbooker.apitest.listeners.ExtentTestManager.startTest(ExtentTestManager.java:22)
at com.restfulbooker.apitest.listeners.ExtentTestManager.startTest(ExtentTestManager.java:22)
at com.restfulbooker.apitest.listeners.ExtentTestManager.startTest(ExtentTestManager.java:22)
at com.restfulbooker.apitest.listeners.ExtentTestManager.startTest(ExtentTestManager.java:22)
at com.restfulbooker.apitest.listeners.ExtentTestManager.startTest(ExtentTestManager.java:22)
at com.restfulbooker.apitest.listeners.ExtentTestManager.startTest(ExtentTestManager.java:22)
at com.restfulbooker.apitest.listeners.ExtentTestManager.startTest(ExtentTestManager.java:22)
at com.restfulbooker.apitest.listeners.ExtentTestManager.startTest(ExtentTestManager.java:22)
at com.restfulbooker.apitest.listeners.ExtentTestManager.startTest(ExtentTestManager.java:22)
at com.restfulbooker.apitest.listeners.ExtentTestManager.startTest(ExtentTestManager.java:22)
at com.restfulbooker.apitest.listeners.ExtentTestManager.startTest(ExtentTestManager.java:22)
at com.restfulbooker.apitest.listeners.ExtentTestManager.startTest(ExtentTestManager.java:22)
at com.restfulbooker.apitest.listeners.ExtentTestManager.startTest(ExtentTestManager.java:22)
at com.restfulbooker.apitest.listeners.ExtentTestManager.startTest(ExtentTestManager.java:22)
at com.restfulbooker.apitest.listeners.ExtentTestManager.startTest(ExtentTestManager.java:22)
at com.restfulbooker.apitest.listeners.ExtentTestManager.startTest(ExtentTestManager.java:22)
at com.restfulbooker.apitest.listeners.ExtentTestManager.startTest(ExtentTestManager.java:22)
at com.restfulbooker.apitest.listeners.ExtentTestManager.startTest(ExtentTestManager.java:22)
at com.restfulbooker.apitest.listeners.ExtentTestManager.startTest(ExtentTestManager.java:22)
at com.restfulbooker.apitest.listeners.ExtentTestManager.startTest(ExtentTestManager.java:22)
at com.restfulbooker.apitest.listeners.ExtentTestManager.startTest(ExtentTestManager.java:22)
at com.restfulbooker.apitest.listeners.ExtentTestManager.startTest(ExtentTestManager.java:22)
at com.restfulbooker.apitest.listeners.ExtentTestManager.startTest(ExtentTestManager.java:22)
at com.restfulbooker.apitest.listeners.ExtentTestManager.startTest(ExtentTestManager.java:22)
at com.restfulbooker.apitest.listeners.ExtentTestManager.startTest(ExtentTestManager.java:22)
at com.restfulbooker.apitest.listeners.ExtentTestManager.startTest(ExtentTestManager.java:22)
at com.restfulbooker.apitest.listeners.ExtentTestManager.startTest(ExtentTestManager.java:22)
at com.restfulbooker.apitest.listeners.ExtentTestManager.startTest(ExtentTestManager.java:22)
at com.restfulbooker.apitest.listeners.ExtentTestManager.startTest(ExtentTestManager.java:22)
at com.restfulbooker.apitest.listeners.ExtentTestManager.startTest(ExtentTestManager.java:22)
at com.restfulbooker.apitest.listeners.ExtentTestManager.startTest(ExtentTestManager.java:22)
at com.restfulbooker.apitest.listeners.ExtentTestManager.startTest(ExtentTestManager.java:22)
at com.restfulbooker.apitest.listeners.ExtentTestManager.startTest(ExtentTestManager.java:22)
at com.restfulbooker.apitest.listeners.ExtentTestManager.startTest(ExtentTestManager.java:22)
at com.restfulbooker.apitest.listeners.ExtentTestManager.startTest(ExtentTestManager.java:22)
at com.restfulbooker.apitest.listeners.ExtentTestManager.startTest(ExtentTestManager.java:22)
at com.restfulbooker.apitest.listeners.ExtentTestManager.startTest(ExtentTestManager.java:22)
at com.restfulbooker.apitest.listeners.ExtentTestManager.startTest(ExtentTestManager.java:22)
at com.restfulbooker.apitest.listeners.ExtentTestManager.startTest(ExtentTestManager.java:22)
at com.restfulbooker.apitest.listeners.ExtentTestManager.startTest(ExtentTestManager.java:22)
at com.restfulbooker.apitest.listeners.ExtentTestManager.startTest(ExtentTestManager.java:22)
at com.restfulbooker.apitest.listeners.ExtentTestManager.startTest(ExtentTestManager.java:22)
at com.restfulbooker.apitest.listeners.ExtentTestManager.startTest(ExtentTestManager.java:22)
at com.restfulbooker.apitest.listeners.ExtentTestManager.startTest(ExtentTestManager.java:22)
at com.restfulbooker.apitest.listeners.ExtentTestManager.startTest(ExtentTestManager.java:22)
at com.restfulbooker.apitest.listeners.ExtentTestManager.startTest(ExtentTestManager.java:22)
at com.restfulbooker.apitest.listeners.ExtentTestManager.startTest(ExtentTestManager.java:22)
at com.restfulbooker.apitest.listeners.ExtentTestManager.startTest(ExtentTestManager.java:22)
at com.restfulbooker.apitest.listeners.ExtentTestManager.startTest(ExtentTestManager.java:22)
at com.restfulbooker.apitest.listeners.ExtentTestManager.startTest(ExtentTestManager.java:22)
at com.restfulbooker.apitest.listeners.ExtentTestManager.startTest(ExtentTestManager.java:22)
at com.restfulbooker.apitest.listeners.ExtentTestManager.startTest(ExtentTestManager.java:22)
at com.restfulbooker.apitest.listeners.ExtentTestManager.startTest(ExtentTestManager.java:22)
at com.restfulbooker.apitest.listeners.ExtentTestManager.startTest(ExtentTestManager.java:22)
at com.restfulbooker.apitest.listeners.ExtentTestManager.startTest(ExtentTestManager.java:22)
at com.restfulbooker.apitest.listeners.ExtentTestManager.startTest(ExtentTestManager.java:22)
at com.restfulbooker.apitest.listeners.ExtentTestManager.startTest(ExtentTestManager.java:22)
at com.restfulbooker.apitest.listeners.ExtentTestManager.startTest(ExtentTestManager.java:22)
at com.restfulbooker.apitest.listeners.ExtentTestManager.startTest(ExtentTestManager.java:22)
at com.restfulbooker.apitest.listeners.ExtentTestManager.startTest(ExtentTestManager.java:22)
at com.restfulbooker.apitest.listeners.ExtentTestManager.startTest(ExtentTestManager.java:22)
at com.restfulbooker.apitest.listeners.ExtentTestManager.startTest(ExtentTestManager.java:22)
at com.restfulbooker.apitest.listeners.ExtentTestManager.startTest(ExtentTestManager.java:22)
at com.restfulbooker.apitest.listeners.ExtentTestManager.startTest(ExtentTestManager.java:22)
at com.restfulbooker.apitest.listeners.ExtentTestManager.startTest(ExtentTestManager.java:22)
at com.restfulbooker.apitest.listeners.ExtentTestManager.startTest(ExtentTestManager.java:22)
at com.restfulbooker.apitest.listeners.ExtentTestManager.startTest(ExtentTestManager.java:22)
at com.restfulbooker.apitest.listeners.ExtentTestManager.startTest(ExtentTestManager.java:22)
at com.restfulbooker.apitest.listeners.ExtentTestManager.startTest(ExtentTestManager.java:22)
at com.restfulbooker.apitest.listeners.ExtentTestManager.startTest(ExtentTestManager.java:22)
at com.restfulbooker.apitest.listeners.ExtentTestManager.startTest(ExtentTestManager.java:22)
at com.restfulbooker.apitest.listeners.ExtentTestManager.startTest(ExtentTestManager.java:22)
at com.restfulbooker.apitest.listeners.ExtentTestManager.startTest(ExtentTestManager.java:22)
at com.restfulbooker.apitest.listeners.ExtentTestManager.startTest(ExtentTestManager.java:22)
at com.restfulbooker.apitest.listeners.ExtentTestManager.startTest(ExtentTestManager.java:22)
at com.restfulbooker.apitest.listeners.ExtentTestManager.startTest(ExtentTestManager.java:22)
at com.restfulbooker.apitest.listeners.ExtentTestManager.startTest(ExtentTestManager.java:22)
at com.restfulbooker.apitest.listeners.ExtentTestManager.startTest(ExtentTestManager.java:22)
at com.restfulbooker.apitest.listeners.ExtentTestManager.startTest(ExtentTestManager.java:22)
at com.restfulbooker.apitest.listeners.ExtentTestManager.startTest(ExtentTestManager.java:22)
at com.restfulbooker.apitest.listeners.ExtentTestManager.startTest(ExtentTestManager.java:22)
at com.restfulbooker.apitest.listeners.ExtentTestManager.startTest(ExtentTestManager.java:22)
at com.restfulbooker.apitest.listeners.ExtentTestManager.startTest(ExtentTestManager.java:22)
at com.restfulbooker.apitest.listeners.ExtentTestManager.startTest(ExtentTestManager.java:22)
at com.restfulbooker.apitest.listeners.ExtentTestManager.startTest(ExtentTestManager.java:22)
at com.restfulbooker.apitest.listeners.ExtentTestManager.startTest(ExtentTestManager.java:22)
at com.restfulbooker.apitest.listeners.ExtentTestManager.startTest(ExtentTestManager.java:22)
at com.restfulbooker.apitest.listeners.ExtentTestManager.startTest(ExtentTestManager.java:22)
at com.restfulbooker.apitest.listeners.ExtentTestManager.startTest(ExtentTestManager.java:22)
at com.restfulbooker.apitest.listeners.ExtentTestManager.startTest(ExtentTestManager.java:22)
at com.restfulbooker.apitest.listeners.ExtentTestManager.startTest(ExtentTestManager.java:22)
at com.restfulbooker.apitest.listeners.ExtentTestManager.startTest(ExtentTestManager.java:22)
at com.restfulbooker.apitest.listeners.ExtentTestManager.startTest(ExtentTestManager.java:22)
at com.restfulbooker.apitest.listeners.ExtentTestManager.startTest(ExtentTestManager.java:22)
at com.restfulbooker.apitest.listeners.ExtentTestManager.startTest(ExtentTestManager.java:22)
at com.restfulbooker.apitest.listeners.ExtentTestManager.startTest(ExtentTestManager.java:22)
at com.restfulbooker.apitest.listeners.ExtentTestManager.startTest(ExtentTestManager.java:22)
at com.restfulbooker.apitest.listeners.ExtentTestManager.startTest(ExtentTestManager.java:22)
at com.restfulbooker.apitest.listeners.ExtentTestManager.startTest(ExtentTestManager.java:22)
at com.restfulbooker.apitest.listeners.ExtentTestManager.startTest(ExtentTestManager.java:22)
at com.restfulbooker.apitest.listeners.ExtentTestManager.startTest(ExtentTestManager.java:22)
at com.restfulbooker.apitest.listeners.ExtentTestManager.startTest(ExtentTestManager.java:22)
at com.restfulbooker.apitest.listeners.ExtentTestManager.startTest(ExtentTestManager.java:22)
at com.restfulbooker.apitest.listeners.ExtentTestManager.startTest(ExtentTestManager.java:22)
at com.restfulbooker.apitest.listeners.ExtentTestManager.startTest(ExtentTestManager.java:22)
at com.restfulbooker.apitest.listeners.ExtentTestManager.startTest(ExtentTestManager.java:22)
at com.restfulbooker.apitest.listeners.ExtentTestManager.startTest(ExtentTestManager.java:22)
at com.restfulbooker.apitest.listeners.ExtentTestManager.startTest(ExtentTestManager.java:22)
at com.restfulbooker.apitest.listeners.ExtentTestManager.startTest(ExtentTestManager.java:22)
at com.restfulbooker.apitest.listeners.ExtentTestManager.startTest(ExtentTestManager.java:22)
at com.restfulbooker.apitest.listeners.ExtentTestManager.startTest(ExtentTestManager.java:22)
at com.restfulbooker.apitest.listeners.ExtentTestManager.startTest(ExtentTestManager.java:22)
at com.restfulbooker.apitest.listeners.ExtentTestManager.startTest(ExtentTestManager.java:22)
at com.restfulbooker.apitest.listeners.ExtentTestManager.startTest(ExtentTestManager.java:22)
at com.restfulbooker.apitest.listeners.ExtentTestManager.startTest(ExtentTestManager.java:22)
at com.restfulbooker.apitest.listeners.ExtentTestManager.startTest(ExtentTestManager.java:22)
at com.restfulbooker.apitest.listeners.ExtentTestManager.startTest(ExtentTestManager.java:22)
at com.restfulbooker.apitest.listeners.ExtentTestManager.startTest(ExtentTestManager.java:22)
at com.restfulbooker.apitest.listeners.ExtentTestManager.startTest(ExtentTestManager.java:22)
at com.restfulbooker.apitest.listeners.ExtentTestManager.startTest(ExtentTestManager.java:22)
at com.restfulbooker.apitest.listeners.ExtentTestManager.startTest(ExtentTestManager.java:22)
at com.restfulbooker.apitest.listeners.ExtentTestManager.startTest(ExtentTestManager.java:22)
at com.restfulbooker.apitest.listeners.ExtentTestManager.startTest(ExtentTestManager.java:22)
at com.restfulbooker.apitest.listeners.ExtentTestManager.startTest(ExtentTestManager.java:22)
at com.restfulbooker.apitest.listeners.ExtentTestManager.startTest(ExtentTestManager.java:22)
at com.restfulbooker.apitest.listeners.ExtentTestManager.startTest(ExtentTestManager.java:22)
at com.restfulbooker.apitest.listeners.ExtentTestManager.startTest(ExtentTestManager.java:22)
at com.restfulbooker.apitest.listeners.ExtentTestManager.startTest(ExtentTestManager.java:22)
at com.restfulbooker.apitest.listeners.ExtentTestManager.startTest(ExtentTestManager.java:22)
at com.restfulbooker.apitest.listeners.ExtentTestManager.startTest(ExtentTestManager.java:22)
at com.restfulbooker.apitest.listeners.ExtentTestManager.startTest(ExtentTestManager.java:22)
at com.restfulbooker.apitest.listeners.ExtentTestManager.startTest(ExtentTestManager.java:22)
at com.restfulbooker.apitest.listeners.ExtentTestManager.startTest(ExtentTestManager.java:22)
at com.restfulbooker.apitest.listeners.ExtentTestManager.startTest(ExtentTestManager.java:22)
at com.restfulbooker.apitest.listeners.ExtentTestManager.startTest(ExtentTestManager.java:22)
at com.restfulbooker.apitest.listeners.ExtentTestManager.startTest(ExtentTestManager.java:22)
at com.restfulbooker.apitest.listeners.ExtentTestManager.startTest(ExtentTestManager.java:22)
at com.restfulbooker.apitest.listeners.ExtentTestManager.startTest(ExtentTestManager.java:22)
at com.restfulbooker.apitest.listeners.ExtentTestManager.startTest(ExtentTestManager.java:22)
at com.restfulbooker.apitest.listeners.ExtentTestManager.startTest(ExtentTestManager.java:22)
at com.restfulbooker.apitest.listeners.ExtentTestManager.startTest(ExtentTestManager.java:22)
at com.restfulbooker.apitest.listeners.ExtentTestManager.startTest(ExtentTestManager.java:22)
at com.restfulbooker.apitest.listeners.ExtentTestManager.startTest(ExtentTestManager.java:22)
at com.restfulbooker.apitest.listeners.ExtentTestManager.startTest(ExtentTestManager.java:22)
at com.restfulbooker.apitest.listeners.ExtentTestManager.startTest(ExtentTestManager.java:22)
at com.restfulbooker.apitest.listeners.ExtentTestManager.startTest(ExtentTestManager.java:22)
at com.restfulbooker.apitest.listeners.ExtentTestManager.startTest(ExtentTestManager.java:22)
at com.restfulbooker.apitest.listeners.ExtentTestManager.startTest(ExtentTestManager.java:22)
at com.restfulbooker.apitest.listeners.ExtentTestManager.startTest(ExtentTestManager.java:22)
at com.restfulbooker.apitest.listeners.ExtentTestManager.startTest(ExtentTestManager.java:22)
at com.restfulbooker.apitest.listeners.ExtentTestManager.startTest(ExtentTestManager.java:22)
at com.restfulbooker.apitest.listeners.ExtentTestManager.startTest(ExtentTestManager.java:22)
at com.restfulbooker.apitest.listeners.ExtentTestManager.startTest(ExtentTestManager.java:22)
at com.restfulbooker.apitest.listeners.ExtentTestManager.startTest(ExtentTestManager.java:22)
at com.restfulbooker.apitest.listeners.ExtentTestManager.startTest(ExtentTestManager.java:22)
at com.restfulbooker.apitest.listeners.ExtentTestManager.startTest(ExtentTestManager.java:22)
at com.restfulbooker.apitest.listeners.ExtentTestManager.startTest(ExtentTestManager.java:22)
at com.restfulbooker.apitest.listeners.ExtentTestManager.startTest(ExtentTestManager.java:22)
at com.restfulbooker.apitest.listeners.ExtentTestManager.startTest(ExtentTestManager.java:22)
at com.restfulbooker.apitest.listeners.ExtentTestManager.startTest(ExtentTestManager.java:22)
at com.restfulbooker.apitest.listeners.ExtentTestManager.startTest(ExtentTestManager.java:22)
at com.restfulbooker.apitest.listeners.ExtentTestManager.startTest(ExtentTestManager.java:22)
at com.restfulbooker.apitest.listeners.ExtentTestManager.startTest(ExtentTestManager.java:22)
at com.restfulbooker.apitest.listeners.ExtentTestManager.startTest(ExtentTestManager.java:22)
at com.restfulbooker.apitest.listeners.ExtentTestManager.startTest(ExtentTestManager.java:22)
at com.restfulbooker.apitest.listeners.ExtentTestManager.startTest(ExtentTestManager.java:22)
at com.restfulbooker.apitest.listeners.ExtentTestManager.startTest(ExtentTestManager.java:22)
at com.restfulbooker.apitest.listeners.ExtentTestManager.startTest(ExtentTestManager.java:22)
at com.restfulbooker.apitest.listeners.ExtentTestManager.startTest(ExtentTestManager.java:22)
at com.restfulbooker.apitest.listeners.ExtentTestManager.startTest(ExtentTestManager.java:22)
at com.restfulbooker.apitest.listeners.ExtentTestManager.startTest(ExtentTestManager.java:22)
at com.restfulbooker.apitest.listeners.ExtentTestManager.startTest(ExtentTestManager.java:22)
at com.restfulbooker.apitest.listeners.ExtentTestManager.startTest(ExtentTestManager.java:22)
at com.restfulbooker.apitest.listeners.ExtentTestManager.startTest(ExtentTestManager.java:22)
at com.restfulbooker.apitest.listeners.ExtentTestManager.startTest(ExtentTestManager.java:22)
at com.restfulbooker.apitest.listeners.ExtentTestManager.startTest(ExtentTestManager.java:22)
at com.restfulbooker.apitest.listeners.ExtentTestManager.startTest(ExtentTestManager.java:22)
at com.restfulbooker.apitest.listeners.ExtentTestManager.startTest(ExtentTestManager.java:22)
at com.restfulbooker.apitest.listeners.ExtentTestManager.startTest(ExtentTestManager.java:22)
at com.restfulbooker.apitest.listeners.ExtentTestManager.startTest(ExtentTestManager.java:22)
at com.restfulbooker.apitest.listeners.ExtentTestManager.startTest(ExtentTestManager.java:22)
at com.restfulbooker.apitest.listeners.ExtentTestManager.startTest(ExtentTestManager.java:22)
at com.restfulbooker.apitest.listeners.ExtentTestManager.startTest(ExtentTestManager.java:22)
at com.restfulbooker.apitest.listeners.ExtentTestManager.startTest(ExtentTestManager.java:22)
at com.restfulbooker.apitest.listeners.ExtentTestManager.startTest(ExtentTestManager.java:22)
at com.restfulbooker.apitest.listeners.ExtentTestManager.startTest(ExtentTestManager.java:22)
at com.restfulbooker.apitest.listeners.ExtentTestManager.startTest(ExtentTestManager.java:22)
at com.restfulbooker.apitest.listeners.ExtentTestManager.startTest(ExtentTestManager.java:22)
at com.restfulbooker.apitest.listeners.ExtentTestManager.startTest(ExtentTestManager.java:22)
at com.restfulbooker.apitest.listeners.ExtentTestManager.startTest(ExtentTestManager.java:22)
at com.restfulbooker.apitest.listeners.ExtentTestManager.startTest(ExtentTestManager.java:22)
at com.restfulbooker.apitest.listeners.ExtentTestManager.startTest(ExtentTestManager.java:22)
at com.restfulbooker.apitest.listeners.ExtentTestManager.startTest(ExtentTestManager.java:22)
at com.restfulbooker.apitest.listeners.ExtentTestManager.startTest(ExtentTestManager.java:22)
at com.restfulbooker.apitest.listeners.ExtentTestManager.startTest(ExtentTestManager.java:22)
at com.restfulbooker.apitest.listeners.ExtentTestManager.startTest(ExtentTestManager.java:22)
at com.restfulbooker.apitest.listeners.ExtentTestManager.startTest(ExtentTestManager.java:22)
at com.restfulbooker.apitest.listeners.ExtentTestManager.startTest(ExtentTestManager.java:22)
at com.restfulbooker.apitest.listeners.ExtentTestManager.startTest(ExtentTestManager.java:22)
at com.restfulbooker.apitest.listeners.ExtentTestManager.startTest(ExtentTestManager.java:22)
at com.restfulbooker.apitest.listeners.ExtentTestManager.startTest(ExtentTestManager.java:22)
at com.restfulbooker.apitest.listeners.ExtentTestManager.startTest(ExtentTestManager.java:22)
at com.restfulbooker.apitest.listeners.ExtentTestManager.startTest(ExtentTestManager.java:22)
at com.restfulbooker.apitest.listeners.ExtentTestManager.startTest(ExtentTestManager.java:22)
at com.restfulbooker.apitest.listeners.ExtentTestManager.startTest(ExtentTestManager.java:22)
at com.restfulbooker.apitest.listeners.ExtentTestManager.startTest(ExtentTestManager.java:22)
at com.restfulbooker.apitest.listeners.ExtentTestManager.startTest(ExtentTestManager.java:22)
at com.restfulbooker.apitest.listeners.ExtentTestManager.startTest(ExtentTestManager.java:22)
at com.restfulbooker.apitest.listeners.ExtentTestManager.startTest(ExtentTestManager.java:22)
at com.restfulbooker.apitest.listeners.ExtentTestManager.startTest(ExtentTestManager.java:22)
at com.restfulbooker.apitest.listeners.ExtentTestManager.startTest(ExtentTestManager.java:22)
at com.restfulbooker.apitest.listeners.ExtentTestManager.startTest(ExtentTestManager.java:22)
at com.restfulbooker.apitest.listeners.ExtentTestManager.startTest(ExtentTestManager.java:22)
at com.restfulbooker.apitest.listeners.ExtentTestManager.startTest(ExtentTestManager.java:22)
at com.restfulbooker.apitest.listeners.ExtentTestManager.startTest(ExtentTestManager.java:22)
at com.restfulbooker.apitest.listeners.ExtentTestManager.startTest(ExtentTestManager.java:22)
at com.restfulbooker.apitest.listeners.ExtentTestManager.startTest(ExtentTestManager.java:22)
at com.restfulbooker.apitest.listeners.ExtentTestManager.startTest(ExtentTestManager.java:22)
at com.restfulbooker.apitest.listeners.ExtentTestManager.startTest(ExtentTestManager.java:22)
at com.restfulbooker.apitest.listeners.ExtentTestManager.startTest(ExtentTestManager.java:22)
at com.restfulbooker.apitest.listeners.ExtentTestManager.startTest(ExtentTestManager.java:22)
at com.restfulbooker.apitest.listeners.ExtentTestManager.startTest(ExtentTestManager.java:22)
at com.restfulbooker.apitest.listeners.ExtentTestManager.startTest(ExtentTestManager.java:22)
at com.restfulbooker.apitest.listeners.ExtentTestManager.startTest(ExtentTestManager.java:22)
at com.restfulbooker.apitest.listeners.ExtentTestManager.startTest(ExtentTestManager.java:22)
at com.restfulbooker.apitest.listeners.ExtentTestManager.startTest(ExtentTestManager.java:22)
at com.restfulbooker.apitest.listeners.ExtentTestManager.startTest(ExtentTestManager.java:22)
at com.restfulbooker.apitest.listeners.ExtentTestManager.startTest(ExtentTestManager.java:22)
at com.restfulbooker.apitest.listeners.ExtentTestManager.startTest(ExtentTestManager.java:22)
at com.restfulbooker.apitest.listeners.ExtentTestManager.startTest(ExtentTestManager.java:22)
at com.restfulbooker.apitest.listeners.ExtentTestManager.startTest(ExtentTestManager.java:22)
at com.restfulbooker.apitest.listeners.ExtentTestManager.startTest(ExtentTestManager.java:22)
at com.restfulbooker.apitest.listeners.ExtentTestManager.startTest(ExtentTestManager.java:22)
at com.restfulbooker.apitest.listeners.ExtentTestManager.startTest(ExtentTestManager.java:22)
at com.restfulbooker.apitest.listeners.ExtentTestManager.startTest(ExtentTestManager.java:22)
at com.restfulbooker.apitest.listeners.ExtentTestManager.startTest(ExtentTestManager.java:22)
at com.restfulbooker.apitest.listeners.ExtentTestManager.startTest(ExtentTestManager.java:22)
at com.restfulbooker.apitest.listeners.ExtentTestManager.startTest(ExtentTestManager.java:22)
at com.restfulbooker.apitest.listeners.ExtentTestManager.startTest(ExtentTestManager.java:22)
at com.restfulbooker.apitest.listeners.ExtentTestManager.startTest(ExtentTestManager.java:22)
at com.restfulbooker.apitest.listeners.ExtentTestManager.startTest(ExtentTestManager.java:22)
at com.restfulbooker.apitest.listeners.ExtentTestManager.startTest(ExtentTestManager.java:22)
at com.restfulbooker.apitest.listeners.ExtentTestManager.startTest(ExtentTestManager.java:22)
at com.restfulbooker.apitest.listeners.ExtentTestManager.startTest(ExtentTestManager.java:22)
at com.restfulbooker.apitest.listeners.ExtentTestManager.startTest(ExtentTestManager.java:22)
at com.restfulbooker.apitest.listeners.ExtentTestManager.startTest(ExtentTestManager.java:22)
at com.restfulbooker.apitest.listeners.ExtentTestManager.startTest(ExtentTestManager.java:22)
at com.restfulbooker.apitest.listeners.ExtentTestManager.startTest(ExtentTestManager.java:22)
at com.restfulbooker.apitest.listeners.ExtentTestManager.startTest(ExtentTestManager.java:22)
at com.restfulbooker.apitest.listeners.ExtentTestManager.startTest(ExtentTestManager.java:22)
at com.restfulbooker.apitest.listeners.ExtentTestManager.startTest(ExtentTestManager.java:22)
at com.restfulbooker.apitest.listeners.ExtentTestManager.startTest(ExtentTestManager.java:22)
at com.restfulbooker.apitest.listeners.ExtentTestManager.startTest(ExtentTestManager.java:22)
at com.restfulbooker.apitest.listeners.ExtentTestManager.startTest(ExtentTestManager.java:22)
at com.restfulbooker.apitest.listeners.ExtentTestManager.startTest(ExtentTestManager.java:22)
at com.restfulbooker.apitest.listeners.ExtentTestManager.startTest(ExtentTestManager.java:22)
at com.restfulbooker.apitest.listeners.ExtentTestManager.startTest(ExtentTestManager.java:22)
at com.restfulbooker.apitest.listeners.ExtentTestManager.startTest(ExtentTestManager.java:22)
at com.restfulbooker.apitest.listeners.ExtentTestManager.startTest(ExtentTestManager.java:22)
at com.restfulbooker.apitest.listeners.ExtentTestManager.startTest(ExtentTestManager.java:22)
at com.restfulbooker.apitest.listeners.ExtentTestManager.startTest(ExtentTestManager.java:22)
at com.restfulbooker.apitest.listeners.ExtentTestManager.startTest(ExtentTestManager.java:22)
at com.restfulbooker.apitest.listeners.ExtentTestManager.startTest(ExtentTestManager.java:22)
at com.restfulbooker.apitest.listeners.ExtentTestManager.startTest(ExtentTestManager.java:22)
at com.restfulbooker.apitest.listeners.ExtentTestManager.startTest(ExtentTestManager.java:22)
at com.restfulbooker.apitest.listeners.ExtentTestManager.startTest(ExtentTestManager.java:22)
at com.restfulbooker.apitest.listeners.ExtentTestManager.startTest(ExtentTestManager.java:22)
at com.restfulbooker.apitest.listeners.ExtentTestManager.startTest(ExtentTestManager.java:22)
at com.restfulbooker.apitest.listeners.ExtentTestManager.startTest(ExtentTestManager.java:22)
at com.restfulbooker.apitest.listeners.ExtentTestManager.startTest(ExtentTestManager.java:22)
at com.restfulbooker.apitest.listeners.ExtentTestManager.startTest(ExtentTestManager.java:22)
at com.restfulbooker.apitest.listeners.ExtentTestManager.startTest(ExtentTestManager.java:22)
at com.restfulbooker.apitest.listeners.ExtentTestManager.startTest(ExtentTestManager.java:22)
at com.restfulbooker.apitest.listeners.ExtentTestManager.startTest(ExtentTestManager.java:22)
at com.restfulbooker.apitest.listeners.ExtentTestManager.startTest(ExtentTestManager.java:22)
at com.restfulbooker.apitest.listeners.ExtentTestManager.startTest(ExtentTestManager.java:22)
at com.restfulbooker.apitest.listeners.ExtentTestManager.startTest(ExtentTestManager.java:22)
at com.restfulbooker.apitest.listeners.ExtentTestManager.startTest(ExtentTestManager.java:22)
at com.restfulbooker.apitest.listeners.ExtentTestManager.startTest(ExtentTestManager.java:22)
at com.restfulbooker.apitest.listeners.ExtentTestManager.startTest(ExtentTestManager.java:22)
at com.restfulbooker.apitest.listeners.ExtentTestManager.startTest(ExtentTestManager.java:22)
at com.restfulbooker.apitest.listeners.ExtentTestManager.startTest(ExtentTestManager.java:22)
at com.restfulbooker.apitest.listeners.ExtentTestManager.startTest(ExtentTestManager.java:22)
at com.restfulbooker.apitest.listeners.ExtentTestManager.startTest(ExtentTestManager.java:22)
at com.restfulbooker.apitest.listeners.ExtentTestManager.startTest(ExtentTestManager.java:22)
at com.restfulbooker.apitest.listeners.ExtentTestManager.startTest(ExtentTestManager.java:22)
at com.restfulbooker.apitest.listeners.ExtentTestManager.startTest(ExtentTestManager.java:22)
at com.restfulbooker.apitest.listeners.ExtentTestManager.startTest(ExtentTestManager.java:22)
at com.restfulbooker.apitest.listeners.ExtentTestManager.startTest(ExtentTestManager.java:22)
at com.restfulbooker.apitest.listeners.ExtentTestManager.startTest(ExtentTestManager.java:22)
at com.restfulbooker.apitest.listeners.ExtentTestManager.startTest(ExtentTestManager.java:22)
at com.restfulbooker.apitest.listeners.ExtentTestManager.startTest(ExtentTestManager.java:22)
at com.restfulbooker.apitest.listeners.ExtentTestManager.startTest(ExtentTestManager.java:22)
at com.restfulbooker.apitest.listeners.ExtentTestManager.startTest(ExtentTestManager.java:22)
at com.restfulbooker.apitest.listeners.ExtentTestManager.startTest(ExtentTestManager.java:22)
at com.restfulbooker.apitest.listeners.ExtentTestManager.startTest(ExtentTestManager.java:22)
at com.restfulbooker.apitest.listeners.ExtentTestManager.startTest(ExtentTestManager.java:22)
at com.restfulbooker.apitest.listeners.ExtentTestManager.startTest(ExtentTestManager.java:22)
at com.restfulbooker.apitest.listeners.ExtentTestManager.startTest(ExtentTestManager.java:22)
at com.restfulbooker.apitest.listeners.ExtentTestManager.startTest(ExtentTestManager.java:22)
at com.restfulbooker.apitest.listeners.ExtentTestManager.startTest(ExtentTestManager.java:22)
at com.restfulbooker.apitest.listeners.ExtentTestManager.startTest(ExtentTestManager.java:22)
at com.restfulbooker.apitest.listeners.ExtentTestManager.startTest(ExtentTestManager.java:22)
at com.restfulbooker.apitest.listeners.ExtentTestManager.startTest(ExtentTestManager.java:22)
at com.restfulbooker.apitest.listeners.ExtentTestManager.startTest(ExtentTestManager.java:22)
at com.restfulbooker.apitest.listeners.ExtentTestManager.startTest(ExtentTestManager.java:22)
at com.restfulbooker.apitest.listeners.ExtentTestManager.startTest(ExtentTestManager.java:22)
at com.restfulbooker.apitest.listeners.ExtentTestManager.startTest(ExtentTestManager.java:22)
at com.restfulbooker.apitest.listeners.ExtentTestManager.startTest(ExtentTestManager.java:22)
at com.restfulbooker.apitest.listeners.ExtentTestManager.startTest(ExtentTestManager.java:22)
at com.restfulbooker.apitest.listeners.ExtentTestManager.startTest(ExtentTestManager.java:22)
at com.restfulbooker.apitest.listeners.ExtentTestManager.startTest(ExtentTestManager.java:22)
at com.restfulbooker.apitest.listeners.ExtentTestManager.startTest(ExtentTestManager.java:22)
at com.restfulbooker.apitest.listeners.ExtentTestManager.startTest(ExtentTestManager.java:22)
at com.restfulbooker.apitest.listeners.ExtentTestManager.startTest(ExtentTestManager.java:22)
at com.restfulbooker.apitest.listeners.ExtentTestManager.startTest(ExtentTestManager.java:22)
at com.restfulbooker.apitest.listeners.ExtentTestManager.startTest(ExtentTestManager.java:22)
at com.restfulbooker.apitest.listeners.ExtentTestManager.startTest(ExtentTestManager.java:22)
at com.restfulbooker.apitest.listeners.ExtentTestManager.startTest(ExtentTestManager.java:22)
at com.restfulbooker.apitest.listeners.ExtentTestManager.startTest(ExtentTestManager.java:22)
at com.restfulbooker.apitest.listeners.ExtentTestManager.startTest(ExtentTestManager.java:22)
at com.restfulbooker.apitest.listeners.ExtentTestManager.startTest(ExtentTestManager.java:22)
at com.restfulbooker.apitest.listeners.ExtentTestManager.startTest(ExtentTestManager.java:22)
at com.restfulbooker.apitest.listeners.ExtentTestManager.startTest(ExtentTestManager.java:22)
at com.restfulbooker.apitest.listeners.ExtentTestManager.startTest(ExtentTestManager.java:22)
at com.restfulbooker.apitest.listeners.ExtentTestManager.startTest(ExtentTestManager.java:22)
at com.restfulbooker.apitest.listeners.ExtentTestManager.startTest(ExtentTestManager.java:22)
at com.restfulbooker.apitest.listeners.ExtentTestManager.startTest(ExtentTestManager.java:22)
at com.restfulbooker.apitest.listeners.ExtentTestManager.startTest(ExtentTestManager.java:22)
at com.restfulbooker.apitest.listeners.ExtentTestManager.startTest(ExtentTestManager.java:22)
at com.restfulbooker.apitest.listeners.ExtentTestManager.startTest(ExtentTestManager.java:22)
at com.restfulbooker.apitest.listeners.ExtentTestManager.startTest(ExtentTestManager.java:22)
at com.restfulbooker.apitest.listeners.ExtentTestManager.startTest(ExtentTestManager.java:22)
at com.restfulbooker.apitest.listeners.ExtentTestManager.startTest(ExtentTestManager.java:22)
at com.restfulbooker.apitest.listeners.ExtentTestManager.startTest(ExtentTestManager.java:22)
at com.restfulbooker.apitest.listeners.ExtentTestManager.startTest(ExtentTestManager.java:22)
at com.restfulbooker.apitest.listeners.ExtentTestManager.startTest(ExtentTestManager.java:22)
at com.restfulbooker.apitest.listeners.ExtentTestManager.startTest(ExtentTestManager.java:22)
at com.restfulbooker.apitest.listeners.ExtentTestManager.startTest(ExtentTestManager.java:22)
at com.restfulbooker.apitest.listeners.ExtentTestManager.startTest(ExtentTestManager.java:22)
at com.restfulbooker.apitest.listeners.ExtentTestManager.startTest(ExtentTestManager.java:22)
at com.restfulbooker.apitest.listeners.ExtentTestManager.startTest(ExtentTestManager.java:22)
at com.restfulbooker.apitest.listeners.ExtentTestManager.startTest(ExtentTestManager.java:22)
at com.restfulbooker.apitest.listeners.ExtentTestManager.startTest(ExtentTestManager.java:22)
at com.restfulbooker.apitest.listeners.ExtentTestManager.startTest(ExtentTestManager.java:22)
at com.restfulbooker.apitest.listeners.ExtentTestManager.startTest(ExtentTestManager.java:22)
at com.restfulbooker.apitest.listeners.ExtentTestManager.startTest(ExtentTestManager.java:22)
at com.restfulbooker.apitest.listeners.ExtentTestManager.startTest(ExtentTestManager.java:22)
at com.restfulbooker.apitest.listeners.ExtentTestManager.startTest(ExtentTestManager.java:22)
at com.restfulbooker.apitest.listeners.ExtentTestManager.startTest(ExtentTestManager.java:22)
at com.restfulbooker.apitest.listeners.ExtentTestManager.startTest(ExtentTestManager.java:22)
at com.restfulbooker.apitest.listeners.ExtentTestManager.startTest(ExtentTestManager.java:22)
at com.restfulbooker.apitest.listeners.ExtentTestManager.startTest(ExtentTestManager.java:22)
at com.restfulbooker.apitest.listeners.ExtentTestManager.startTest(ExtentTestManager.java:22)
at com.restfulbooker.apitest.listeners.ExtentTestManager.startTest(ExtentTestManager.java:22)
at com.restfulbooker.apitest.listeners.ExtentTestManager.startTest(ExtentTestManager.java:22)
at com.restfulbooker.apitest.listeners.ExtentTestManager.startTest(ExtentTestManager.java:22)
at com.restfulbooker.apitest.listeners.ExtentTestManager.startTest(ExtentTestManager.java:22)
at com.restfulbooker.apitest.listeners.ExtentTestManager.startTest(ExtentTestManager.java:22)
at com.restfulbooker.apitest.listeners.ExtentTestManager.startTest(ExtentTestManager.java:22)
at com.restfulbooker.apitest.listeners.ExtentTestManager.startTest(ExtentTestManager.java:22)
at com.restfulbooker.apitest.listeners.ExtentTestManager.startTest(ExtentTestManager.java:22)
at com.restfulbooker.apitest.listeners.ExtentTestManager.startTest(ExtentTestManager.java:22)
at com.restfulbooker.apitest.listeners.ExtentTestManager.startTest(ExtentTestManager.java:22)
at com.restfulbooker.apitest.listeners.ExtentTestManager.startTest(ExtentTestManager.java:22)
at com.restfulbooker.apitest.listeners.ExtentTestManager.startTest(ExtentTestManager.java:22)
at com.restfulbooker.apitest.listeners.ExtentTestManager.startTest(ExtentTestManager.java:22)
at com.restfulbooker.apitest.listeners.ExtentTestManager.startTest(ExtentTestManager.java:22)
at com.restfulbooker.apitest.listeners.ExtentTestManager.startTest(ExtentTestManager.java:22)
at com.restfulbooker.apitest.listeners.ExtentTestManager.startTest(ExtentTestManager.java:22)
at com.restfulbooker.apitest.listeners.ExtentTestManager.startTest(ExtentTestManager.java:22)
at com.restfulbooker.apitest.listeners.ExtentTestManager.startTest(ExtentTestManager.java:22)
at com.restfulbooker.apitest.listeners.ExtentTestManager.startTest(ExtentTestManager.java:22)
at com.restfulbooker.apitest.listeners.ExtentTestManager.startTest(ExtentTestManager.java:22)
at com.restfulbooker.apitest.listeners.ExtentTestManager.startTest(ExtentTestManager.java:22)
at com.restfulbooker.apitest.listeners.ExtentTestManager.startTest(ExtentTestManager.java:22)
at com.restfulbooker.apitest.listeners.ExtentTestManager.startTest(ExtentTestManager.java:22)
at com.restfulbooker.apitest.listeners.ExtentTestManager.startTest(ExtentTestManager.java:22)
at com.restfulbooker.apitest.listeners.ExtentTestManager.startTest(ExtentTestManager.java:22)
at com.restfulbooker.apitest.listeners.ExtentTestManager.startTest(ExtentTestManager.java:22)
at com.restfulbooker.apitest.listeners.ExtentTestManager.startTest(ExtentTestManager.java:22)
at com.restfulbooker.apitest.listeners.ExtentTestManager.startTest(ExtentTestManager.java:22)
at com.restfulbooker.apitest.listeners.ExtentTestManager.startTest(ExtentTestManager.java:22)
at com.restfulbooker.apitest.listeners.ExtentTestManager.startTest(ExtentTestManager.java:22)
at com.restfulbooker.apitest.listeners.ExtentTestManager.startTest(ExtentTestManager.java:22)
at com.restfulbooker.apitest.listeners.ExtentTestManager.startTest(ExtentTestManager.java:22)
at com.restfulbooker.apitest.listeners.ExtentTestManager.startTest(ExtentTestManager.java:22)
at com.restfulbooker.apitest.listeners.ExtentTestManager.startTest(ExtentTestManager.java:22)
at com.restfulbooker.apitest.listeners.ExtentTestManager.startTest(ExtentTestManager.java:22)
at com.restfulbooker.apitest.listeners.ExtentTestManager.startTest(ExtentTestManager.java:22)
at com.restfulbooker.apitest.listeners.ExtentTestManager.startTest(ExtentTestManager.java:22)
at com.restfulbooker.apitest.listeners.ExtentTestManager.startTest(ExtentTestManager.java:22)
at com.restfulbooker.apitest.listeners.ExtentTestManager.startTest(ExtentTestManager.java:22)
at com.restfulbooker.apitest.listeners.ExtentTestManager.startTest(ExtentTestManager.java:22)
at com.restfulbooker.apitest.listeners.ExtentTestManager.startTest(ExtentTestManager.java:22)
at com.restfulbooker.apitest.listeners.ExtentTestManager.startTest(ExtentTestManager.java:22)
at com.restfulbooker.apitest.listeners.ExtentTestManager.startTest(ExtentTestManager.java:22)
at com.restfulbooker.apitest.listeners.ExtentTestManager.startTest(ExtentTestManager.java:22)
at com.restfulbooker.apitest.listeners.ExtentTestManager.startTest(ExtentTestManager.java:22)
at com.restfulbooker.apitest.listeners.ExtentTestManager.startTest(ExtentTestManager.java:22)
at com.restfulbooker.apitest.listeners.ExtentTestManager.startTest(ExtentTestManager.java:22)
at com.restfulbooker.apitest.listeners.ExtentTestManager.startTest(ExtentTestManager.java:22)
at com.restfulbooker.apitest.listeners.ExtentTestManager.startTest(ExtentTestManager.java:22)
at com.restfulbooker.apitest.listeners.ExtentTestManager.startTest(ExtentTestManager.java:22)
at com.restfulbooker.apitest.listeners.ExtentTestManager.startTest(ExtentTestManager.java:22)
at com.restfulbooker.apitest.listeners.ExtentTestManager.startTest(ExtentTestManager.java:22)
at com.restfulbooker.apitest.listeners.ExtentTestManager.startTest(ExtentTestManager.java:22)
at com.restfulbooker.apitest.listeners.ExtentTestManager.startTest(ExtentTestManager.java:22)
at com.restfulbooker.apitest.listeners.ExtentTestManager.startTest(ExtentTestManager.java:22)
at com.restfulbooker.apitest.listeners.ExtentTestManager.startTest(ExtentTestManager.java:22)
at com.restfulbooker.apitest.listeners.ExtentTestManager.startTest(ExtentTestManager.java:22)
at com.restfulbooker.apitest.listeners.ExtentTestManager.startTest(ExtentTestManager.java:22)
at com.restfulbooker.apitest.listeners.ExtentTestManager.startTest(ExtentTestManager.java:22)
at com.restfulbooker.apitest.listeners.ExtentTestManager.startTest(ExtentTestManager.java:22)
at com.restfulbooker.apitest.listeners.ExtentTestManager.startTest(ExtentTestManager.java:22)
at com.restfulbooker.apitest.listeners.ExtentTestManager.startTest(ExtentTestManager.java:22)
at com.restfulbooker.apitest.listeners.ExtentTestManager.startTest(ExtentTestManager.java:22)
at com.restfulbooker.apitest.listeners.ExtentTestManager.startTest(ExtentTestManager.java:22)
at com.restfulbooker.apitest.listeners.ExtentTestManager.startTest(ExtentTestManager.java:22)
at com.restfulbooker.apitest.listeners.ExtentTestManager.startTest(ExtentTestManager.java:22)
at com.restfulbooker.apitest.listeners.ExtentTestManager.startTest(ExtentTestManager.java:22)
at com.restfulbooker.apitest.listeners.ExtentTestManager.startTest(ExtentTestManager.java:22)
at com.restfulbooker.apitest.listeners.ExtentTestManager.startTest(ExtentTestManager.java:22)
at com.restfulbooker.apitest.listeners.ExtentTestManager.startTest(ExtentTestManager.java:22)
at com.restfulbooker.apitest.listeners.ExtentTestManager.startTest(ExtentTestManager.java:22)
at com.restfulbooker.apitest.listeners.ExtentTestManager.startTest(ExtentTestManager.java:22)
at com.restfulbooker.apitest.listeners.ExtentTestManager.startTest(ExtentTestManager.java:22)
at com.restfulbooker.apitest.listeners.ExtentTestManager.startTest(ExtentTestManager.java:22)
at com.restfulbooker.apitest.listeners.ExtentTestManager.startTest(ExtentTestManager.java:22)
at com.restfulbooker.apitest.listeners.ExtentTestManager.startTest(ExtentTestManager.java:22)
at com.restfulbooker.apitest.listeners.ExtentTestManager.startTest(ExtentTestManager.java:22)
at com.restfulbooker.apitest.listeners.ExtentTestManager.startTest(ExtentTestManager.java:22)
at com.restfulbooker.apitest.listeners.ExtentTestManager.startTest(ExtentTestManager.java:22)
at com.restfulbooker.apitest.listeners.ExtentTestManager.startTest(ExtentTestManager.java:22)
at com.restfulbooker.apitest.listeners.ExtentTestManager.startTest(ExtentTestManager.java:22)
at com.restfulbooker.apitest.listeners.ExtentTestManager.startTest(ExtentTestManager.java:22)
at com.restfulbooker.apitest.listeners.ExtentTestManager.startTest(ExtentTestManager.java:22)
at com.restfulbooker.apitest.listeners.ExtentTestManager.startTest(ExtentTestManager.java:22)
at com.restfulbooker.apitest.listeners.ExtentTestManager.startTest(ExtentTestManager.java:22)
at com.restfulbooker.apitest.listeners.ExtentTestManager.startTest(ExtentTestManager.java:22)
at com.restfulbooker.apitest.listeners.ExtentTestManager.startTest(ExtentTestManager.java:22)
at com.restfulbooker.apitest.listeners.ExtentTestManager.startTest(ExtentTestManager.java:22)
at com.restfulbooker.apitest.listeners.ExtentTestManager.startTest(ExtentTestManager.java:22)
at com.restfulbooker.apitest.listeners.ExtentTestManager.startTest(ExtentTestManager.java:22)
at com.restfulbooker.apitest.listeners.ExtentTestManager.startTest(ExtentTestManager.java:22)
at com.restfulbooker.apitest.listeners.ExtentTestManager.startTest(ExtentTestManager.java:22)
at com.restfulbooker.apitest.listeners.ExtentTestManager.startTest(ExtentTestManager.java:22)
at com.restfulbooker.apitest.listeners.ExtentTestManager.startTest(ExtentTestManager.java:22)
at com.restfulbooker.apitest.listeners.ExtentTestManager.startTest(ExtentTestManager.java:22)
at com.restfulbooker.apitest.listeners.ExtentTestManager.startTest(ExtentTestManager.java:22)
at com.restfulbooker.apitest.listeners.ExtentTestManager.startTest(ExtentTestManager.java:22)
at com.restfulbooker.apitest.listeners.ExtentTestManager.startTest(ExtentTestManager.java:22)
at com.restfulbooker.apitest.listeners.ExtentTestManager.startTest(ExtentTestManager.java:22)
at com.restfulbooker.apitest.listeners.ExtentTestManager.startTest(ExtentTestManager.java:22)
at com.restfulbooker.apitest.listeners.ExtentTestManager.startTest(ExtentTestManager.java:22)
at com.restfulbooker.apitest.listeners.ExtentTestManager.startTest(ExtentTestManager.java:22)
at com.restfulbooker.apitest.listeners.ExtentTestManager.startTest(ExtentTestManager.java:22)
at com.restfulbooker.apitest.listeners.ExtentTestManager.startTest(ExtentTestManager.java:22)
]]>
    </failure>
  </testcase> <!-- validLoginTest -->
</testsuite> <!-- Default test -->
