<?xml version="1.0" encoding="UTF-8"?>
<testng-results ignored="0" total="1" passed="0" failed="1" skipped="0">
  <reporter-output>
  </reporter-output>
  <suite started-at="2024-06-30T18:40:20 IST" name="Default suite" finished-at="2024-06-30T18:40:21 IST" duration-ms="423">
    <groups>
    </groups>
    <test started-at="2024-06-30T18:40:20 IST" name="Default test" finished-at="2024-06-30T18:40:21 IST" duration-ms="423">
      <class name="com.restfulbooker.apitest.Scenarios.LoginTest">
        <test-method signature="validLoginTest(java.lang.reflect.Method)[pri:0, instance:com.restfulbooker.apitest.Scenarios.LoginTest@55b699ef]" started-at="2024-06-30T18:40:20 IST" name="validLoginTest" finished-at="2024-06-30T18:40:21 IST" duration-ms="314" status="FAIL">
          <params>
            <param index="0">
              <value>
                <![CDATA[public void com.restfulbooker.apitest.Scenarios.LoginTest.validLoginTest(java.lang.reflect.Method)]]>
              </value>
            </param>
          </params>
          <exception class="java.lang.StackOverflowError">
            <full-stacktrace>
              <![CDATA[java.lang.StackOverflowError
at com.restfulbooker.apitest.listeners.ExtentTestManager.startTest(ExtentTestManager.java:22)
at com.restfulbooker.apitest.listeners.ExtentTestManager.startTest(ExtentTestManager.java:22)
at com.restfulbooker.apitest.listeners.ExtentTestManager.startTest(ExtentTestManager.java:22)
at com.restfulbooker.apitest.listeners.ExtentTestManager.startTest(ExtentTestManager.java:22)
at com.restfulbooker.apitest.listeners.ExtentTestManager.startTest(ExtentTestManager.java:22)
at com.restfulbooker.apitest.listeners.ExtentTestManager.startTest(ExtentTestManager.java:22)
at com.restfulbooker.apitest.listeners.ExtentTestManager.startTest(ExtentTestManager.java:22)
at com.restfulbooker.apitest.listeners.ExtentTestManager.startTest(ExtentTestManager.java:22)
at com.restfulbooker.apitest.listeners.ExtentTestManager.startTest(ExtentTestManager.java:22)
at com.restfulbooker.apitest.listeners.ExtentTestManager.startTest(ExtentTestManager.java:22)
at com.restfulbooker.apitest.listeners.ExtentTestManager.startTest(ExtentTestManager.java:22)
at com.restfulbooker.apitest.listeners.ExtentTestManager.startTest(ExtentTestManager.java:22)
at com.restfulbooker.apitest.listeners.ExtentTestManager.startTest(ExtentTestManager.java:22)
at com.restfulbooker.apitest.listeners.ExtentTestManager.startTest(ExtentTestManager.java:22)
at com.restfulbooker.apitest.listeners.ExtentTestManager.startTest(ExtentTestManager.java:22)
at com.restfulbooker.apitest.listeners.ExtentTestManager.startTest(ExtentTestManager.java:22)
at com.restfulbooker.apitest.listeners.ExtentTestManager.startTest(ExtentTestManager.java:22)
at com.restfulbooker.apitest.listeners.ExtentTestManager.startTest(ExtentTestManager.java:22)
at com.restfulbooker.apitest.listeners.ExtentTestManager.startTest(ExtentTestManager.java:22)
at com.restfulbooker.apitest.listeners.ExtentTestManager.startTest(ExtentTestManager.java:22)
at com.restfulbooker.apitest.listeners.ExtentTestManager.startTest(ExtentTestManager.java:22)
at com.restfulbooker.apitest.listeners.ExtentTestManager.startTest(ExtentTestManager.java:22)
at com.restfulbooker.apitest.listeners.ExtentTestManager.startTest(ExtentTestManager.java:22)
at com.restfulbooker.apitest.listeners.ExtentTestManager.startTest(ExtentTestManager.java:22)
at com.restfulbooker.apitest.listeners.ExtentTestManager.startTest(ExtentTestManager.java:22)
at com.restfulbooker.apitest.listeners.ExtentTestManager.startTest(ExtentTestManager.java:22)
at com.restfulbooker.apitest.listeners.ExtentTestManager.startTest(ExtentTestManager.java:22)
at com.restfulbooker.apitest.listeners.ExtentTestManager.startTest(ExtentTestManager.java:22)
at com.restfulbooker.apitest.listeners.ExtentTestManager.startTest(ExtentTestManager.java:22)
at com.restfulbooker.apitest.listeners.ExtentTestManager.startTest(ExtentTestManager.java:22)
at com.restfulbooker.apitest.listeners.ExtentTestManager.startTest(ExtentTestManager.java:22)
at com.restfulbooker.apitest.listeners.ExtentTestManager.startTest(ExtentTestManager.java:22)
at com.restfulbooker.apitest.listeners.ExtentTestManager.startTest(ExtentTestManager.java:22)
at com.restfulbooker.apitest.listeners.ExtentTestManager.startTest(ExtentTestManager.java:22)
at com.restfulbooker.apitest.listeners.ExtentTestManager.startTest(ExtentTestManager.java:22)
at com.restfulbooker.apitest.listeners.ExtentTestManager.startTest(ExtentTestManager.java:22)
at com.restfulbooker.apitest.listeners.ExtentTestManager.startTest(ExtentTestManager.java:22)
at com.restfulbooker.apitest.listeners.ExtentTestManager.startTest(ExtentTestManager.java:22)
at com.restfulbooker.apitest.listeners.ExtentTestManager.startTest(ExtentTestManager.java:22)
at com.restfulbooker.apitest.listeners.ExtentTestManager.startTest(ExtentTestManager.java:22)
at com.restfulbooker.apitest.listeners.ExtentTestManager.startTest(ExtentTestManager.java:22)
at com.restfulbooker.apitest.listeners.ExtentTestManager.startTest(ExtentTestManager.java:22)
at com.restfulbooker.apitest.listeners.ExtentTestManager.startTest(ExtentTestManager.java:22)
at com.restfulbooker.apitest.listeners.ExtentTestManager.startTest(ExtentTestManager.java:22)
at com.restfulbooker.apitest.listeners.ExtentTestManager.startTest(ExtentTestManager.java:22)
at com.restfulbooker.apitest.listeners.ExtentTestManager.startTest(ExtentTestManager.java:22)
at com.restfulbooker.apitest.listeners.ExtentTestManager.startTest(ExtentTestManager.java:22)
at com.restfulbooker.apitest.listeners.ExtentTestManager.startTest(ExtentTestManager.java:22)
at com.restfulbooker.apitest.listeners.ExtentTestManager.startTest(ExtentTestManager.java:22)
at com.restfulbooker.apitest.listeners.ExtentTestManager.startTest(ExtentTestManager.java:22)
at com.restfulbooker.apitest.listeners.ExtentTestManager.startTest(ExtentTestManager.java:22)
at com.restfulbooker.apitest.listeners.ExtentTestManager.startTest(ExtentTestManager.java:22)
at com.restfulbooker.apitest.listeners.ExtentTestManager.startTest(ExtentTestManager.java:22)
at com.restfulbooker.apitest.listeners.ExtentTestManager.startTest(ExtentTestManager.java:22)
at com.restfulbooker.apitest.listeners.ExtentTestManager.startTest(ExtentTestManager.java:22)
at com.restfulbooker.apitest.listeners.ExtentTestManager.startTest(ExtentTestManager.java:22)
at com.restfulbooker.apitest.listeners.ExtentTestManager.startTest(ExtentTestManager.java:22)
at com.restfulbooker.apitest.listeners.ExtentTestManager.startTest(ExtentTestManager.java:22)
at com.restfulbooker.apitest.listeners.ExtentTestManager.startTest(ExtentTestManager.java:22)
at com.restfulbooker.apitest.listeners.ExtentTestManager.startTest(ExtentTestManager.java:22)
at com.restfulbooker.apitest.listeners.ExtentTestManager.startTest(ExtentTestManager.java:22)
at com.restfulbooker.apitest.listeners.ExtentTestManager.startTest(ExtentTestManager.java:22)
at com.restfulbooker.apitest.listeners.ExtentTestManager.startTest(ExtentTestManager.java:22)
at com.restfulbooker.apitest.listeners.ExtentTestManager.startTest(ExtentTestManager.java:22)
at com.restfulbooker.apitest.listeners.ExtentTestManager.startTest(ExtentTestManager.java:22)
at com.restfulbooker.apitest.listeners.ExtentTestManager.startTest(ExtentTestManager.java:22)
at com.restfulbooker.apitest.listeners.ExtentTestManager.startTest(ExtentTestManager.java:22)
at com.restfulbooker.apitest.listeners.ExtentTestManager.startTest(ExtentTestManager.java:22)
at com.restfulbooker.apitest.listeners.ExtentTestManager.startTest(ExtentTestManager.java:22)
at com.restfulbooker.apitest.listeners.ExtentTestManager.startTest(ExtentTestManager.java:22)
at com.restfulbooker.apitest.listeners.ExtentTestManager.startTest(ExtentTestManager.java:22)
at com.restfulbooker.apitest.listeners.ExtentTestManager.startTest(ExtentTestManager.java:22)
at com.restfulbooker.apitest.listeners.ExtentTestManager.startTest(ExtentTestManager.java:22)
at com.restfulbooker.apitest.listeners.ExtentTestManager.startTest(ExtentTestManager.java:22)
at com.restfulbooker.apitest.listeners.ExtentTestManager.startTest(ExtentTestManager.java:22)
at com.restfulbooker.apitest.listeners.ExtentTestManager.startTest(ExtentTestManager.java:22)
at com.restfulbooker.apitest.listeners.ExtentTestManager.startTest(ExtentTestManager.java:22)
at com.restfulbooker.apitest.listeners.ExtentTestManager.startTest(ExtentTestManager.java:22)
at com.restfulbooker.apitest.listeners.ExtentTestManager.startTest(ExtentTestManager.java:22)
at com.restfulbooker.apitest.listeners.ExtentTestManager.startTest(ExtentTestManager.java:22)
at com.restfulbooker.apitest.listeners.ExtentTestManager.startTest(ExtentTestManager.java:22)
at com.restfulbooker.apitest.listeners.ExtentTestManager.startTest(ExtentTestManager.java:22)
at com.restfulbooker.apitest.listeners.ExtentTestManager.startTest(ExtentTestManager.java:22)
at com.restfulbooker.apitest.listeners.ExtentTestManager.startTest(ExtentTestManager.java:22)
at com.restfulbooker.apitest.listeners.ExtentTestManager.startTest(ExtentTestManager.java:22)
at com.restfulbooker.apitest.listeners.ExtentTestManager.startTest(ExtentTestManager.java:22)
at com.restfulbooker.apitest.listeners.ExtentTestManager.startTest(ExtentTestManager.java:22)
at com.restfulbooker.apitest.listeners.ExtentTestManager.startTest(ExtentTestManager.java:22)
at com.restfulbooker.apitest.listeners.ExtentTestManager.startTest(ExtentTestManager.java:22)
at com.restfulbooker.apitest.listeners.ExtentTestManager.startTest(ExtentTestManager.java:22)
at com.restfulbooker.apitest.listeners.ExtentTestManager.startTest(ExtentTestManager.java:22)
at com.restfulbooker.apitest.listeners.ExtentTestManager.startTest(ExtentTestManager.java:22)
at com.restfulbooker.apitest.listeners.ExtentTestManager.startTest(ExtentTestManager.java:22)
at com.restfulbooker.apitest.listeners.ExtentTestManager.startTest(ExtentTestManager.java:22)
at com.restfulbooker.apitest.listeners.ExtentTestManager.startTest(ExtentTestManager.java:22)
at com.restfulbooker.apitest.listeners.ExtentTestManager.startTest(ExtentTestManager.java:22)
at com.restfulbooker.apitest.listeners.ExtentTestManager.startTest(ExtentTestManager.java:22)
at com.restfulbooker.apitest.listeners.ExtentTestManager.startTest(ExtentTestManager.java:22)
at com.restfulbooker.apitest.listeners.ExtentTestManager.startTest(ExtentTestManager.java:22)
at com.restfulbooker.apitest.listeners.ExtentTestManager.startTest(ExtentTestManager.java:22)
at com.restfulbooker.apitest.listeners.ExtentTestManager.startTest(ExtentTestManager.java:22)
at com.restfulbooker.apitest.listeners.ExtentTestManager.startTest(ExtentTestManager.java:22)
at com.restfulbooker.apitest.listeners.ExtentTestManager.startTest(ExtentTestManager.java:22)
at com.restfulbooker.apitest.listeners.ExtentTestManager.startTest(ExtentTestManager.java:22)
at com.restfulbooker.apitest.listeners.ExtentTestManager.startTest(ExtentTestManager.java:22)
at com.restfulbooker.apitest.listeners.ExtentTestManager.startTest(ExtentTestManager.java:22)
at com.restfulbooker.apitest.listeners.ExtentTestManager.startTest(ExtentTestManager.java:22)
at com.restfulbooker.apitest.listeners.ExtentTestManager.startTest(ExtentTestManager.java:22)
at com.restfulbooker.apitest.listeners.ExtentTestManager.startTest(ExtentTestManager.java:22)
at com.restfulbooker.apitest.listeners.ExtentTestManager.startTest(ExtentTestManager.java:22)
at com.restfulbooker.apitest.listeners.ExtentTestManager.startTest(ExtentTestManager.java:22)
at com.restfulbooker.apitest.listeners.ExtentTestManager.startTest(ExtentTestManager.java:22)
at com.restfulbooker.apitest.listeners.ExtentTestManager.startTest(ExtentTestManager.java:22)
at com.restfulbooker.apitest.listeners.ExtentTestManager.startTest(ExtentTestManager.java:22)
at com.restfulbooker.apitest.listeners.ExtentTestManager.startTest(ExtentTestManager.java:22)
at com.restfulbooker.apitest.listeners.ExtentTestManager.startTest(ExtentTestManager.java:22)
at com.restfulbooker.apitest.listeners.ExtentTestManager.startTest(ExtentTestManager.java:22)
at com.restfulbooker.apitest.listeners.ExtentTestManager.startTest(ExtentTestManager.java:22)
at com.restfulbooker.apitest.listeners.ExtentTestManager.startTest(ExtentTestManager.java:22)
at com.restfulbooker.apitest.listeners.ExtentTestManager.startTest(ExtentTestManager.java:22)
at com.restfulbooker.apitest.listeners.ExtentTestManager.startTest(ExtentTestManager.java:22)
at com.restfulbooker.apitest.listeners.ExtentTestManager.startTest(ExtentTestManager.java:22)
at com.restfulbooker.apitest.listeners.ExtentTestManager.startTest(ExtentTestManager.java:22)
at com.restfulbooker.apitest.listeners.ExtentTestManager.startTest(ExtentTestManager.java:22)
at com.restfulbooker.apitest.listeners.ExtentTestManager.startTest(ExtentTestManager.java:22)
at com.restfulbooker.apitest.listeners.ExtentTestManager.startTest(ExtentTestManager.java:22)
at com.restfulbooker.apitest.listeners.ExtentTestManager.startTest(ExtentTestManager.java:22)
at com.restfulbooker.apitest.listeners.ExtentTestManager.startTest(ExtentTestManager.java:22)
at com.restfulbooker.apitest.listeners.ExtentTestManager.startTest(ExtentTestManager.java:22)
at com.restfulbooker.apitest.listeners.ExtentTestManager.startTest(ExtentTestManager.java:22)
at com.restfulbooker.apitest.listeners.ExtentTestManager.startTest(ExtentTestManager.java:22)
at com.restfulbooker.apitest.listeners.ExtentTestManager.startTest(ExtentTestManager.java:22)
at com.restfulbooker.apitest.listeners.ExtentTestManager.startTest(ExtentTestManager.java:22)
at com.restfulbooker.apitest.listeners.ExtentTestManager.startTest(ExtentTestManager.java:22)
at com.restfulbooker.apitest.listeners.ExtentTestManager.startTest(ExtentTestManager.java:22)
at com.restfulbooker.apitest.listeners.ExtentTestManager.startTest(ExtentTestManager.java:22)
at com.restfulbooker.apitest.listeners.ExtentTestManager.startTest(ExtentTestManager.java:22)
at com.restfulbooker.apitest.listeners.ExtentTestManager.startTest(ExtentTestManager.java:22)
at com.restfulbooker.apitest.listeners.ExtentTestManager.startTest(ExtentTestManager.java:22)
at com.restfulbooker.apitest.listeners.ExtentTestManager.startTest(ExtentTestManager.java:22)
at com.restfulbooker.apitest.listeners.ExtentTestManager.startTest(ExtentTestManager.java:22)
at com.restfulbooker.apitest.listeners.ExtentTestManager.startTest(ExtentTestManager.java:22)
at com.restfulbooker.apitest.listeners.ExtentTestManager.startTest(ExtentTestManager.java:22)
at com.restfulbooker.apitest.listeners.ExtentTestManager.startTest(ExtentTestManager.java:22)
at com.restfulbooker.apitest.listeners.ExtentTestManager.startTest(ExtentTestManager.java:22)
at com.restfulbooker.apitest.listeners.ExtentTestManager.startTest(ExtentTestManager.java:22)
at com.restfulbooker.apitest.listeners.ExtentTestManager.startTest(ExtentTestManager.java:22)
at com.restfulbooker.apitest.listeners.ExtentTestManager.startTest(ExtentTestManager.java:22)
at com.restfulbooker.apitest.listeners.ExtentTestManager.startTest(ExtentTestManager.java:22)
at com.restfulbooker.apitest.listeners.ExtentTestManager.startTest(ExtentTestManager.java:22)
at com.restfulbooker.apitest.listeners.ExtentTestManager.startTest(ExtentTestManager.java:22)
at com.restfulbooker.apitest.listeners.ExtentTestManager.startTest(ExtentTestManager.java:22)
at com.restfulbooker.apitest.listeners.ExtentTestManager.startTest(ExtentTestManager.java:22)
at com.restfulbooker.apitest.listeners.ExtentTestManager.startTest(ExtentTestManager.java:22)
at com.restfulbooker.apitest.listeners.ExtentTestManager.startTest(ExtentTestManager.java:22)
at com.restfulbooker.apitest.listeners.ExtentTestManager.startTest(ExtentTestManager.java:22)
at com.restfulbooker.apitest.listeners.ExtentTestManager.startTest(ExtentTestManager.java:22)
at com.restfulbooker.apitest.listeners.ExtentTestManager.startTest(ExtentTestManager.java:22)
at com.restfulbooker.apitest.listeners.ExtentTestManager.startTest(ExtentTestManager.java:22)
at com.restfulbooker.apitest.listeners.ExtentTestManager.startTest(ExtentTestManager.java:22)
at com.restfulbooker.apitest.listeners.ExtentTestManager.startTest(ExtentTestManager.java:22)
at com.restfulbooker.apitest.listeners.ExtentTestManager.startTest(ExtentTestManager.java:22)
at com.restfulbooker.apitest.listeners.ExtentTestManager.startTest(ExtentTestManager.java:22)
at com.restfulbooker.apitest.listeners.ExtentTestManager.startTest(ExtentTestManager.java:22)
at com.restfulbooker.apitest.listeners.ExtentTestManager.startTest(ExtentTestManager.java:22)
at com.restfulbooker.apitest.listeners.ExtentTestManager.startTest(ExtentTestManager.java:22)
at com.restfulbooker.apitest.listeners.ExtentTestManager.startTest(ExtentTestManager.java:22)
at com.restfulbooker.apitest.listeners.ExtentTestManager.startTest(ExtentTestManager.java:22)
at com.restfulbooker.apitest.listeners.ExtentTestManager.startTest(ExtentTestManager.java:22)
at com.restfulbooker.apitest.listeners.ExtentTestManager.startTest(ExtentTestManager.java:22)
at com.restfulbooker.apitest.listeners.ExtentTestManager.startTest(ExtentTestManager.java:22)
at com.restfulbooker.apitest.listeners.ExtentTestManager.startTest(ExtentTestManager.java:22)
at com.restfulbooker.apitest.listeners.ExtentTestManager.startTest(ExtentTestManager.java:22)
at com.restfulbooker.apitest.listeners.ExtentTestManager.startTest(ExtentTestManager.java:22)
at com.restfulbooker.apitest.listeners.ExtentTestManager.startTest(ExtentTestManager.java:22)
at com.restfulbooker.apitest.listeners.ExtentTestManager.startTest(ExtentTestManager.java:22)
at com.restfulbooker.apitest.listeners.ExtentTestManager.startTest(ExtentTestManager.java:22)
at com.restfulbooker.apitest.listeners.ExtentTestManager.startTest(ExtentTestManager.java:22)
at com.restfulbooker.apitest.listeners.ExtentTestManager.startTest(ExtentTestManager.java:22)
at com.restfulbooker.apitest.listeners.ExtentTestManager.startTest(ExtentTestManager.java:22)
at com.restfulbooker.apitest.listeners.ExtentTestManager.startTest(ExtentTestManager.java:22)
at com.restfulbooker.apitest.listeners.ExtentTestManager.startTest(ExtentTestManager.java:22)
at com.restfulbooker.apitest.listeners.ExtentTestManager.startTest(ExtentTestManager.java:22)
at com.restfulbooker.apitest.listeners.ExtentTestManager.startTest(ExtentTestManager.java:22)
at com.restfulbooker.apitest.listeners.ExtentTestManager.startTest(ExtentTestManager.java:22)
at com.restfulbooker.apitest.listeners.ExtentTestManager.startTest(ExtentTestManager.java:22)
at com.restfulbooker.apitest.listeners.ExtentTestManager.startTest(ExtentTestManager.java:22)
at com.restfulbooker.apitest.listeners.ExtentTestManager.startTest(ExtentTestManager.java:22)
at com.restfulbooker.apitest.listeners.ExtentTestManager.startTest(ExtentTestManager.java:22)
at com.restfulbooker.apitest.listeners.ExtentTestManager.startTest(ExtentTestManager.java:22)
at com.restfulbooker.apitest.listeners.ExtentTestManager.startTest(ExtentTestManager.java:22)
at com.restfulbooker.apitest.listeners.ExtentTestManager.startTest(ExtentTestManager.java:22)
at com.restfulbooker.apitest.listeners.ExtentTestManager.startTest(ExtentTestManager.java:22)
at com.restfulbooker.apitest.listeners.ExtentTestManager.startTest(ExtentTestManager.java:22)
at com.restfulbooker.apitest.listeners.ExtentTestManager.startTest(ExtentTestManager.java:22)
at com.restfulbooker.apitest.listeners.ExtentTestManager.startTest(ExtentTestManager.java:22)
at com.restfulbooker.apitest.listeners.ExtentTestManager.startTest(ExtentTestManager.java:22)
at com.restfulbooker.apitest.listeners.ExtentTestManager.startTest(ExtentTestManager.java:22)
at com.restfulbooker.apitest.listeners.ExtentTestManager.startTest(ExtentTestManager.java:22)
at com.restfulbooker.apitest.listeners.ExtentTestManager.startTest(ExtentTestManager.java:22)
at com.restfulbooker.apitest.listeners.ExtentTestManager.startTest(ExtentTestManager.java:22)
at com.restfulbooker.apitest.listeners.ExtentTestManager.startTest(ExtentTestManager.java:22)
at com.restfulbooker.apitest.listeners.ExtentTestManager.startTest(ExtentTestManager.java:22)
at com.restfulbooker.apitest.listeners.ExtentTestManager.startTest(ExtentTestManager.java:22)
at com.restfulbooker.apitest.listeners.ExtentTestManager.startTest(ExtentTestManager.java:22)
at com.restfulbooker.apitest.listeners.ExtentTestManager.startTest(ExtentTestManager.java:22)
at com.restfulbooker.apitest.listeners.ExtentTestManager.startTest(ExtentTestManager.java:22)
at com.restfulbooker.apitest.listeners.ExtentTestManager.startTest(ExtentTestManager.java:22)
at com.restfulbooker.apitest.listeners.ExtentTestManager.startTest(ExtentTestManager.java:22)
at com.restfulbooker.apitest.listeners.ExtentTestManager.startTest(ExtentTestManager.java:22)
at com.restfulbooker.apitest.listeners.ExtentTestManager.startTest(ExtentTestManager.java:22)
at com.restfulbooker.apitest.listeners.ExtentTestManager.startTest(ExtentTestManager.java:22)
at com.restfulbooker.apitest.listeners.ExtentTestManager.startTest(ExtentTestManager.java:22)
at com.restfulbooker.apitest.listeners.ExtentTestManager.startTest(ExtentTestManager.java:22)
at com.restfulbooker.apitest.listeners.ExtentTestManager.startTest(ExtentTestManager.java:22)
at com.restfulbooker.apitest.listeners.ExtentTestManager.startTest(ExtentTestManager.java:22)
at com.restfulbooker.apitest.listeners.ExtentTestManager.startTest(ExtentTestManager.java:22)
at com.restfulbooker.apitest.listeners.ExtentTestManager.startTest(ExtentTestManager.java:22)
at com.restfulbooker.apitest.listeners.ExtentTestManager.startTest(ExtentTestManager.java:22)
at com.restfulbooker.apitest.listeners.ExtentTestManager.startTest(ExtentTestManager.java:22)
at com.restfulbooker.apitest.listeners.ExtentTestManager.startTest(ExtentTestManager.java:22)
at com.restfulbooker.apitest.listeners.ExtentTestManager.startTest(ExtentTestManager.java:22)
at com.restfulbooker.apitest.listeners.ExtentTestManager.startTest(ExtentTestManager.java:22)
at com.restfulbooker.apitest.listeners.ExtentTestManager.startTest(ExtentTestManager.java:22)
at com.restfulbooker.apitest.listeners.ExtentTestManager.startTest(ExtentTestManager.java:22)
at com.restfulbooker.apitest.listeners.ExtentTestManager.startTest(ExtentTestManager.java:22)
at com.restfulbooker.apitest.listeners.ExtentTestManager.startTest(ExtentTestManager.java:22)
at com.restfulbooker.apitest.listeners.ExtentTestManager.startTest(ExtentTestManager.java:22)
at com.restfulbooker.apitest.listeners.ExtentTestManager.startTest(ExtentTestManager.java:22)
at com.restfulbooker.apitest.listeners.ExtentTestManager.startTest(ExtentTestManager.java:22)
at com.restfulbooker.apitest.listeners.ExtentTestManager.startTest(ExtentTestManager.java:22)
at com.restfulbooker.apitest.listeners.ExtentTestManager.startTest(ExtentTestManager.java:22)
at com.restfulbooker.apitest.listeners.ExtentTestManager.startTest(ExtentTestManager.java:22)
at com.restfulbooker.apitest.listeners.ExtentTestManager.startTest(ExtentTestManager.java:22)
at com.restfulbooker.apitest.listeners.ExtentTestManager.startTest(ExtentTestManager.java:22)
at com.restfulbooker.apitest.listeners.ExtentTestManager.startTest(ExtentTestManager.java:22)
at com.restfulbooker.apitest.listeners.ExtentTestManager.startTest(ExtentTestManager.java:22)
at com.restfulbooker.apitest.listeners.ExtentTestManager.startTest(ExtentTestManager.java:22)
at com.restfulbooker.apitest.listeners.ExtentTestManager.startTest(ExtentTestManager.java:22)
at com.restfulbooker.apitest.listeners.ExtentTestManager.startTest(ExtentTestManager.java:22)
at com.restfulbooker.apitest.listeners.ExtentTestManager.startTest(ExtentTestManager.java:22)
at com.restfulbooker.apitest.listeners.ExtentTestManager.startTest(ExtentTestManager.java:22)
at com.restfulbooker.apitest.listeners.ExtentTestManager.startTest(ExtentTestManager.java:22)
at com.restfulbooker.apitest.listeners.ExtentTestManager.startTest(ExtentTestManager.java:22)
at com.restfulbooker.apitest.listeners.ExtentTestManager.startTest(ExtentTestManager.java:22)
at com.restfulbooker.apitest.listeners.ExtentTestManager.startTest(ExtentTestManager.java:22)
at com.restfulbooker.apitest.listeners.ExtentTestManager.startTest(ExtentTestManager.java:22)
at com.restfulbooker.apitest.listeners.ExtentTestManager.startTest(ExtentTestManager.java:22)
at com.restfulbooker.apitest.listeners.ExtentTestManager.startTest(ExtentTestManager.java:22)
at com.restfulbooker.apitest.listeners.ExtentTestManager.startTest(ExtentTestManager.java:22)
at com.restfulbooker.apitest.listeners.ExtentTestManager.startTest(ExtentTestManager.java:22)
at com.restfulbooker.apitest.listeners.ExtentTestManager.startTest(ExtentTestManager.java:22)
at com.restfulbooker.apitest.listeners.ExtentTestManager.startTest(ExtentTestManager.java:22)
at com.restfulbooker.apitest.listeners.ExtentTestManager.startTest(ExtentTestManager.java:22)
at com.restfulbooker.apitest.listeners.ExtentTestManager.startTest(ExtentTestManager.java:22)
at com.restfulbooker.apitest.listeners.ExtentTestManager.startTest(ExtentTestManager.java:22)
at com.restfulbooker.apitest.listeners.ExtentTestManager.startTest(ExtentTestManager.java:22)
at com.restfulbooker.apitest.listeners.ExtentTestManager.startTest(ExtentTestManager.java:22)
at com.restfulbooker.apitest.listeners.ExtentTestManager.startTest(ExtentTestManager.java:22)
at com.restfulbooker.apitest.listeners.ExtentTestManager.startTest(ExtentTestManager.java:22)
at com.restfulbooker.apitest.listeners.ExtentTestManager.startTest(ExtentTestManager.java:22)
at com.restfulbooker.apitest.listeners.ExtentTestManager.startTest(ExtentTestManager.java:22)
at com.restfulbooker.apitest.listeners.ExtentTestManager.startTest(ExtentTestManager.java:22)
at com.restfulbooker.apitest.listeners.ExtentTestManager.startTest(ExtentTestManager.java:22)
at com.restfulbooker.apitest.listeners.ExtentTestManager.startTest(ExtentTestManager.java:22)
at com.restfulbooker.apitest.listeners.ExtentTestManager.startTest(ExtentTestManager.java:22)
at com.restfulbooker.apitest.listeners.ExtentTestManager.startTest(ExtentTestManager.java:22)
at com.restfulbooker.apitest.listeners.ExtentTestManager.startTest(ExtentTestManager.java:22)
at com.restfulbooker.apitest.listeners.ExtentTestManager.startTest(ExtentTestManager.java:22)
at com.restfulbooker.apitest.listeners.ExtentTestManager.startTest(ExtentTestManager.java:22)
at com.restfulbooker.apitest.listeners.ExtentTestManager.startTest(ExtentTestManager.java:22)
at com.restfulbooker.apitest.listeners.ExtentTestManager.startTest(ExtentTestManager.java:22)
at com.restfulbooker.apitest.listeners.ExtentTestManager.startTest(ExtentTestManager.java:22)
at com.restfulbooker.apitest.listeners.ExtentTestManager.startTest(ExtentTestManager.java:22)
at com.restfulbooker.apitest.listeners.ExtentTestManager.startTest(ExtentTestManager.java:22)
at com.restfulbooker.apitest.listeners.ExtentTestManager.startTest(ExtentTestManager.java:22)
at com.restfulbooker.apitest.listeners.ExtentTestManager.startTest(ExtentTestManager.java:22)
at com.restfulbooker.apitest.listeners.ExtentTestManager.startTest(ExtentTestManager.java:22)
at com.restfulbooker.apitest.listeners.ExtentTestManager.startTest(ExtentTestManager.java:22)
at com.restfulbooker.apitest.listeners.ExtentTestManager.startTest(ExtentTestManager.java:22)
at com.restfulbooker.apitest.listeners.ExtentTestManager.startTest(ExtentTestManager.java:22)
at com.restfulbooker.apitest.listeners.ExtentTestManager.startTest(ExtentTestManager.java:22)
at com.restfulbooker.apitest.listeners.ExtentTestManager.startTest(ExtentTestManager.java:22)
at com.restfulbooker.apitest.listeners.ExtentTestManager.startTest(ExtentTestManager.java:22)
at com.restfulbooker.apitest.listeners.ExtentTestManager.startTest(ExtentTestManager.java:22)
at com.restfulbooker.apitest.listeners.ExtentTestManager.startTest(ExtentTestManager.java:22)
at com.restfulbooker.apitest.listeners.ExtentTestManager.startTest(ExtentTestManager.java:22)
at com.restfulbooker.apitest.listeners.ExtentTestManager.startTest(ExtentTestManager.java:22)
at com.restfulbooker.apitest.listeners.ExtentTestManager.startTest(ExtentTestManager.java:22)
at com.restfulbooker.apitest.listeners.ExtentTestManager.startTest(ExtentTestManager.java:22)
at com.restfulbooker.apitest.listeners.ExtentTestManager.startTest(ExtentTestManager.java:22)
at com.restfulbooker.apitest.listeners.ExtentTestManager.startTest(ExtentTestManager.java:22)
at com.restfulbooker.apitest.listeners.ExtentTestManager.startTest(ExtentTestManager.java:22)
at com.restfulbooker.apitest.listeners.ExtentTestManager.startTest(ExtentTestManager.java:22)
at com.restfulbooker.apitest.listeners.ExtentTestManager.startTest(ExtentTestManager.java:22)
at com.restfulbooker.apitest.listeners.ExtentTestManager.startTest(ExtentTestManager.java:22)
at com.restfulbooker.apitest.listeners.ExtentTestManager.startTest(ExtentTestManager.java:22)
at com.restfulbooker.apitest.listeners.ExtentTestManager.startTest(ExtentTestManager.java:22)
at com.restfulbooker.apitest.listeners.ExtentTestManager.startTest(ExtentTestManager.java:22)
at com.restfulbooker.apitest.listeners.ExtentTestManager.startTest(ExtentTestManager.java:22)
at com.restfulbooker.apitest.listeners.ExtentTestManager.startTest(ExtentTestManager.java:22)
at com.restfulbooker.apitest.listeners.ExtentTestManager.startTest(ExtentTestManager.java:22)
at com.restfulbooker.apitest.listeners.ExtentTestManager.startTest(ExtentTestManager.java:22)
at com.restfulbooker.apitest.listeners.ExtentTestManager.startTest(ExtentTestManager.java:22)
at com.restfulbooker.apitest.listeners.ExtentTestManager.startTest(ExtentTestManager.java:22)
at com.restfulbooker.apitest.listeners.ExtentTestManager.startTest(ExtentTestManager.java:22)
at com.restfulbooker.apitest.listeners.ExtentTestManager.startTest(ExtentTestManager.java:22)
at com.restfulbooker.apitest.listeners.ExtentTestManager.startTest(ExtentTestManager.java:22)
at com.restfulbooker.apitest.listeners.ExtentTestManager.startTest(ExtentTestManager.java:22)
at com.restfulbooker.apitest.listeners.ExtentTestManager.startTest(ExtentTestManager.java:22)
at com.restfulbooker.apitest.listeners.ExtentTestManager.startTest(ExtentTestManager.java:22)
at com.restfulbooker.apitest.listeners.ExtentTestManager.startTest(ExtentTestManager.java:22)
at com.restfulbooker.apitest.listeners.ExtentTestManager.startTest(ExtentTestManager.java:22)
at com.restfulbooker.apitest.listeners.ExtentTestManager.startTest(ExtentTestManager.java:22)
at com.restfulbooker.apitest.listeners.ExtentTestManager.startTest(ExtentTestManager.java:22)
at com.restfulbooker.apitest.listeners.ExtentTestManager.startTest(ExtentTestManager.java:22)
at com.restfulbooker.apitest.listeners.ExtentTestManager.startTest(ExtentTestManager.java:22)
at com.restfulbooker.apitest.listeners.ExtentTestManager.startTest(ExtentTestManager.java:22)
at com.restfulbooker.apitest.listeners.ExtentTestManager.startTest(ExtentTestManager.java:22)
at com.restfulbooker.apitest.listeners.ExtentTestManager.startTest(ExtentTestManager.java:22)
at com.restfulbooker.apitest.listeners.ExtentTestManager.startTest(ExtentTestManager.java:22)
at com.restfulbooker.apitest.listeners.ExtentTestManager.startTest(ExtentTestManager.java:22)
at com.restfulbooker.apitest.listeners.ExtentTestManager.startTest(ExtentTestManager.java:22)
at com.restfulbooker.apitest.listeners.ExtentTestManager.startTest(ExtentTestManager.java:22)
at com.restfulbooker.apitest.listeners.ExtentTestManager.startTest(ExtentTestManager.java:22)
at com.restfulbooker.apitest.listeners.ExtentTestManager.startTest(ExtentTestManager.java:22)
at com.restfulbooker.apitest.listeners.ExtentTestManager.startTest(ExtentTestManager.java:22)
at com.restfulbooker.apitest.listeners.ExtentTestManager.startTest(ExtentTestManager.java:22)
at com.restfulbooker.apitest.listeners.ExtentTestManager.startTest(ExtentTestManager.java:22)
at com.restfulbooker.apitest.listeners.ExtentTestManager.startTest(ExtentTestManager.java:22)
at com.restfulbooker.apitest.listeners.ExtentTestManager.startTest(ExtentTestManager.java:22)
at com.restfulbooker.apitest.listeners.ExtentTestManager.startTest(ExtentTestManager.java:22)
at com.restfulbooker.apitest.listeners.ExtentTestManager.startTest(ExtentTestManager.java:22)
at com.restfulbooker.apitest.listeners.ExtentTestManager.startTest(ExtentTestManager.java:22)
at com.restfulbooker.apitest.listeners.ExtentTestManager.startTest(ExtentTestManager.java:22)
at com.restfulbooker.apitest.listeners.ExtentTestManager.startTest(ExtentTestManager.java:22)
at com.restfulbooker.apitest.listeners.ExtentTestManager.startTest(ExtentTestManager.java:22)
at com.restfulbooker.apitest.listeners.ExtentTestManager.startTest(ExtentTestManager.java:22)
at com.restfulbooker.apitest.listeners.ExtentTestManager.startTest(ExtentTestManager.java:22)
at com.restfulbooker.apitest.listeners.ExtentTestManager.startTest(ExtentTestManager.java:22)
at com.restfulbooker.apitest.listeners.ExtentTestManager.startTest(ExtentTestManager.java:22)
at com.restfulbooker.apitest.listeners.ExtentTestManager.startTest(ExtentTestManager.java:22)
at com.restfulbooker.apitest.listeners.ExtentTestManager.startTest(ExtentTestManager.java:22)
at com.restfulbooker.apitest.listeners.ExtentTestManager.startTest(ExtentTestManager.java:22)
at com.restfulbooker.apitest.listeners.ExtentTestManager.startTest(ExtentTestManager.java:22)
at com.restfulbooker.apitest.listeners.ExtentTestManager.startTest(ExtentTestManager.java:22)
at com.restfulbooker.apitest.listeners.ExtentTestManager.startTest(ExtentTestManager.java:22)
at com.restfulbooker.apitest.listeners.ExtentTestManager.startTest(ExtentTestManager.java:22)
at com.restfulbooker.apitest.listeners.ExtentTestManager.startTest(ExtentTestManager.java:22)
at com.restfulbooker.apitest.listeners.ExtentTestManager.startTest(ExtentTestManager.java:22)
at com.restfulbooker.apitest.listeners.ExtentTestManager.startTest(ExtentTestManager.java:22)
at com.restfulbooker.apitest.listeners.ExtentTestManager.startTest(ExtentTestManager.java:22)
at com.restfulbooker.apitest.listeners.ExtentTestManager.startTest(ExtentTestManager.java:22)
at com.restfulbooker.apitest.listeners.ExtentTestManager.startTest(ExtentTestManager.java:22)
at com.restfulbooker.apitest.listeners.ExtentTestManager.startTest(ExtentTestManager.java:22)
at com.restfulbooker.apitest.listeners.ExtentTestManager.startTest(ExtentTestManager.java:22)
at com.restfulbooker.apitest.listeners.ExtentTestManager.startTest(ExtentTestManager.java:22)
at com.restfulbooker.apitest.listeners.ExtentTestManager.startTest(ExtentTestManager.java:22)
at com.restfulbooker.apitest.listeners.ExtentTestManager.startTest(ExtentTestManager.java:22)
at com.restfulbooker.apitest.listeners.ExtentTestManager.startTest(ExtentTestManager.java:22)
at com.restfulbooker.apitest.listeners.ExtentTestManager.startTest(ExtentTestManager.java:22)
at com.restfulbooker.apitest.listeners.ExtentTestManager.startTest(ExtentTestManager.java:22)
at com.restfulbooker.apitest.listeners.ExtentTestManager.startTest(ExtentTestManager.java:22)
at com.restfulbooker.apitest.listeners.ExtentTestManager.startTest(ExtentTestManager.java:22)
at com.restfulbooker.apitest.listeners.ExtentTestManager.startTest(ExtentTestManager.java:22)
at com.restfulbooker.apitest.listeners.ExtentTestManager.startTest(ExtentTestManager.java:22)
at com.restfulbooker.apitest.listeners.ExtentTestManager.startTest(ExtentTestManager.java:22)
at com.restfulbooker.apitest.listeners.ExtentTestManager.startTest(ExtentTestManager.java:22)
at com.restfulbooker.apitest.listeners.ExtentTestManager.startTest(ExtentTestManager.java:22)
at com.restfulbooker.apitest.listeners.ExtentTestManager.startTest(ExtentTestManager.java:22)
at com.restfulbooker.apitest.listeners.ExtentTestManager.startTest(ExtentTestManager.java:22)
at com.restfulbooker.apitest.listeners.ExtentTestManager.startTest(ExtentTestManager.java:22)
at com.restfulbooker.apitest.listeners.ExtentTestManager.startTest(ExtentTestManager.java:22)
at com.restfulbooker.apitest.listeners.ExtentTestManager.startTest(ExtentTestManager.java:22)
at com.restfulbooker.apitest.listeners.ExtentTestManager.startTest(ExtentTestManager.java:22)
at com.restfulbooker.apitest.listeners.ExtentTestManager.startTest(ExtentTestManager.java:22)
at com.restfulbooker.apitest.listeners.ExtentTestManager.startTest(ExtentTestManager.java:22)
at com.restfulbooker.apitest.listeners.ExtentTestManager.startTest(ExtentTestManager.java:22)
at com.restfulbooker.apitest.listeners.ExtentTestManager.startTest(ExtentTestManager.java:22)
at com.restfulbooker.apitest.listeners.ExtentTestManager.startTest(ExtentTestManager.java:22)
at com.restfulbooker.apitest.listeners.ExtentTestManager.startTest(ExtentTestManager.java:22)
at com.restfulbooker.apitest.listeners.ExtentTestManager.startTest(ExtentTestManager.java:22)
at com.restfulbooker.apitest.listeners.ExtentTestManager.startTest(ExtentTestManager.java:22)
at com.restfulbooker.apitest.listeners.ExtentTestManager.startTest(ExtentTestManager.java:22)
at com.restfulbooker.apitest.listeners.ExtentTestManager.startTest(ExtentTestManager.java:22)
at com.restfulbooker.apitest.listeners.ExtentTestManager.startTest(ExtentTestManager.java:22)
at com.restfulbooker.apitest.listeners.ExtentTestManager.startTest(ExtentTestManager.java:22)
at com.restfulbooker.apitest.listeners.ExtentTestManager.startTest(ExtentTestManager.java:22)
at com.restfulbooker.apitest.listeners.ExtentTestManager.startTest(ExtentTestManager.java:22)
at com.restfulbooker.apitest.listeners.ExtentTestManager.startTest(ExtentTestManager.java:22)
at com.restfulbooker.apitest.listeners.ExtentTestManager.startTest(ExtentTestManager.java:22)
at com.restfulbooker.apitest.listeners.ExtentTestManager.startTest(ExtentTestManager.java:22)
at com.restfulbooker.apitest.listeners.ExtentTestManager.startTest(ExtentTestManager.java:22)
at com.restfulbooker.apitest.listeners.ExtentTestManager.startTest(ExtentTestManager.java:22)
at com.restfulbooker.apitest.listeners.ExtentTestManager.startTest(ExtentTestManager.java:22)
at com.restfulbooker.apitest.listeners.ExtentTestManager.startTest(ExtentTestManager.java:22)
at com.restfulbooker.apitest.listeners.ExtentTestManager.startTest(ExtentTestManager.java:22)
at com.restfulbooker.apitest.listeners.ExtentTestManager.startTest(ExtentTestManager.java:22)
at com.restfulbooker.apitest.listeners.ExtentTestManager.startTest(ExtentTestManager.java:22)
at com.restfulbooker.apitest.listeners.ExtentTestManager.startTest(ExtentTestManager.java:22)
at com.restfulbooker.apitest.listeners.ExtentTestManager.startTest(ExtentTestManager.java:22)
at com.restfulbooker.apitest.listeners.ExtentTestManager.startTest(ExtentTestManager.java:22)
at com.restfulbooker.apitest.listeners.ExtentTestManager.startTest(ExtentTestManager.java:22)
at com.restfulbooker.apitest.listeners.ExtentTestManager.startTest(ExtentTestManager.java:22)
at com.restfulbooker.apitest.listeners.ExtentTestManager.startTest(ExtentTestManager.java:22)
at com.restfulbooker.apitest.listeners.ExtentTestManager.startTest(ExtentTestManager.java:22)
at com.restfulbooker.apitest.listeners.ExtentTestManager.startTest(ExtentTestManager.java:22)
at com.restfulbooker.apitest.listeners.ExtentTestManager.startTest(ExtentTestManager.java:22)
at com.restfulbooker.apitest.listeners.ExtentTestManager.startTest(ExtentTestManager.java:22)
at com.restfulbooker.apitest.listeners.ExtentTestManager.startTest(ExtentTestManager.java:22)
at com.restfulbooker.apitest.listeners.ExtentTestManager.startTest(ExtentTestManager.java:22)
at com.restfulbooker.apitest.listeners.ExtentTestManager.startTest(ExtentTestManager.java:22)
at com.restfulbooker.apitest.listeners.ExtentTestManager.startTest(ExtentTestManager.java:22)
at com.restfulbooker.apitest.listeners.ExtentTestManager.startTest(ExtentTestManager.java:22)
at com.restfulbooker.apitest.listeners.ExtentTestManager.startTest(ExtentTestManager.java:22)
at com.restfulbooker.apitest.listeners.ExtentTestManager.startTest(ExtentTestManager.java:22)
at com.restfulbooker.apitest.listeners.ExtentTestManager.startTest(ExtentTestManager.java:22)
at com.restfulbooker.apitest.listeners.ExtentTestManager.startTest(ExtentTestManager.java:22)
at com.restfulbooker.apitest.listeners.ExtentTestManager.startTest(ExtentTestManager.java:22)
at com.restfulbooker.apitest.listeners.ExtentTestManager.startTest(ExtentTestManager.java:22)
at com.restfulbooker.apitest.listeners.ExtentTestManager.startTest(ExtentTestManager.java:22)
at com.restfulbooker.apitest.listeners.ExtentTestManager.startTest(ExtentTestManager.java:22)
at com.restfulbooker.apitest.listeners.ExtentTestManager.startTest(ExtentTestManager.java:22)
at com.restfulbooker.apitest.listeners.ExtentTestManager.startTest(ExtentTestManager.java:22)
at com.restfulbooker.apitest.listeners.ExtentTestManager.startTest(ExtentTestManager.java:22)
at com.restfulbooker.apitest.listeners.ExtentTestManager.startTest(ExtentTestManager.java:22)
at com.restfulbooker.apitest.listeners.ExtentTestManager.startTest(ExtentTestManager.java:22)
at com.restfulbooker.apitest.listeners.ExtentTestManager.startTest(ExtentTestManager.java:22)
at com.restfulbooker.apitest.listeners.ExtentTestManager.startTest(ExtentTestManager.java:22)
at com.restfulbooker.apitest.listeners.ExtentTestManager.startTest(ExtentTestManager.java:22)
at com.restfulbooker.apitest.listeners.ExtentTestManager.startTest(ExtentTestManager.java:22)
at com.restfulbooker.apitest.listeners.ExtentTestManager.startTest(ExtentTestManager.java:22)
at com.restfulbooker.apitest.listeners.ExtentTestManager.startTest(ExtentTestManager.java:22)
at com.restfulbooker.apitest.listeners.ExtentTestManager.startTest(ExtentTestManager.java:22)
at com.restfulbooker.apitest.listeners.ExtentTestManager.startTest(ExtentTestManager.java:22)
at com.restfulbooker.apitest.listeners.ExtentTestManager.startTest(ExtentTestManager.java:22)
at com.restfulbooker.apitest.listeners.ExtentTestManager.startTest(ExtentTestManager.java:22)
at com.restfulbooker.apitest.listeners.ExtentTestManager.startTest(ExtentTestManager.java:22)
at com.restfulbooker.apitest.listeners.ExtentTestManager.startTest(ExtentTestManager.java:22)
at com.restfulbooker.apitest.listeners.ExtentTestManager.startTest(ExtentTestManager.java:22)
at com.restfulbooker.apitest.listeners.ExtentTestManager.startTest(ExtentTestManager.java:22)
at com.restfulbooker.apitest.listeners.ExtentTestManager.startTest(ExtentTestManager.java:22)
at com.restfulbooker.apitest.listeners.ExtentTestManager.startTest(ExtentTestManager.java:22)
at com.restfulbooker.apitest.listeners.ExtentTestManager.startTest(ExtentTestManager.java:22)
at com.restfulbooker.apitest.listeners.ExtentTestManager.startTest(ExtentTestManager.java:22)
at com.restfulbooker.apitest.listeners.ExtentTestManager.startTest(ExtentTestManager.java:22)
at com.restfulbooker.apitest.listeners.ExtentTestManager.startTest(ExtentTestManager.java:22)
at com.restfulbooker.apitest.listeners.ExtentTestManager.startTest(ExtentTestManager.java:22)
at com.restfulbooker.apitest.listeners.ExtentTestManager.startTest(ExtentTestManager.java:22)
at com.restfulbooker.apitest.listeners.ExtentTestManager.startTest(ExtentTestManager.java:22)
at com.restfulbooker.apitest.listeners.ExtentTestManager.startTest(ExtentTestManager.java:22)
at com.restfulbooker.apitest.listeners.ExtentTestManager.startTest(ExtentTestManager.java:22)
at com.restfulbooker.apitest.listeners.ExtentTestManager.startTest(ExtentTestManager.java:22)
at com.restfulbooker.apitest.listeners.ExtentTestManager.startTest(ExtentTestManager.java:22)
at com.restfulbooker.apitest.listeners.ExtentTestManager.startTest(ExtentTestManager.java:22)
at com.restfulbooker.apitest.listeners.ExtentTestManager.startTest(ExtentTestManager.java:22)
at com.restfulbooker.apitest.listeners.ExtentTestManager.startTest(ExtentTestManager.java:22)
at com.restfulbooker.apitest.listeners.ExtentTestManager.startTest(ExtentTestManager.java:22)
at com.restfulbooker.apitest.listeners.ExtentTestManager.startTest(ExtentTestManager.java:22)
at com.restfulbooker.apitest.listeners.ExtentTestManager.startTest(ExtentTestManager.java:22)
at com.restfulbooker.apitest.listeners.ExtentTestManager.startTest(ExtentTestManager.java:22)
at com.restfulbooker.apitest.listeners.ExtentTestManager.startTest(ExtentTestManager.java:22)
at com.restfulbooker.apitest.listeners.ExtentTestManager.startTest(ExtentTestManager.java:22)
at com.restfulbooker.apitest.listeners.ExtentTestManager.startTest(ExtentTestManager.java:22)
at com.restfulbooker.apitest.listeners.ExtentTestManager.startTest(ExtentTestManager.java:22)
at com.restfulbooker.apitest.listeners.ExtentTestManager.startTest(ExtentTestManager.java:22)
at com.restfulbooker.apitest.listeners.ExtentTestManager.startTest(ExtentTestManager.java:22)
at com.restfulbooker.apitest.listeners.ExtentTestManager.startTest(ExtentTestManager.java:22)
at com.restfulbooker.apitest.listeners.ExtentTestManager.startTest(ExtentTestManager.java:22)
at com.restfulbooker.apitest.listeners.ExtentTestManager.startTest(ExtentTestManager.java:22)
at com.restfulbooker.apitest.listeners.ExtentTestManager.startTest(ExtentTestManager.java:22)
at com.restfulbooker.apitest.listeners.ExtentTestManager.startTest(ExtentTestManager.java:22)
at com.restfulbooker.apitest.listeners.ExtentTestManager.startTest(ExtentTestManager.java:22)
at com.restfulbooker.apitest.listeners.ExtentTestManager.startTest(ExtentTestManager.java:22)
at com.restfulbooker.apitest.listeners.ExtentTestManager.startTest(ExtentTestManager.java:22)
at com.restfulbooker.apitest.listeners.ExtentTestManager.startTest(ExtentTestManager.java:22)
at com.restfulbooker.apitest.listeners.ExtentTestManager.startTest(ExtentTestManager.java:22)
at com.restfulbooker.apitest.listeners.ExtentTestManager.startTest(ExtentTestManager.java:22)
at com.restfulbooker.apitest.listeners.ExtentTestManager.startTest(ExtentTestManager.java:22)
at com.restfulbooker.apitest.listeners.ExtentTestManager.startTest(ExtentTestManager.java:22)
at com.restfulbooker.apitest.listeners.ExtentTestManager.startTest(ExtentTestManager.java:22)
at com.restfulbooker.apitest.listeners.ExtentTestManager.startTest(ExtentTestManager.java:22)
at com.restfulbooker.apitest.listeners.ExtentTestManager.startTest(ExtentTestManager.java:22)
at com.restfulbooker.apitest.listeners.ExtentTestManager.startTest(ExtentTestManager.java:22)
at com.restfulbooker.apitest.listeners.ExtentTestManager.startTest(ExtentTestManager.java:22)
at com.restfulbooker.apitest.listeners.ExtentTestManager.startTest(ExtentTestManager.java:22)
at com.restfulbooker.apitest.listeners.ExtentTestManager.startTest(ExtentTestManager.java:22)
at com.restfulbooker.apitest.listeners.ExtentTestManager.startTest(ExtentTestManager.java:22)
at com.restfulbooker.apitest.listeners.ExtentTestManager.startTest(ExtentTestManager.java:22)
at com.restfulbooker.apitest.listeners.ExtentTestManager.startTest(ExtentTestManager.java:22)
at com.restfulbooker.apitest.listeners.ExtentTestManager.startTest(ExtentTestManager.java:22)
at com.restfulbooker.apitest.listeners.ExtentTestManager.startTest(ExtentTestManager.java:22)
at com.restfulbooker.apitest.listeners.ExtentTestManager.startTest(ExtentTestManager.java:22)
at com.restfulbooker.apitest.listeners.ExtentTestManager.startTest(ExtentTestManager.java:22)
at com.restfulbooker.apitest.listeners.ExtentTestManager.startTest(ExtentTestManager.java:22)
at com.restfulbooker.apitest.listeners.ExtentTestManager.startTest(ExtentTestManager.java:22)
at com.restfulbooker.apitest.listeners.ExtentTestManager.startTest(ExtentTestManager.java:22)
at com.restfulbooker.apitest.listeners.ExtentTestManager.startTest(ExtentTestManager.java:22)
at com.restfulbooker.apitest.listeners.ExtentTestManager.startTest(ExtentTestManager.java:22)
at com.restfulbooker.apitest.listeners.ExtentTestManager.startTest(ExtentTestManager.java:22)
at com.restfulbooker.apitest.listeners.ExtentTestManager.startTest(ExtentTestManager.java:22)
at com.restfulbooker.apitest.listeners.ExtentTestManager.startTest(ExtentTestManager.java:22)
at com.restfulbooker.apitest.listeners.ExtentTestManager.startTest(ExtentTestManager.java:22)
at com.restfulbooker.apitest.listeners.ExtentTestManager.startTest(ExtentTestManager.java:22)
at com.restfulbooker.apitest.listeners.ExtentTestManager.startTest(ExtentTestManager.java:22)
at com.restfulbooker.apitest.listeners.ExtentTestManager.startTest(ExtentTestManager.java:22)
at com.restfulbooker.apitest.listeners.ExtentTestManager.startTest(ExtentTestManager.java:22)
at com.restfulbooker.apitest.listeners.ExtentTestManager.startTest(ExtentTestManager.java:22)
at com.restfulbooker.apitest.listeners.ExtentTestManager.startTest(ExtentTestManager.java:22)
at com.restfulbooker.apitest.listeners.ExtentTestManager.startTest(ExtentTestManager.java:22)
at com.restfulbooker.apitest.listeners.ExtentTestManager.startTest(ExtentTestManager.java:22)
at com.restfulbooker.apitest.listeners.ExtentTestManager.startTest(ExtentTestManager.java:22)
at com.restfulbooker.apitest.listeners.ExtentTestManager.startTest(ExtentTestManager.java:22)
at com.restfulbooker.apitest.listeners.ExtentTestManager.startTest(ExtentTestManager.java:22)
at com.restfulbooker.apitest.listeners.ExtentTestManager.startTest(ExtentTestManager.java:22)
at com.restfulbooker.apitest.listeners.ExtentTestManager.startTest(ExtentTestManager.java:22)
at com.restfulbooker.apitest.listeners.ExtentTestManager.startTest(ExtentTestManager.java:22)
at com.restfulbooker.apitest.listeners.ExtentTestManager.startTest(ExtentTestManager.java:22)
at com.restfulbooker.apitest.listeners.ExtentTestManager.startTest(ExtentTestManager.java:22)
at com.restfulbooker.apitest.listeners.ExtentTestManager.startTest(ExtentTestManager.java:22)
at com.restfulbooker.apitest.listeners.ExtentTestManager.startTest(ExtentTestManager.java:22)
at com.restfulbooker.apitest.listeners.ExtentTestManager.startTest(ExtentTestManager.java:22)
at com.restfulbooker.apitest.listeners.ExtentTestManager.startTest(ExtentTestManager.java:22)
at com.restfulbooker.apitest.listeners.ExtentTestManager.startTest(ExtentTestManager.java:22)
at com.restfulbooker.apitest.listeners.ExtentTestManager.startTest(ExtentTestManager.java:22)
at com.restfulbooker.apitest.listeners.ExtentTestManager.startTest(ExtentTestManager.java:22)
at com.restfulbooker.apitest.listeners.ExtentTestManager.startTest(ExtentTestManager.java:22)
at com.restfulbooker.apitest.listeners.ExtentTestManager.startTest(ExtentTestManager.java:22)
at com.restfulbooker.apitest.listeners.ExtentTestManager.startTest(ExtentTestManager.java:22)
at com.restfulbooker.apitest.listeners.ExtentTestManager.startTest(ExtentTestManager.java:22)
at com.restfulbooker.apitest.listeners.ExtentTestManager.startTest(ExtentTestManager.java:22)
at com.restfulbooker.apitest.listeners.ExtentTestManager.startTest(ExtentTestManager.java:22)
at com.restfulbooker.apitest.listeners.ExtentTestManager.startTest(ExtentTestManager.java:22)
at com.restfulbooker.apitest.listeners.ExtentTestManager.startTest(ExtentTestManager.java:22)
at com.restfulbooker.apitest.listeners.ExtentTestManager.startTest(ExtentTestManager.java:22)
at com.restfulbooker.apitest.listeners.ExtentTestManager.startTest(ExtentTestManager.java:22)
at com.restfulbooker.apitest.listeners.ExtentTestManager.startTest(ExtentTestManager.java:22)
at com.restfulbooker.apitest.listeners.ExtentTestManager.startTest(ExtentTestManager.java:22)
at com.restfulbooker.apitest.listeners.ExtentTestManager.startTest(ExtentTestManager.java:22)
at com.restfulbooker.apitest.listeners.ExtentTestManager.startTest(ExtentTestManager.java:22)
at com.restfulbooker.apitest.listeners.ExtentTestManager.startTest(ExtentTestManager.java:22)
at com.restfulbooker.apitest.listeners.ExtentTestManager.startTest(ExtentTestManager.java:22)
at com.restfulbooker.apitest.listeners.ExtentTestManager.startTest(ExtentTestManager.java:22)
at com.restfulbooker.apitest.listeners.ExtentTestManager.startTest(ExtentTestManager.java:22)
at com.restfulbooker.apitest.listeners.ExtentTestManager.startTest(ExtentTestManager.java:22)
at com.restfulbooker.apitest.listeners.ExtentTestManager.startTest(ExtentTestManager.java:22)
at com.restfulbooker.apitest.listeners.ExtentTestManager.startTest(ExtentTestManager.java:22)
at com.restfulbooker.apitest.listeners.ExtentTestManager.startTest(ExtentTestManager.java:22)
at com.restfulbooker.apitest.listeners.ExtentTestManager.startTest(ExtentTestManager.java:22)
at com.restfulbooker.apitest.listeners.ExtentTestManager.startTest(ExtentTestManager.java:22)
at com.restfulbooker.apitest.listeners.ExtentTestManager.startTest(ExtentTestManager.java:22)
at com.restfulbooker.apitest.listeners.ExtentTestManager.startTest(ExtentTestManager.java:22)
at com.restfulbooker.apitest.listeners.ExtentTestManager.startTest(ExtentTestManager.java:22)
at com.restfulbooker.apitest.listeners.ExtentTestManager.startTest(ExtentTestManager.java:22)
at com.restfulbooker.apitest.listeners.ExtentTestManager.startTest(ExtentTestManager.java:22)
at com.restfulbooker.apitest.listeners.ExtentTestManager.startTest(ExtentTestManager.java:22)
at com.restfulbooker.apitest.listeners.ExtentTestManager.startTest(ExtentTestManager.java:22)
at com.restfulbooker.apitest.listeners.ExtentTestManager.startTest(ExtentTestManager.java:22)
at com.restfulbooker.apitest.listeners.ExtentTestManager.startTest(ExtentTestManager.java:22)
at com.restfulbooker.apitest.listeners.ExtentTestManager.startTest(ExtentTestManager.java:22)
at com.restfulbooker.apitest.listeners.ExtentTestManager.startTest(ExtentTestManager.java:22)
at com.restfulbooker.apitest.listeners.ExtentTestManager.startTest(ExtentTestManager.java:22)
at com.restfulbooker.apitest.listeners.ExtentTestManager.startTest(ExtentTestManager.java:22)
at com.restfulbooker.apitest.listeners.ExtentTestManager.startTest(ExtentTestManager.java:22)
at com.restfulbooker.apitest.listeners.ExtentTestManager.startTest(ExtentTestManager.java:22)
at com.restfulbooker.apitest.listeners.ExtentTestManager.startTest(ExtentTestManager.java:22)
at com.restfulbooker.apitest.listeners.ExtentTestManager.startTest(ExtentTestManager.java:22)
at com.restfulbooker.apitest.listeners.ExtentTestManager.startTest(ExtentTestManager.java:22)
at com.restfulbooker.apitest.listeners.ExtentTestManager.startTest(ExtentTestManager.java:22)
at com.restfulbooker.apitest.listeners.ExtentTestManager.startTest(ExtentTestManager.java:22)
at com.restfulbooker.apitest.listeners.ExtentTestManager.startTest(ExtentTestManager.java:22)
at com.restfulbooker.apitest.listeners.ExtentTestManager.startTest(ExtentTestManager.java:22)
at com.restfulbooker.apitest.listeners.ExtentTestManager.startTest(ExtentTestManager.java:22)
at com.restfulbooker.apitest.listeners.ExtentTestManager.startTest(ExtentTestManager.java:22)
at com.restfulbooker.apitest.listeners.ExtentTestManager.startTest(ExtentTestManager.java:22)
at com.restfulbooker.apitest.listeners.ExtentTestManager.startTest(ExtentTestManager.java:22)
at com.restfulbooker.apitest.listeners.ExtentTestManager.startTest(ExtentTestManager.java:22)
at com.restfulbooker.apitest.listeners.ExtentTestManager.startTest(ExtentTestManager.java:22)
at com.restfulbooker.apitest.listeners.ExtentTestManager.startTest(ExtentTestManager.java:22)
at com.restfulbooker.apitest.listeners.ExtentTestManager.startTest(ExtentTestManager.java:22)
at com.restfulbooker.apitest.listeners.ExtentTestManager.startTest(ExtentTestManager.java:22)
at com.restfulbooker.apitest.listeners.ExtentTestManager.startTest(ExtentTestManager.java:22)
at com.restfulbooker.apitest.listeners.ExtentTestManager.startTest(ExtentTestManager.java:22)
at com.restfulbooker.apitest.listeners.ExtentTestManager.startTest(ExtentTestManager.java:22)
at com.restfulbooker.apitest.listeners.ExtentTestManager.startTest(ExtentTestManager.java:22)
at com.restfulbooker.apitest.listeners.ExtentTestManager.startTest(ExtentTestManager.java:22)
at com.restfulbooker.apitest.listeners.ExtentTestManager.startTest(ExtentTestManager.java:22)
at com.restfulbooker.apitest.listeners.ExtentTestManager.startTest(ExtentTestManager.java:22)
at com.restfulbooker.apitest.listeners.ExtentTestManager.startTest(ExtentTestManager.java:22)
at com.restfulbooker.apitest.listeners.ExtentTestManager.startTest(ExtentTestManager.java:22)
at com.restfulbooker.apitest.listeners.ExtentTestManager.startTest(ExtentTestManager.java:22)
at com.restfulbooker.apitest.listeners.ExtentTestManager.startTest(ExtentTestManager.java:22)
at com.restfulbooker.apitest.listeners.ExtentTestManager.startTest(ExtentTestManager.java:22)
at com.restfulbooker.apitest.listeners.ExtentTestManager.startTest(ExtentTestManager.java:22)
at com.restfulbooker.apitest.listeners.ExtentTestManager.startTest(ExtentTestManager.java:22)
at com.restfulbooker.apitest.listeners.ExtentTestManager.startTest(ExtentTestManager.java:22)
at com.restfulbooker.apitest.listeners.ExtentTestManager.startTest(ExtentTestManager.java:22)
at com.restfulbooker.apitest.listeners.ExtentTestManager.startTest(ExtentTestManager.java:22)
at com.restfulbooker.apitest.listeners.ExtentTestManager.startTest(ExtentTestManager.java:22)
at com.restfulbooker.apitest.listeners.ExtentTestManager.startTest(ExtentTestManager.java:22)
at com.restfulbooker.apitest.listeners.ExtentTestManager.startTest(ExtentTestManager.java:22)
at com.restfulbooker.apitest.listeners.ExtentTestManager.startTest(ExtentTestManager.java:22)
at com.restfulbooker.apitest.listeners.ExtentTestManager.startTest(ExtentTestManager.java:22)
at com.restfulbooker.apitest.listeners.ExtentTestManager.startTest(ExtentTestManager.java:22)
at com.restfulbooker.apitest.listeners.ExtentTestManager.startTest(ExtentTestManager.java:22)
at com.restfulbooker.apitest.listeners.ExtentTestManager.startTest(ExtentTestManager.java:22)
at com.restfulbooker.apitest.listeners.ExtentTestManager.startTest(ExtentTestManager.java:22)
at com.restfulbooker.apitest.listeners.ExtentTestManager.startTest(ExtentTestManager.java:22)
at com.restfulbooker.apitest.listeners.ExtentTestManager.startTest(ExtentTestManager.java:22)
at com.restfulbooker.apitest.listeners.ExtentTestManager.startTest(ExtentTestManager.java:22)
at com.restfulbooker.apitest.listeners.ExtentTestManager.startTest(ExtentTestManager.java:22)
at com.restfulbooker.apitest.listeners.ExtentTestManager.startTest(ExtentTestManager.java:22)
at com.restfulbooker.apitest.listeners.ExtentTestManager.startTest(ExtentTestManager.java:22)
at com.restfulbooker.apitest.listeners.ExtentTestManager.startTest(ExtentTestManager.java:22)
at com.restfulbooker.apitest.listeners.ExtentTestManager.startTest(ExtentTestManager.java:22)
at com.restfulbooker.apitest.listeners.ExtentTestManager.startTest(ExtentTestManager.java:22)
at com.restfulbooker.apitest.listeners.ExtentTestManager.startTest(ExtentTestManager.java:22)
at com.restfulbooker.apitest.listeners.ExtentTestManager.startTest(ExtentTestManager.java:22)
at com.restfulbooker.apitest.listeners.ExtentTestManager.startTest(ExtentTestManager.java:22)
at com.restfulbooker.apitest.listeners.ExtentTestManager.startTest(ExtentTestManager.java:22)
at com.restfulbooker.apitest.listeners.ExtentTestManager.startTest(ExtentTestManager.java:22)
at com.restfulbooker.apitest.listeners.ExtentTestManager.startTest(ExtentTestManager.java:22)
at com.restfulbooker.apitest.listeners.ExtentTestManager.startTest(ExtentTestManager.java:22)
at com.restfulbooker.apitest.listeners.ExtentTestManager.startTest(ExtentTestManager.java:22)
at com.restfulbooker.apitest.listeners.ExtentTestManager.startTest(ExtentTestManager.java:22)
at com.restfulbooker.apitest.listeners.ExtentTestManager.startTest(ExtentTestManager.java:22)
at com.restfulbooker.apitest.listeners.ExtentTestManager.startTest(ExtentTestManager.java:22)
at com.restfulbooker.apitest.listeners.ExtentTestManager.startTest(ExtentTestManager.java:22)
at com.restfulbooker.apitest.listeners.ExtentTestManager.startTest(ExtentTestManager.java:22)
at com.restfulbooker.apitest.listeners.ExtentTestManager.startTest(ExtentTestManager.java:22)
at com.restfulbooker.apitest.listeners.ExtentTestManager.startTest(ExtentTestManager.java:22)
at com.restfulbooker.apitest.listeners.ExtentTestManager.startTest(ExtentTestManager.java:22)
at com.restfulbooker.apitest.listeners.ExtentTestManager.startTest(ExtentTestManager.java:22)
at com.restfulbooker.apitest.listeners.ExtentTestManager.startTest(ExtentTestManager.java:22)
at com.restfulbooker.apitest.listeners.ExtentTestManager.startTest(ExtentTestManager.java:22)
at com.restfulbooker.apitest.listeners.ExtentTestManager.startTest(ExtentTestManager.java:22)
at com.restfulbooker.apitest.listeners.ExtentTestManager.startTest(ExtentTestManager.java:22)
at com.restfulbooker.apitest.listeners.ExtentTestManager.startTest(ExtentTestManager.java:22)
at com.restfulbooker.apitest.listeners.ExtentTestManager.startTest(ExtentTestManager.java:22)
at com.restfulbooker.apitest.listeners.ExtentTestManager.startTest(ExtentTestManager.java:22)
at com.restfulbooker.apitest.listeners.ExtentTestManager.startTest(ExtentTestManager.java:22)
at com.restfulbooker.apitest.listeners.ExtentTestManager.startTest(ExtentTestManager.java:22)
at com.restfulbooker.apitest.listeners.ExtentTestManager.startTest(ExtentTestManager.java:22)
at com.restfulbooker.apitest.listeners.ExtentTestManager.startTest(ExtentTestManager.java:22)
at com.restfulbooker.apitest.listeners.ExtentTestManager.startTest(ExtentTestManager.java:22)
at com.restfulbooker.apitest.listeners.ExtentTestManager.startTest(ExtentTestManager.java:22)
at com.restfulbooker.apitest.listeners.ExtentTestManager.startTest(ExtentTestManager.java:22)
at com.restfulbooker.apitest.listeners.ExtentTestManager.startTest(ExtentTestManager.java:22)
at com.restfulbooker.apitest.listeners.ExtentTestManager.startTest(ExtentTestManager.java:22)
at com.restfulbooker.apitest.listeners.ExtentTestManager.startTest(ExtentTestManager.java:22)
at com.restfulbooker.apitest.listeners.ExtentTestManager.startTest(ExtentTestManager.java:22)
at com.restfulbooker.apitest.listeners.ExtentTestManager.startTest(ExtentTestManager.java:22)
at com.restfulbooker.apitest.listeners.ExtentTestManager.startTest(ExtentTestManager.java:22)
at com.restfulbooker.apitest.listeners.ExtentTestManager.startTest(ExtentTestManager.java:22)
at com.restfulbooker.apitest.listeners.ExtentTestManager.startTest(ExtentTestManager.java:22)
at com.restfulbooker.apitest.listeners.ExtentTestManager.startTest(ExtentTestManager.java:22)
at com.restfulbooker.apitest.listeners.ExtentTestManager.startTest(ExtentTestManager.java:22)
at com.restfulbooker.apitest.listeners.ExtentTestManager.startTest(ExtentTestManager.java:22)
at com.restfulbooker.apitest.listeners.ExtentTestManager.startTest(ExtentTestManager.java:22)
at com.restfulbooker.apitest.listeners.ExtentTestManager.startTest(ExtentTestManager.java:22)
at com.restfulbooker.apitest.listeners.ExtentTestManager.startTest(ExtentTestManager.java:22)
at com.restfulbooker.apitest.listeners.ExtentTestManager.startTest(ExtentTestManager.java:22)
at com.restfulbooker.apitest.listeners.ExtentTestManager.startTest(ExtentTestManager.java:22)
at com.restfulbooker.apitest.listeners.ExtentTestManager.startTest(ExtentTestManager.java:22)
at com.restfulbooker.apitest.listeners.ExtentTestManager.startTest(ExtentTestManager.java:22)
at com.restfulbooker.apitest.listeners.ExtentTestManager.startTest(ExtentTestManager.java:22)
at com.restfulbooker.apitest.listeners.ExtentTestManager.startTest(ExtentTestManager.java:22)
at com.restfulbooker.apitest.listeners.ExtentTestManager.startTest(ExtentTestManager.java:22)
at com.restfulbooker.apitest.listeners.ExtentTestManager.startTest(ExtentTestManager.java:22)
at com.restfulbooker.apitest.listeners.ExtentTestManager.startTest(ExtentTestManager.java:22)
at com.restfulbooker.apitest.listeners.ExtentTestManager.startTest(ExtentTestManager.java:22)
at com.restfulbooker.apitest.listeners.ExtentTestManager.startTest(ExtentTestManager.java:22)
at com.restfulbooker.apitest.listeners.ExtentTestManager.startTest(ExtentTestManager.java:22)
at com.restfulbooker.apitest.listeners.ExtentTestManager.startTest(ExtentTestManager.java:22)
at com.restfulbooker.apitest.listeners.ExtentTestManager.startTest(ExtentTestManager.java:22)
at com.restfulbooker.apitest.listeners.ExtentTestManager.startTest(ExtentTestManager.java:22)
at com.restfulbooker.apitest.listeners.ExtentTestManager.startTest(ExtentTestManager.java:22)
at com.restfulbooker.apitest.listeners.ExtentTestManager.startTest(ExtentTestManager.java:22)
at com.restfulbooker.apitest.listeners.ExtentTestManager.startTest(ExtentTestManager.java:22)
at com.restfulbooker.apitest.listeners.ExtentTestManager.startTest(ExtentTestManager.java:22)
at com.restfulbooker.apitest.listeners.ExtentTestManager.startTest(ExtentTestManager.java:22)
at com.restfulbooker.apitest.listeners.ExtentTestManager.startTest(ExtentTestManager.java:22)
at com.restfulbooker.apitest.listeners.ExtentTestManager.startTest(ExtentTestManager.java:22)
at com.restfulbooker.apitest.listeners.ExtentTestManager.startTest(ExtentTestManager.java:22)
at com.restfulbooker.apitest.listeners.ExtentTestManager.startTest(ExtentTestManager.java:22)
at com.restfulbooker.apitest.listeners.ExtentTestManager.startTest(ExtentTestManager.java:22)
at com.restfulbooker.apitest.listeners.ExtentTestManager.startTest(ExtentTestManager.java:22)
at com.restfulbooker.apitest.listeners.ExtentTestManager.startTest(ExtentTestManager.java:22)
at com.restfulbooker.apitest.listeners.ExtentTestManager.startTest(ExtentTestManager.java:22)
at com.restfulbooker.apitest.listeners.ExtentTestManager.startTest(ExtentTestManager.java:22)
at com.restfulbooker.apitest.listeners.ExtentTestManager.startTest(ExtentTestManager.java:22)
at com.restfulbooker.apitest.listeners.ExtentTestManager.startTest(ExtentTestManager.java:22)
at com.restfulbooker.apitest.listeners.ExtentTestManager.startTest(ExtentTestManager.java:22)
at com.restfulbooker.apitest.listeners.ExtentTestManager.startTest(ExtentTestManager.java:22)
at com.restfulbooker.apitest.listeners.ExtentTestManager.startTest(ExtentTestManager.java:22)
at com.restfulbooker.apitest.listeners.ExtentTestManager.startTest(ExtentTestManager.java:22)
at com.restfulbooker.apitest.listeners.ExtentTestManager.startTest(ExtentTestManager.java:22)
at com.restfulbooker.apitest.listeners.ExtentTestManager.startTest(ExtentTestManager.java:22)
at com.restfulbooker.apitest.listeners.ExtentTestManager.startTest(ExtentTestManager.java:22)
at com.restfulbooker.apitest.listeners.ExtentTestManager.startTest(ExtentTestManager.java:22)
at com.restfulbooker.apitest.listeners.ExtentTestManager.startTest(ExtentTestManager.java:22)
at com.restfulbooker.apitest.listeners.ExtentTestManager.startTest(ExtentTestManager.java:22)
at com.restfulbooker.apitest.listeners.ExtentTestManager.startTest(ExtentTestManager.java:22)
at com.restfulbooker.apitest.listeners.ExtentTestManager.startTest(ExtentTestManager.java:22)
at com.restfulbooker.apitest.listeners.ExtentTestManager.startTest(ExtentTestManager.java:22)
at com.restfulbooker.apitest.listeners.ExtentTestManager.startTest(ExtentTestManager.java:22)
at com.restfulbooker.apitest.listeners.ExtentTestManager.startTest(ExtentTestManager.java:22)
at com.restfulbooker.apitest.listeners.ExtentTestManager.startTest(ExtentTestManager.java:22)
at com.restfulbooker.apitest.listeners.ExtentTestManager.startTest(ExtentTestManager.java:22)
at com.restfulbooker.apitest.listeners.ExtentTestManager.startTest(ExtentTestManager.java:22)
at com.restfulbooker.apitest.listeners.ExtentTestManager.startTest(ExtentTestManager.java:22)
at com.restfulbooker.apitest.listeners.ExtentTestManager.startTest(ExtentTestManager.java:22)
at com.restfulbooker.apitest.listeners.ExtentTestManager.startTest(ExtentTestManager.java:22)
at com.restfulbooker.apitest.listeners.ExtentTestManager.startTest(ExtentTestManager.java:22)
at com.restfulbooker.apitest.listeners.ExtentTestManager.startTest(ExtentTestManager.java:22)
at com.restfulbooker.apitest.listeners.ExtentTestManager.startTest(ExtentTestManager.java:22)
at com.restfulbooker.apitest.listeners.ExtentTestManager.startTest(ExtentTestManager.java:22)
at com.restfulbooker.apitest.listeners.ExtentTestManager.startTest(ExtentTestManager.java:22)
at com.restfulbooker.apitest.listeners.ExtentTestManager.startTest(ExtentTestManager.java:22)
at com.restfulbooker.apitest.listeners.ExtentTestManager.startTest(ExtentTestManager.java:22)
at com.restfulbooker.apitest.listeners.ExtentTestManager.startTest(ExtentTestManager.java:22)
at com.restfulbooker.apitest.listeners.ExtentTestManager.startTest(ExtentTestManager.java:22)
at com.restfulbooker.apitest.listeners.ExtentTestManager.startTest(ExtentTestManager.java:22)
at com.restfulbooker.apitest.listeners.ExtentTestManager.startTest(ExtentTestManager.java:22)
at com.restfulbooker.apitest.listeners.ExtentTestManager.startTest(ExtentTestManager.java:22)
at com.restfulbooker.apitest.listeners.ExtentTestManager.startTest(ExtentTestManager.java:22)
at com.restfulbooker.apitest.listeners.ExtentTestManager.startTest(ExtentTestManager.java:22)
at com.restfulbooker.apitest.listeners.ExtentTestManager.startTest(ExtentTestManager.java:22)
at com.restfulbooker.apitest.listeners.ExtentTestManager.startTest(ExtentTestManager.java:22)
at com.restfulbooker.apitest.listeners.ExtentTestManager.startTest(ExtentTestManager.java:22)
at com.restfulbooker.apitest.listeners.ExtentTestManager.startTest(ExtentTestManager.java:22)
at com.restfulbooker.apitest.listeners.ExtentTestManager.startTest(ExtentTestManager.java:22)
at com.restfulbooker.apitest.listeners.ExtentTestManager.startTest(ExtentTestManager.java:22)
at com.restfulbooker.apitest.listeners.ExtentTestManager.startTest(ExtentTestManager.java:22)
at com.restfulbooker.apitest.listeners.ExtentTestManager.startTest(ExtentTestManager.java:22)
at com.restfulbooker.apitest.listeners.ExtentTestManager.startTest(ExtentTestManager.java:22)
at com.restfulbooker.apitest.listeners.ExtentTestManager.startTest(ExtentTestManager.java:22)
at com.restfulbooker.apitest.listeners.ExtentTestManager.startTest(ExtentTestManager.java:22)
at com.restfulbooker.apitest.listeners.ExtentTestManager.startTest(ExtentTestManager.java:22)
at com.restfulbooker.apitest.listeners.ExtentTestManager.startTest(ExtentTestManager.java:22)
at com.restfulbooker.apitest.listeners.ExtentTestManager.startTest(ExtentTestManager.java:22)
at com.restfulbooker.apitest.listeners.ExtentTestManager.startTest(ExtentTestManager.java:22)
at com.restfulbooker.apitest.listeners.ExtentTestManager.startTest(ExtentTestManager.java:22)
at com.restfulbooker.apitest.listeners.ExtentTestManager.startTest(ExtentTestManager.java:22)
at com.restfulbooker.apitest.listeners.ExtentTestManager.startTest(ExtentTestManager.java:22)
at com.restfulbooker.apitest.listeners.ExtentTestManager.startTest(ExtentTestManager.java:22)
at com.restfulbooker.apitest.listeners.ExtentTestManager.startTest(ExtentTestManager.java:22)
at com.restfulbooker.apitest.listeners.ExtentTestManager.startTest(ExtentTestManager.java:22)
at com.restfulbooker.apitest.listeners.ExtentTestManager.startTest(ExtentTestManager.java:22)
at com.restfulbooker.apitest.listeners.ExtentTestManager.startTest(ExtentTestManager.java:22)
at com.restfulbooker.apitest.listeners.ExtentTestManager.startTest(ExtentTestManager.java:22)
at com.restfulbooker.apitest.listeners.ExtentTestManager.startTest(ExtentTestManager.java:22)
at com.restfulbooker.apitest.listeners.ExtentTestManager.startTest(ExtentTestManager.java:22)
at com.restfulbooker.apitest.listeners.ExtentTestManager.startTest(ExtentTestManager.java:22)
at com.restfulbooker.apitest.listeners.ExtentTestManager.startTest(ExtentTestManager.java:22)
at com.restfulbooker.apitest.listeners.ExtentTestManager.startTest(ExtentTestManager.java:22)
at com.restfulbooker.apitest.listeners.ExtentTestManager.startTest(ExtentTestManager.java:22)
at com.restfulbooker.apitest.listeners.ExtentTestManager.startTest(ExtentTestManager.java:22)
at com.restfulbooker.apitest.listeners.ExtentTestManager.startTest(ExtentTestManager.java:22)
at com.restfulbooker.apitest.listeners.ExtentTestManager.startTest(ExtentTestManager.java:22)
at com.restfulbooker.apitest.listeners.ExtentTestManager.startTest(ExtentTestManager.java:22)
at com.restfulbooker.apitest.listeners.ExtentTestManager.startTest(ExtentTestManager.java:22)
at com.restfulbooker.apitest.listeners.ExtentTestManager.startTest(ExtentTestManager.java:22)
at com.restfulbooker.apitest.listeners.ExtentTestManager.startTest(ExtentTestManager.java:22)
at com.restfulbooker.apitest.listeners.ExtentTestManager.startTest(ExtentTestManager.java:22)
at com.restfulbooker.apitest.listeners.ExtentTestManager.startTest(ExtentTestManager.java:22)
at com.restfulbooker.apitest.listeners.ExtentTestManager.startTest(ExtentTestManager.java:22)
at com.restfulbooker.apitest.listeners.ExtentTestManager.startTest(ExtentTestManager.java:22)
at com.restfulbooker.apitest.listeners.ExtentTestManager.startTest(ExtentTestManager.java:22)
at com.restfulbooker.apitest.listeners.ExtentTestManager.startTest(ExtentTestManager.java:22)
at com.restfulbooker.apitest.listeners.ExtentTestManager.startTest(ExtentTestManager.java:22)
at com.restfulbooker.apitest.listeners.ExtentTestManager.startTest(ExtentTestManager.java:22)
at com.restfulbooker.apitest.listeners.ExtentTestManager.startTest(ExtentTestManager.java:22)
at com.restfulbooker.apitest.listeners.ExtentTestManager.startTest(ExtentTestManager.java:22)
at com.restfulbooker.apitest.listeners.ExtentTestManager.startTest(ExtentTestManager.java:22)
at com.restfulbooker.apitest.listeners.ExtentTestManager.startTest(ExtentTestManager.java:22)
at com.restfulbooker.apitest.listeners.ExtentTestManager.startTest(ExtentTestManager.java:22)
at com.restfulbooker.apitest.listeners.ExtentTestManager.startTest(ExtentTestManager.java:22)
at com.restfulbooker.apitest.listeners.ExtentTestManager.startTest(ExtentTestManager.java:22)
at com.restfulbooker.apitest.listeners.ExtentTestManager.startTest(ExtentTestManager.java:22)
at com.restfulbooker.apitest.listeners.ExtentTestManager.startTest(ExtentTestManager.java:22)
at com.restfulbooker.apitest.listeners.ExtentTestManager.startTest(ExtentTestManager.java:22)
at com.restfulbooker.apitest.listeners.ExtentTestManager.startTest(ExtentTestManager.java:22)
at com.restfulbooker.apitest.listeners.ExtentTestManager.startTest(ExtentTestManager.java:22)
at com.restfulbooker.apitest.listeners.ExtentTestManager.startTest(ExtentTestManager.java:22)
at com.restfulbooker.apitest.listeners.ExtentTestManager.startTest(ExtentTestManager.java:22)
at com.restfulbooker.apitest.listeners.ExtentTestManager.startTest(ExtentTestManager.java:22)
at com.restfulbooker.apitest.listeners.ExtentTestManager.startTest(ExtentTestManager.java:22)
at com.restfulbooker.apitest.listeners.ExtentTestManager.startTest(ExtentTestManager.java:22)
at com.restfulbooker.apitest.listeners.ExtentTestManager.startTest(ExtentTestManager.java:22)
at com.restfulbooker.apitest.listeners.ExtentTestManager.startTest(ExtentTestManager.java:22)
at com.restfulbooker.apitest.listeners.ExtentTestManager.startTest(ExtentTestManager.java:22)
at com.restfulbooker.apitest.listeners.ExtentTestManager.startTest(ExtentTestManager.java:22)
at com.restfulbooker.apitest.listeners.ExtentTestManager.startTest(ExtentTestManager.java:22)
at com.restfulbooker.apitest.listeners.ExtentTestManager.startTest(ExtentTestManager.java:22)
at com.restfulbooker.apitest.listeners.ExtentTestManager.startTest(ExtentTestManager.java:22)
at com.restfulbooker.apitest.listeners.ExtentTestManager.startTest(ExtentTestManager.java:22)
at com.restfulbooker.apitest.listeners.ExtentTestManager.startTest(ExtentTestManager.java:22)
at com.restfulbooker.apitest.listeners.ExtentTestManager.startTest(ExtentTestManager.java:22)
at com.restfulbooker.apitest.listeners.ExtentTestManager.startTest(ExtentTestManager.java:22)
at com.restfulbooker.apitest.listeners.ExtentTestManager.startTest(ExtentTestManager.java:22)
at com.restfulbooker.apitest.listeners.ExtentTestManager.startTest(ExtentTestManager.java:22)
at com.restfulbooker.apitest.listeners.ExtentTestManager.startTest(ExtentTestManager.java:22)
at com.restfulbooker.apitest.listeners.ExtentTestManager.startTest(ExtentTestManager.java:22)
at com.restfulbooker.apitest.listeners.ExtentTestManager.startTest(ExtentTestManager.java:22)
at com.restfulbooker.apitest.listeners.ExtentTestManager.startTest(ExtentTestManager.java:22)
at com.restfulbooker.apitest.listeners.ExtentTestManager.startTest(ExtentTestManager.java:22)
at com.restfulbooker.apitest.listeners.ExtentTestManager.startTest(ExtentTestManager.java:22)
at com.restfulbooker.apitest.listeners.ExtentTestManager.startTest(ExtentTestManager.java:22)
at com.restfulbooker.apitest.listeners.ExtentTestManager.startTest(ExtentTestManager.java:22)
at com.restfulbooker.apitest.listeners.ExtentTestManager.startTest(ExtentTestManager.java:22)
at com.restfulbooker.apitest.listeners.ExtentTestManager.startTest(ExtentTestManager.java:22)
at com.restfulbooker.apitest.listeners.ExtentTestManager.startTest(ExtentTestManager.java:22)
at com.restfulbooker.apitest.listeners.ExtentTestManager.startTest(ExtentTestManager.java:22)
at com.restfulbooker.apitest.listeners.ExtentTestManager.startTest(ExtentTestManager.java:22)
at com.restfulbooker.apitest.listeners.ExtentTestManager.startTest(ExtentTestManager.java:22)
at com.restfulbooker.apitest.listeners.ExtentTestManager.startTest(ExtentTestManager.java:22)
at com.restfulbooker.apitest.listeners.ExtentTestManager.startTest(ExtentTestManager.java:22)
at com.restfulbooker.apitest.listeners.ExtentTestManager.startTest(ExtentTestManager.java:22)
at com.restfulbooker.apitest.listeners.ExtentTestManager.startTest(ExtentTestManager.java:22)
at com.restfulbooker.apitest.listeners.ExtentTestManager.startTest(ExtentTestManager.java:22)
at com.restfulbooker.apitest.listeners.ExtentTestManager.startTest(ExtentTestManager.java:22)
at com.restfulbooker.apitest.listeners.ExtentTestManager.startTest(ExtentTestManager.java:22)
at com.restfulbooker.apitest.listeners.ExtentTestManager.startTest(ExtentTestManager.java:22)
at com.restfulbooker.apitest.listeners.ExtentTestManager.startTest(ExtentTestManager.java:22)
at com.restfulbooker.apitest.listeners.ExtentTestManager.startTest(ExtentTestManager.java:22)
at com.restfulbooker.apitest.listeners.ExtentTestManager.startTest(ExtentTestManager.java:22)
at com.restfulbooker.apitest.listeners.ExtentTestManager.startTest(ExtentTestManager.java:22)
at com.restfulbooker.apitest.listeners.ExtentTestManager.startTest(ExtentTestManager.java:22)
at com.restfulbooker.apitest.listeners.ExtentTestManager.startTest(ExtentTestManager.java:22)
at com.restfulbooker.apitest.listeners.ExtentTestManager.startTest(ExtentTestManager.java:22)
at com.restfulbooker.apitest.listeners.ExtentTestManager.startTest(ExtentTestManager.java:22)
at com.restfulbooker.apitest.listeners.ExtentTestManager.startTest(ExtentTestManager.java:22)
at com.restfulbooker.apitest.listeners.ExtentTestManager.startTest(ExtentTestManager.java:22)
at com.restfulbooker.apitest.listeners.ExtentTestManager.startTest(ExtentTestManager.java:22)
at com.restfulbooker.apitest.listeners.ExtentTestManager.startTest(ExtentTestManager.java:22)
at com.restfulbooker.apitest.listeners.ExtentTestManager.startTest(ExtentTestManager.java:22)
at com.restfulbooker.apitest.listeners.ExtentTestManager.startTest(ExtentTestManager.java:22)
at com.restfulbooker.apitest.listeners.ExtentTestManager.startTest(ExtentTestManager.java:22)
at com.restfulbooker.apitest.listeners.ExtentTestManager.startTest(ExtentTestManager.java:22)
at com.restfulbooker.apitest.listeners.ExtentTestManager.startTest(ExtentTestManager.java:22)
at com.restfulbooker.apitest.listeners.ExtentTestManager.startTest(ExtentTestManager.java:22)
at com.restfulbooker.apitest.listeners.ExtentTestManager.startTest(ExtentTestManager.java:22)
at com.restfulbooker.apitest.listeners.ExtentTestManager.startTest(ExtentTestManager.java:22)
at com.restfulbooker.apitest.listeners.ExtentTestManager.startTest(ExtentTestManager.java:22)
at com.restfulbooker.apitest.listeners.ExtentTestManager.startTest(ExtentTestManager.java:22)
at com.restfulbooker.apitest.listeners.ExtentTestManager.startTest(ExtentTestManager.java:22)
at com.restfulbooker.apitest.listeners.ExtentTestManager.startTest(ExtentTestManager.java:22)
at com.restfulbooker.apitest.listeners.ExtentTestManager.startTest(ExtentTestManager.java:22)
at com.restfulbooker.apitest.listeners.ExtentTestManager.startTest(ExtentTestManager.java:22)
at com.restfulbooker.apitest.listeners.ExtentTestManager.startTest(ExtentTestManager.java:22)
at com.restfulbooker.apitest.listeners.ExtentTestManager.startTest(ExtentTestManager.java:22)
at com.restfulbooker.apitest.listeners.ExtentTestManager.startTest(ExtentTestManager.java:22)
at com.restfulbooker.apitest.listeners.ExtentTestManager.startTest(ExtentTestManager.java:22)
at com.restfulbooker.apitest.listeners.ExtentTestManager.startTest(ExtentTestManager.java:22)
at com.restfulbooker.apitest.listeners.ExtentTestManager.startTest(ExtentTestManager.java:22)
at com.restfulbooker.apitest.listeners.ExtentTestManager.startTest(ExtentTestManager.java:22)
at com.restfulbooker.apitest.listeners.ExtentTestManager.startTest(ExtentTestManager.java:22)
at com.restfulbooker.apitest.listeners.ExtentTestManager.startTest(ExtentTestManager.java:22)
at com.restfulbooker.apitest.listeners.ExtentTestManager.startTest(ExtentTestManager.java:22)
at com.restfulbooker.apitest.listeners.ExtentTestManager.startTest(ExtentTestManager.java:22)
at com.restfulbooker.apitest.listeners.ExtentTestManager.startTest(ExtentTestManager.java:22)
at com.restfulbooker.apitest.listeners.ExtentTestManager.startTest(ExtentTestManager.java:22)
at com.restfulbooker.apitest.listeners.ExtentTestManager.startTest(ExtentTestManager.java:22)
at com.restfulbooker.apitest.listeners.ExtentTestManager.startTest(ExtentTestManager.java:22)
at com.restfulbooker.apitest.listeners.ExtentTestManager.startTest(ExtentTestManager.java:22)
at com.restfulbooker.apitest.listeners.ExtentTestManager.startTest(ExtentTestManager.java:22)
at com.restfulbooker.apitest.listeners.ExtentTestManager.startTest(ExtentTestManager.java:22)
at com.restfulbooker.apitest.listeners.ExtentTestManager.startTest(ExtentTestManager.java:22)
at com.restfulbooker.apitest.listeners.ExtentTestManager.startTest(ExtentTestManager.java:22)
at com.restfulbooker.apitest.listeners.ExtentTestManager.startTest(ExtentTestManager.java:22)
at com.restfulbooker.apitest.listeners.ExtentTestManager.startTest(ExtentTestManager.java:22)
at com.restfulbooker.apitest.listeners.ExtentTestManager.startTest(ExtentTestManager.java:22)
at com.restfulbooker.apitest.listeners.ExtentTestManager.startTest(ExtentTestManager.java:22)
at com.restfulbooker.apitest.listeners.ExtentTestManager.startTest(ExtentTestManager.java:22)
at com.restfulbooker.apitest.listeners.ExtentTestManager.startTest(ExtentTestManager.java:22)
at com.restfulbooker.apitest.listeners.ExtentTestManager.startTest(ExtentTestManager.java:22)
at com.restfulbooker.apitest.listeners.ExtentTestManager.startTest(ExtentTestManager.java:22)
at com.restfulbooker.apitest.listeners.ExtentTestManager.startTest(ExtentTestManager.java:22)
at com.restfulbooker.apitest.listeners.ExtentTestManager.startTest(ExtentTestManager.java:22)
at com.restfulbooker.apitest.listeners.ExtentTestManager.startTest(ExtentTestManager.java:22)
at com.restfulbooker.apitest.listeners.ExtentTestManager.startTest(ExtentTestManager.java:22)
at com.restfulbooker.apitest.listeners.ExtentTestManager.startTest(ExtentTestManager.java:22)
at com.restfulbooker.apitest.listeners.ExtentTestManager.startTest(ExtentTestManager.java:22)
at com.restfulbooker.apitest.listeners.ExtentTestManager.startTest(ExtentTestManager.java:22)
at com.restfulbooker.apitest.listeners.ExtentTestManager.startTest(ExtentTestManager.java:22)
at com.restfulbooker.apitest.listeners.ExtentTestManager.startTest(ExtentTestManager.java:22)
at com.restfulbooker.apitest.listeners.ExtentTestManager.startTest(ExtentTestManager.java:22)
at com.restfulbooker.apitest.listeners.ExtentTestManager.startTest(ExtentTestManager.java:22)
at com.restfulbooker.apitest.listeners.ExtentTestManager.startTest(ExtentTestManager.java:22)
at com.restfulbooker.apitest.listeners.ExtentTestManager.startTest(ExtentTestManager.java:22)
at com.restfulbooker.apitest.listeners.ExtentTestManager.startTest(ExtentTestManager.java:22)
at com.restfulbooker.apitest.listeners.ExtentTestManager.startTest(ExtentTestManager.java:22)
at com.restfulbooker.apitest.listeners.ExtentTestManager.startTest(ExtentTestManager.java:22)
at com.restfulbooker.apitest.listeners.ExtentTestManager.startTest(ExtentTestManager.java:22)
at com.restfulbooker.apitest.listeners.ExtentTestManager.startTest(ExtentTestManager.java:22)
at com.restfulbooker.apitest.listeners.ExtentTestManager.startTest(ExtentTestManager.java:22)
at com.restfulbooker.apitest.listeners.ExtentTestManager.startTest(ExtentTestManager.java:22)
at com.restfulbooker.apitest.listeners.ExtentTestManager.startTest(ExtentTestManager.java:22)
at com.restfulbooker.apitest.listeners.ExtentTestManager.startTest(ExtentTestManager.java:22)
at com.restfulbooker.apitest.listeners.ExtentTestManager.startTest(ExtentTestManager.java:22)
at com.restfulbooker.apitest.listeners.ExtentTestManager.startTest(ExtentTestManager.java:22)
at com.restfulbooker.apitest.listeners.ExtentTestManager.startTest(ExtentTestManager.java:22)
at com.restfulbooker.apitest.listeners.ExtentTestManager.startTest(ExtentTestManager.java:22)
at com.restfulbooker.apitest.listeners.ExtentTestManager.startTest(ExtentTestManager.java:22)
at com.restfulbooker.apitest.listeners.ExtentTestManager.startTest(ExtentTestManager.java:22)
at com.restfulbooker.apitest.listeners.ExtentTestManager.startTest(ExtentTestManager.java:22)
at com.restfulbooker.apitest.listeners.ExtentTestManager.startTest(ExtentTestManager.java:22)
at com.restfulbooker.apitest.listeners.ExtentTestManager.startTest(ExtentTestManager.java:22)
at com.restfulbooker.apitest.listeners.ExtentTestManager.startTest(ExtentTestManager.java:22)
at com.restfulbooker.apitest.listeners.ExtentTestManager.startTest(ExtentTestManager.java:22)
at com.restfulbooker.apitest.listeners.ExtentTestManager.startTest(ExtentTestManager.java:22)
at com.restfulbooker.apitest.listeners.ExtentTestManager.startTest(ExtentTestManager.java:22)
at com.restfulbooker.apitest.listeners.ExtentTestManager.startTest(ExtentTestManager.java:22)
at com.restfulbooker.apitest.listeners.ExtentTestManager.startTest(ExtentTestManager.java:22)
at com.restfulbooker.apitest.listeners.ExtentTestManager.startTest(ExtentTestManager.java:22)
at com.restfulbooker.apitest.listeners.ExtentTestManager.startTest(ExtentTestManager.java:22)
at com.restfulbooker.apitest.listeners.ExtentTestManager.startTest(ExtentTestManager.java:22)
at com.restfulbooker.apitest.listeners.ExtentTestManager.startTest(ExtentTestManager.java:22)
at com.restfulbooker.apitest.listeners.ExtentTestManager.startTest(ExtentTestManager.java:22)
at com.restfulbooker.apitest.listeners.ExtentTestManager.startTest(ExtentTestManager.java:22)
at com.restfulbooker.apitest.listeners.ExtentTestManager.startTest(ExtentTestManager.java:22)
at com.restfulbooker.apitest.listeners.ExtentTestManager.startTest(ExtentTestManager.java:22)
at com.restfulbooker.apitest.listeners.ExtentTestManager.startTest(ExtentTestManager.java:22)
at com.restfulbooker.apitest.listeners.ExtentTestManager.startTest(ExtentTestManager.java:22)
at com.restfulbooker.apitest.listeners.ExtentTestManager.startTest(ExtentTestManager.java:22)
at com.restfulbooker.apitest.listeners.ExtentTestManager.startTest(ExtentTestManager.java:22)
at com.restfulbooker.apitest.listeners.ExtentTestManager.startTest(ExtentTestManager.java:22)
at com.restfulbooker.apitest.listeners.ExtentTestManager.startTest(ExtentTestManager.java:22)
at com.restfulbooker.apitest.listeners.ExtentTestManager.startTest(ExtentTestManager.java:22)
at com.restfulbooker.apitest.listeners.ExtentTestManager.startTest(ExtentTestManager.java:22)
at com.restfulbooker.apitest.listeners.ExtentTestManager.startTest(ExtentTestManager.java:22)
at com.restfulbooker.apitest.listeners.ExtentTestManager.startTest(ExtentTestManager.java:22)
at com.restfulbooker.apitest.listeners.ExtentTestManager.startTest(ExtentTestManager.java:22)
at com.restfulbooker.apitest.listeners.ExtentTestManager.startTest(ExtentTestManager.java:22)
at com.restfulbooker.apitest.listeners.ExtentTestManager.startTest(ExtentTestManager.java:22)
at com.restfulbooker.apitest.listeners.ExtentTestManager.startTest(ExtentTestManager.java:22)
at com.restfulbooker.apitest.listeners.ExtentTestManager.startTest(ExtentTestManager.java:22)
at com.restfulbooker.apitest.listeners.ExtentTestManager.startTest(ExtentTestManager.java:22)
at com.restfulbooker.apitest.listeners.ExtentTestManager.startTest(ExtentTestManager.java:22)
at com.restfulbooker.apitest.listeners.ExtentTestManager.startTest(ExtentTestManager.java:22)
at com.restfulbooker.apitest.listeners.ExtentTestManager.startTest(ExtentTestManager.java:22)
at com.restfulbooker.apitest.listeners.ExtentTestManager.startTest(ExtentTestManager.java:22)
at com.restfulbooker.apitest.listeners.ExtentTestManager.startTest(ExtentTestManager.java:22)
at com.restfulbooker.apitest.listeners.ExtentTestManager.startTest(ExtentTestManager.java:22)
at com.restfulbooker.apitest.listeners.ExtentTestManager.startTest(ExtentTestManager.java:22)
at com.restfulbooker.apitest.listeners.ExtentTestManager.startTest(ExtentTestManager.java:22)
at com.restfulbooker.apitest.listeners.ExtentTestManager.startTest(ExtentTestManager.java:22)
at com.restfulbooker.apitest.listeners.ExtentTestManager.startTest(ExtentTestManager.java:22)
at com.restfulbooker.apitest.listeners.ExtentTestManager.startTest(ExtentTestManager.java:22)
at com.restfulbooker.apitest.listeners.ExtentTestManager.startTest(ExtentTestManager.java:22)
at com.restfulbooker.apitest.listeners.ExtentTestManager.startTest(ExtentTestManager.java:22)
at com.restfulbooker.apitest.listeners.ExtentTestManager.startTest(ExtentTestManager.java:22)
at com.restfulbooker.apitest.listeners.ExtentTestManager.startTest(ExtentTestManager.java:22)
at com.restfulbooker.apitest.listeners.ExtentTestManager.startTest(ExtentTestManager.java:22)
at com.restfulbooker.apitest.listeners.ExtentTestManager.startTest(ExtentTestManager.java:22)
at com.restfulbooker.apitest.listeners.ExtentTestManager.startTest(ExtentTestManager.java:22)
at com.restfulbooker.apitest.listeners.ExtentTestManager.startTest(ExtentTestManager.java:22)
at com.restfulbooker.apitest.listeners.ExtentTestManager.startTest(ExtentTestManager.java:22)
at com.restfulbooker.apitest.listeners.ExtentTestManager.startTest(ExtentTestManager.java:22)
at com.restfulbooker.apitest.listeners.ExtentTestManager.startTest(ExtentTestManager.java:22)
at com.restfulbooker.apitest.listeners.ExtentTestManager.startTest(ExtentTestManager.java:22)
at com.restfulbooker.apitest.listeners.ExtentTestManager.startTest(ExtentTestManager.java:22)
at com.restfulbooker.apitest.listeners.ExtentTestManager.startTest(ExtentTestManager.java:22)
at com.restfulbooker.apitest.listeners.ExtentTestManager.startTest(ExtentTestManager.java:22)
at com.restfulbooker.apitest.listeners.ExtentTestManager.startTest(ExtentTestManager.java:22)
at com.restfulbooker.apitest.listeners.ExtentTestManager.startTest(ExtentTestManager.java:22)
at com.restfulbooker.apitest.listeners.ExtentTestManager.startTest(ExtentTestManager.java:22)
at com.restfulbooker.apitest.listeners.ExtentTestManager.startTest(ExtentTestManager.java:22)
at com.restfulbooker.apitest.listeners.ExtentTestManager.startTest(ExtentTestManager.java:22)
at com.restfulbooker.apitest.listeners.ExtentTestManager.startTest(ExtentTestManager.java:22)
at com.restfulbooker.apitest.listeners.ExtentTestManager.startTest(ExtentTestManager.java:22)
at com.restfulbooker.apitest.listeners.ExtentTestManager.startTest(ExtentTestManager.java:22)
at com.restfulbooker.apitest.listeners.ExtentTestManager.startTest(ExtentTestManager.java:22)
at com.restfulbooker.apitest.listeners.ExtentTestManager.startTest(ExtentTestManager.java:22)
at com.restfulbooker.apitest.listeners.ExtentTestManager.startTest(ExtentTestManager.java:22)
at com.restfulbooker.apitest.listeners.ExtentTestManager.startTest(ExtentTestManager.java:22)
at com.restfulbooker.apitest.listeners.ExtentTestManager.startTest(ExtentTestManager.java:22)
at com.restfulbooker.apitest.listeners.ExtentTestManager.startTest(ExtentTestManager.java:22)
at com.restfulbooker.apitest.listeners.ExtentTestManager.startTest(ExtentTestManager.java:22)
at com.restfulbooker.apitest.listeners.ExtentTestManager.startTest(ExtentTestManager.java:22)
at com.restfulbooker.apitest.listeners.ExtentTestManager.startTest(ExtentTestManager.java:22)
at com.restfulbooker.apitest.listeners.ExtentTestManager.startTest(ExtentTestManager.java:22)
at com.restfulbooker.apitest.listeners.ExtentTestManager.startTest(ExtentTestManager.java:22)
at com.restfulbooker.apitest.listeners.ExtentTestManager.startTest(ExtentTestManager.java:22)
at com.restfulbooker.apitest.listeners.ExtentTestManager.startTest(ExtentTestManager.java:22)
at com.restfulbooker.apitest.listeners.ExtentTestManager.startTest(ExtentTestManager.java:22)
at com.restfulbooker.apitest.listeners.ExtentTestManager.startTest(ExtentTestManager.java:22)
at com.restfulbooker.apitest.listeners.ExtentTestManager.startTest(ExtentTestManager.java:22)
at com.restfulbooker.apitest.listeners.ExtentTestManager.startTest(ExtentTestManager.java:22)
at com.restfulbooker.apitest.listeners.ExtentTestManager.startTest(ExtentTestManager.java:22)
at com.restfulbooker.apitest.listeners.ExtentTestManager.startTest(ExtentTestManager.java:22)
at com.restfulbooker.apitest.listeners.ExtentTestManager.startTest(ExtentTestManager.java:22)
at com.restfulbooker.apitest.listeners.ExtentTestManager.startTest(ExtentTestManager.java:22)
at com.restfulbooker.apitest.listeners.ExtentTestManager.startTest(ExtentTestManager.java:22)
at com.restfulbooker.apitest.listeners.ExtentTestManager.startTest(ExtentTestManager.java:22)
at com.restfulbooker.apitest.listeners.ExtentTestManager.startTest(ExtentTestManager.java:22)
at com.restfulbooker.apitest.listeners.ExtentTestManager.startTest(ExtentTestManager.java:22)
at com.restfulbooker.apitest.listeners.ExtentTestManager.startTest(ExtentTestManager.java:22)
at com.restfulbooker.apitest.listeners.ExtentTestManager.startTest(ExtentTestManager.java:22)
at com.restfulbooker.apitest.listeners.ExtentTestManager.startTest(ExtentTestManager.java:22)
at com.restfulbooker.apitest.listeners.ExtentTestManager.startTest(ExtentTestManager.java:22)
at com.restfulbooker.apitest.listeners.ExtentTestManager.startTest(ExtentTestManager.java:22)
at com.restfulbooker.apitest.listeners.ExtentTestManager.startTest(ExtentTestManager.java:22)
at com.restfulbooker.apitest.listeners.ExtentTestManager.startTest(ExtentTestManager.java:22)
at com.restfulbooker.apitest.listeners.ExtentTestManager.startTest(ExtentTestManager.java:22)
at com.restfulbooker.apitest.listeners.ExtentTestManager.startTest(ExtentTestManager.java:22)
at com.restfulbooker.apitest.listeners.ExtentTestManager.startTest(ExtentTestManager.java:22)
at com.restfulbooker.apitest.listeners.ExtentTestManager.startTest(ExtentTestManager.java:22)
at com.restfulbooker.apitest.listeners.ExtentTestManager.startTest(ExtentTestManager.java:22)
at com.restfulbooker.apitest.listeners.ExtentTestManager.startTest(ExtentTestManager.java:22)
at com.restfulbooker.apitest.listeners.ExtentTestManager.startTest(ExtentTestManager.java:22)
at com.restfulbooker.apitest.listeners.ExtentTestManager.startTest(ExtentTestManager.java:22)
at com.restfulbooker.apitest.listeners.ExtentTestManager.startTest(ExtentTestManager.java:22)
at com.restfulbooker.apitest.listeners.ExtentTestManager.startTest(ExtentTestManager.java:22)
at com.restfulbooker.apitest.listeners.ExtentTestManager.startTest(ExtentTestManager.java:22)
at com.restfulbooker.apitest.listeners.ExtentTestManager.startTest(ExtentTestManager.java:22)
at com.restfulbooker.apitest.listeners.ExtentTestManager.startTest(ExtentTestManager.java:22)
at com.restfulbooker.apitest.listeners.ExtentTestManager.startTest(ExtentTestManager.java:22)
at com.restfulbooker.apitest.listeners.ExtentTestManager.startTest(ExtentTestManager.java:22)
at com.restfulbooker.apitest.listeners.ExtentTestManager.startTest(ExtentTestManager.java:22)
at com.restfulbooker.apitest.listeners.ExtentTestManager.startTest(ExtentTestManager.java:22)
at com.restfulbooker.apitest.listeners.ExtentTestManager.startTest(ExtentTestManager.java:22)
at com.restfulbooker.apitest.listeners.ExtentTestManager.startTest(ExtentTestManager.java:22)
]]>
            </full-stacktrace>
          </exception> <!-- java.lang.StackOverflowError -->
          <reporter-output>
          </reporter-output>
        </test-method> <!-- validLoginTest -->
      </class> <!-- com.restfulbooker.apitest.Scenarios.LoginTest -->
    </test> <!-- Default test -->
  </suite> <!-- Default suite -->
</testng-results>
